{"/home/usuario/DSI/prct07/src/clases/album.ts":{"path":"/home/usuario/DSI/prct07/src/clases/album.ts","statementMap":{"0":{"start":{"line":2,"column":0},"end":{"line":2,"column":62}},"1":{"start":{"line":3,"column":0},"end":{"line":3,"column":23}},"2":{"start":{"line":4,"column":19},"end":{"line":4,"column":40}},"3":{"start":{"line":11,"column":8},"end":{"line":11,"column":39}},"4":{"start":{"line":12,"column":8},"end":{"line":12,"column":31}},"5":{"start":{"line":13,"column":8},"end":{"line":13,"column":29}},"6":{"start":{"line":14,"column":8},"end":{"line":14,"column":47}},"7":{"start":{"line":15,"column":8},"end":{"line":15,"column":35}},"8":{"start":{"line":16,"column":8},"end":{"line":18,"column":9}},"9":{"start":{"line":17,"column":12},"end":{"line":17,"column":53}},"10":{"start":{"line":19,"column":8},"end":{"line":21,"column":11}},"11":{"start":{"line":20,"column":12},"end":{"line":20,"column":48}},"12":{"start":{"line":28,"column":8},"end":{"line":28,"column":32}},"13":{"start":{"line":35,"column":8},"end":{"line":40,"column":9}},"14":{"start":{"line":36,"column":12},"end":{"line":36,"column":51}},"15":{"start":{"line":39,"column":12},"end":{"line":39,"column":32}},"16":{"start":{"line":47,"column":22},"end":{"line":47,"column":24}},"17":{"start":{"line":48,"column":8},"end":{"line":50,"column":11}},"18":{"start":{"line":49,"column":12},"end":{"line":49,"column":52}},"19":{"start":{"line":51,"column":8},"end":{"line":51,"column":23}},"20":{"start":{"line":58,"column":8},"end":{"line":58,"column":36}},"21":{"start":{"line":65,"column":8},"end":{"line":65,"column":30}},"22":{"start":{"line":72,"column":8},"end":{"line":72,"column":34}},"23":{"start":{"line":79,"column":8},"end":{"line":84,"column":9}},"24":{"start":{"line":80,"column":12},"end":{"line":80,"column":33}},"25":{"start":{"line":83,"column":12},"end":{"line":83,"column":33}},"26":{"start":{"line":91,"column":8},"end":{"line":91,"column":25}},"27":{"start":{"line":92,"column":8},"end":{"line":92,"column":29}},"28":{"start":{"line":99,"column":8},"end":{"line":99,"column":36}},"29":{"start":{"line":106,"column":8},"end":{"line":106,"column":28}},"30":{"start":{"line":107,"column":8},"end":{"line":107,"column":33}},"31":{"start":{"line":110,"column":0},"end":{"line":110,"column":22}}},"fnMap":{"0":{"name":"(anonymous_0)","decl":{"start":{"line":10,"column":4},"end":{"line":10,"column":5}},"loc":{"start":{"line":10,"column":74},"end":{"line":22,"column":5}},"line":10},"1":{"name":"(anonymous_1)","decl":{"start":{"line":19,"column":23},"end":{"line":19,"column":24}},"loc":{"start":{"line":19,"column":34},"end":{"line":21,"column":9}},"line":19},"2":{"name":"(anonymous_2)","decl":{"start":{"line":27,"column":4},"end":{"line":27,"column":5}},"loc":{"start":{"line":27,"column":21},"end":{"line":29,"column":5}},"line":27},"3":{"name":"(anonymous_3)","decl":{"start":{"line":34,"column":4},"end":{"line":34,"column":5}},"loc":{"start":{"line":34,"column":17},"end":{"line":41,"column":5}},"line":34},"4":{"name":"(anonymous_4)","decl":{"start":{"line":46,"column":4},"end":{"line":46,"column":5}},"loc":{"start":{"line":46,"column":16},"end":{"line":52,"column":5}},"line":46},"5":{"name":"(anonymous_5)","decl":{"start":{"line":48,"column":28},"end":{"line":48,"column":29}},"loc":{"start":{"line":48,"column":39},"end":{"line":50,"column":9}},"line":48},"6":{"name":"(anonymous_6)","decl":{"start":{"line":57,"column":4},"end":{"line":57,"column":5}},"loc":{"start":{"line":57,"column":14},"end":{"line":59,"column":5}},"line":57},"7":{"name":"(anonymous_7)","decl":{"start":{"line":64,"column":4},"end":{"line":64,"column":5}},"loc":{"start":{"line":64,"column":19},"end":{"line":66,"column":5}},"line":64},"8":{"name":"(anonymous_8)","decl":{"start":{"line":71,"column":4},"end":{"line":71,"column":5}},"loc":{"start":{"line":71,"column":27},"end":{"line":73,"column":5}},"line":71},"9":{"name":"(anonymous_9)","decl":{"start":{"line":78,"column":4},"end":{"line":78,"column":5}},"loc":{"start":{"line":78,"column":22},"end":{"line":85,"column":5}},"line":78},"10":{"name":"(anonymous_10)","decl":{"start":{"line":90,"column":4},"end":{"line":90,"column":5}},"loc":{"start":{"line":90,"column":22},"end":{"line":93,"column":5}},"line":90},"11":{"name":"(anonymous_11)","decl":{"start":{"line":98,"column":4},"end":{"line":98,"column":5}},"loc":{"start":{"line":98,"column":18},"end":{"line":100,"column":5}},"line":98},"12":{"name":"(anonymous_12)","decl":{"start":{"line":105,"column":4},"end":{"line":105,"column":5}},"loc":{"start":{"line":105,"column":26},"end":{"line":108,"column":5}},"line":105}},"branchMap":{"0":{"loc":{"start":{"line":16,"column":8},"end":{"line":18,"column":9}},"type":"if","locations":[{"start":{"line":16,"column":8},"end":{"line":18,"column":9}},{"start":{"line":16,"column":8},"end":{"line":18,"column":9}}],"line":16},"1":{"loc":{"start":{"line":35,"column":8},"end":{"line":40,"column":9}},"type":"if","locations":[{"start":{"line":35,"column":8},"end":{"line":40,"column":9}},{"start":{"line":35,"column":8},"end":{"line":40,"column":9}}],"line":35},"2":{"loc":{"start":{"line":79,"column":8},"end":{"line":84,"column":9}},"type":"if","locations":[{"start":{"line":79,"column":8},"end":{"line":84,"column":9}},{"start":{"line":79,"column":8},"end":{"line":84,"column":9}}],"line":79}},"s":{"0":1,"1":1,"2":1,"3":15,"4":15,"5":15,"6":15,"7":15,"8":15,"9":9,"10":15,"11":22,"12":3,"13":2,"14":1,"15":1,"16":1,"17":1,"18":2,"19":1,"20":1,"21":1,"22":1,"23":2,"24":1,"25":1,"26":1,"27":1,"28":1,"29":1,"30":1,"31":1},"f":{"0":15,"1":22,"2":3,"3":2,"4":1,"5":2,"6":1,"7":1,"8":1,"9":2,"10":1,"11":1,"12":1},"b":{"0":[9,6],"1":[1,1],"2":[1,1]},"inputSourceMap":{"version":3,"file":"/home/usuario/DSI/prct07/src/clases/album.ts","sources":["/home/usuario/DSI/prct07/src/clases/album.ts"],"names":[],"mappings":";;;AACA,yCAAyD;AAuBzD;;GAEG;AACH,MAAa,KAAK;IAMjB,iCAAiC;IAEjC,YAAY,WAAmB,EAAE,OAA0B,EAAE,MAA0B,EACtF,eAAuB,EAAE,SAAoB;QAC5C,IAAI,CAAC,WAAW,GAAG,WAAW,CAAC;QAC/B,IAAI,CAAC,OAAO,GAAG,OAAO,CAAC;QACvB,IAAI,CAAC,MAAM,GAAG,MAAM,CAAC;QACrB,IAAI,CAAC,eAAe,GAAG,eAAe,CAAC;QACvC,IAAI,CAAC,SAAS,GAAG,SAAS,CAAC;QAC3B,IAAG,OAAO,YAAY,mBAAQ,EAAC;YAC9B,OAAO,CAAC,cAAc,CAAC,IAAI,CAAC,WAAW,CAAC,CAAC;SACzC;QACD,MAAM,CAAC,OAAO,CAAC,OAAO,CAAC,EAAE;YACxB,OAAO,CAAC,cAAc,CAAC,WAAW,CAAC,CAAC;QACrC,CAAC,CAAC,CAAC;IACJ,CAAC;IAIF;;;OAGG;IACH,cAAc;QACb,OAAO,IAAI,CAAC,WAAW,CAAA;IACxB,CAAC;IACD;;;OAGG;IACH,UAAU;QACT,IAAI,IAAI,CAAC,OAAO,YAAY,mBAAQ,EAAC;YACpC,OAAO,IAAI,CAAC,OAAO,CAAC,gBAAgB,EAAE,CAAC;SACvC;aAAM;YACN,OAAO,IAAI,CAAC,OAAO,CAAC;SACpB;IACF,CAAC;IACD;;;OAGG;IACH,SAAS;QACR,IAAI,OAAO,GAAa,EAAE,CAAC;QAC3B,IAAI,CAAC,MAAM,CAAC,OAAO,CAAC,OAAO,CAAC,EAAE;YAC7B,OAAO,CAAC,IAAI,CAAC,OAAO,CAAC,eAAe,EAAE,CAAC,CAAC;QACzC,CAAC,CAAC,CAAC;QACH,OAAO,OAAO,CAAC;IAChB,CAAC;IAED;;;OAGG;IACH,OAAO;QACN,OAAO,IAAI,CAAC,eAAe,CAAC;IAC7B,CAAC;IAED;;;OAGG;IACH,YAAY;QACX,OAAO,IAAI,CAAC,SAAS,CAAC;IACvB,CAAC;IAED;;;OAGG;IACH,cAAc,CAAC,MAAc;QAC5B,IAAI,CAAC,WAAW,GAAG,MAAM,CAAC;IAC3B,CAAC;IAED;;;OAGG;IACH,UAAU,CAAC,KAAwB;QAClC,IAAI,KAAK,YAAY,mBAAQ,EAAC;YAC7B,IAAI,CAAC,OAAO,GAAG,KAAK,CAAC;SACrB;aAAM;YACN,IAAI,CAAC,OAAO,GAAG,KAAK,CAAC;SACrB;IAEF,CAAC;IAED;;;OAGG;IACH,SAAS,CAAC,MAA0B;QACnC,IAAI,CAAC,MAAM,GAAG,EAAE,CAAC;QACf,IAAI,CAAC,MAAM,GAAG,MAAM,CAAC;IACxB,CAAC;IAED;;;OAGG;IACH,OAAO,CAAC,IAAY;QACnB,IAAI,CAAC,eAAe,GAAG,IAAI,CAAC;IAC7B,CAAC;IAED;;;OAGG;IACH,YAAY,CAAC,OAAkB;QAC9B,IAAI,CAAC,SAAS,GAAG,EAAE,CAAC;QACpB,IAAI,CAAC,SAAS,GAAG,OAAO,CAAC;IAC1B,CAAC;CAED;AAtHD,sBAsHC","sourcesContent":["import { Cancion, CancionInterface } from \"./cancion\";\nimport { Artistas, ArtistasInterface } from \"./artistas\";\nimport { GenerosMusicales } from \"./generosMusicales\";\n\n/**\n * TRABAJO GRUPO L\n * @class Album contiene las especificaciones de los\n * distintos álbumes\n * @param nombreAlbum del album\n * @param autores autor del album (artista o grupo)\n * @param genero array de GenerosMusicales\n * @param yearPublicacion año de publicación del album\n * @param canciones array de Cancion\n */\n/**\n * Interfaz AlbumInterface\n */\nexport interface AlbumInterface {\n\tnombreAlbum: string,\n\tautores: string | ArtistasInterface,\n\tgenero: GenerosMusicales[],\n\tyearPublicacion: number,\n\tcanciones: CancionInterface[]\n}\n/**\n * Clase Album\n */\nexport class Album {\n  private nombreAlbum: string;\n\tprivate autores: string | Artistas;\n\tprivate genero: GenerosMusicales[];\n\tprivate yearPublicacion: number;\n\tprivate canciones: Cancion[];\n\t//public anioGrupo: number[] = []\n\n\tconstructor(nombreAlbum: string, autores: string | Artistas, genero: GenerosMusicales[],\n\t\tyearPublicacion: number, canciones: Cancion[]){\n\t\t\tthis.nombreAlbum = nombreAlbum;\n\t\t\tthis.autores = autores;\n\t\t\tthis.genero = genero;\n\t\t\tthis.yearPublicacion = yearPublicacion;\n\t\t\tthis.canciones = canciones;\n\t\t\tif(autores instanceof Artistas){\n\t\t\t\tautores.autoSetAlbumes(this.nombreAlbum);\n\t\t\t}\n\t\t\tgenero.forEach(element => {\n\t\t\t\telement.autoSetAlbumes(nombreAlbum);\n\t\t\t});\n\t\t}\n\n\n\n\t/**\n\t * Getter del nombre del album\n\t * @returns nombre del album\n\t */\n\tgetNombreAlbum(){\n\t\treturn this.nombreAlbum\n\t}\n\t/**\n\t * Getter de autor del album\n\t * @returns el nombre del grupo o el nombre del artista\n\t */\n\tgetAutores(){\n\t\tif (this.autores instanceof Artistas){\n\t\t\treturn this.autores.getNombreArtista();\n\t\t} else {\n\t\t\treturn this.autores;\n\t\t}\n\t}\n\t/**\n\t * Getter de los géneros musicales del album\n\t * @returns géneros musicales del album\n\t */\n\tgetGenero(){\n\t\tlet generos: string[] = [];\n\t\tthis.genero.forEach(element => {\n\t\t\tgeneros.push(element.getNombreGenero());\n\t\t});\n\t\treturn generos;\n\t}\n\n\t/**\n\t * Getter del año de publicación del album\n\t * @returns año de publicación\n\t */\n\tgetYear(){\n\t\treturn this.yearPublicacion;\n\t}\n\n\t/**\n\t * Getter del nombre de las canciones del album\n\t * @returns nombre de las canciones\n\t */\n\tgetCanciones(){\n\t\treturn this.canciones;\n\t}\n\n\t/**\n\t * Setter del nombre del album\n\t * @param nombre del album\n\t */\n\tsetNombreAlbum(nombre: string){\n\t\tthis.nombreAlbum = nombre;\n\t}\n\n\t/**\n\t * Setter del autor del album\n\t * @param autor del album que puede ser un grupo o un artista\n\t */\n\tsetAutores(autor: string | Artistas){\n\t\tif (autor instanceof Artistas){\n\t\t\tthis.autores = autor;\n\t\t} else {\n\t\t\tthis.autores = autor;\n\t\t}\n\t\t\n\t}\n\n\t/**\n\t * Setter de los géneros musicales del album\n\t * @param genero musicales del album\n\t */\n\tsetGenero(genero: GenerosMusicales[]){\n\t\tthis.genero = [];\n    this.genero = genero;\n\t}\n\n\t/**\n\t * Setter del año de publicación del album\n\t * @param year de publicación\n\t */\n\tsetYear(year: number){\n\t\tthis.yearPublicacion = year;\n\t}\n\n\t/**\n\t * Setter de las canciones del album\n\t * @param cancion del (album array de canciones)\n\t */\n\tsetCanciones(cancion: Cancion[]){\n\t\tthis.canciones = [];\n\t\tthis.canciones = cancion;\n\t}\n\t\n}"]},"_coverageSchema":"1a1c01bbd47fc00a2c39e90264f33305004495a9","hash":"421c7979afad69f160f731ba0219dec8851bfa75","contentHash":"ef2d102fc570273b34bc3c3d88d2fa227d0582a6b1c1c98615d5e60a8ef4ec57"},"/home/usuario/DSI/prct07/src/clases/artistas.ts":{"path":"/home/usuario/DSI/prct07/src/clases/artistas.ts","statementMap":{"0":{"start":{"line":2,"column":0},"end":{"line":2,"column":62}},"1":{"start":{"line":3,"column":0},"end":{"line":3,"column":26}},"2":{"start":{"line":9,"column":8},"end":{"line":9,"column":25}},"3":{"start":{"line":10,"column":8},"end":{"line":10,"column":26}},"4":{"start":{"line":11,"column":8},"end":{"line":11,"column":26}},"5":{"start":{"line":12,"column":8},"end":{"line":12,"column":28}},"6":{"start":{"line":13,"column":8},"end":{"line":13,"column":30}},"7":{"start":{"line":14,"column":8},"end":{"line":14,"column":43}},"8":{"start":{"line":24,"column":8},"end":{"line":24,"column":35}},"9":{"start":{"line":25,"column":8},"end":{"line":25,"column":33}},"10":{"start":{"line":27,"column":8},"end":{"line":42,"column":11}},"11":{"start":{"line":28,"column":12},"end":{"line":28,"column":53}},"12":{"start":{"line":29,"column":12},"end":{"line":41,"column":15}},"13":{"start":{"line":30,"column":31},"end":{"line":30,"column":32}},"14":{"start":{"line":31,"column":16},"end":{"line":35,"column":17}},"15":{"start":{"line":31,"column":29},"end":{"line":31,"column":30}},"16":{"start":{"line":32,"column":20},"end":{"line":34,"column":21}},"17":{"start":{"line":33,"column":24},"end":{"line":33,"column":35}},"18":{"start":{"line":36,"column":16},"end":{"line":39,"column":17}},"19":{"start":{"line":37,"column":20},"end":{"line":37,"column":48}},"20":{"start":{"line":38,"column":20},"end":{"line":38,"column":33}},"21":{"start":{"line":40,"column":16},"end":{"line":40,"column":29}},"22":{"start":{"line":43,"column":8},"end":{"line":45,"column":11}},"23":{"start":{"line":44,"column":12},"end":{"line":44,"column":56}},"24":{"start":{"line":52,"column":8},"end":{"line":52,"column":34}},"25":{"start":{"line":59,"column":8},"end":{"line":59,"column":27}},"26":{"start":{"line":77,"column":23},"end":{"line":77,"column":25}},"27":{"start":{"line":78,"column":8},"end":{"line":80,"column":11}},"28":{"start":{"line":79,"column":12},"end":{"line":79,"column":53}},"29":{"start":{"line":81,"column":8},"end":{"line":81,"column":24}},"30":{"start":{"line":88,"column":8},"end":{"line":88,"column":28}},"31":{"start":{"line":95,"column":25},"end":{"line":95,"column":27}},"32":{"start":{"line":96,"column":8},"end":{"line":98,"column":11}},"33":{"start":{"line":97,"column":12},"end":{"line":97,"column":56}},"34":{"start":{"line":99,"column":8},"end":{"line":99,"column":26}},"35":{"start":{"line":106,"column":25},"end":{"line":106,"column":27}},"36":{"start":{"line":107,"column":8},"end":{"line":109,"column":11}},"37":{"start":{"line":108,"column":12},"end":{"line":108,"column":37}},"38":{"start":{"line":110,"column":8},"end":{"line":110,"column":26}},"39":{"start":{"line":117,"column":8},"end":{"line":117,"column":28}},"40":{"start":{"line":124,"column":8},"end":{"line":124,"column":34}},"41":{"start":{"line":131,"column":8},"end":{"line":131,"column":36}},"42":{"start":{"line":138,"column":8},"end":{"line":138,"column":25}},"43":{"start":{"line":139,"column":8},"end":{"line":139,"column":28}},"44":{"start":{"line":146,"column":8},"end":{"line":146,"column":32}},"45":{"start":{"line":147,"column":8},"end":{"line":147,"column":39}},"46":{"start":{"line":154,"column":8},"end":{"line":154,"column":26}},"47":{"start":{"line":155,"column":8},"end":{"line":155,"column":30}},"48":{"start":{"line":162,"column":8},"end":{"line":162,"column":28}},"49":{"start":{"line":163,"column":8},"end":{"line":163,"column":33}},"50":{"start":{"line":170,"column":8},"end":{"line":170,"column":26}},"51":{"start":{"line":171,"column":8},"end":{"line":173,"column":9}},"52":{"start":{"line":171,"column":21},"end":{"line":171,"column":22}},"53":{"start":{"line":172,"column":12},"end":{"line":172,"column":57}},"54":{"start":{"line":180,"column":8},"end":{"line":180,"column":26}},"55":{"start":{"line":181,"column":8},"end":{"line":181,"column":29}},"56":{"start":{"line":188,"column":8},"end":{"line":188,"column":33}},"57":{"start":{"line":195,"column":30},"end":{"line":195,"column":31}},"58":{"start":{"line":196,"column":8},"end":{"line":198,"column":9}},"59":{"start":{"line":196,"column":21},"end":{"line":196,"column":22}},"60":{"start":{"line":197,"column":12},"end":{"line":197,"column":76}},"61":{"start":{"line":199,"column":8},"end":{"line":199,"column":31}},"62":{"start":{"line":202,"column":0},"end":{"line":202,"column":28}}},"fnMap":{"0":{"name":"(anonymous_0)","decl":{"start":{"line":8,"column":4},"end":{"line":8,"column":5}},"loc":{"start":{"line":8,"column":31},"end":{"line":15,"column":5}},"line":8},"1":{"name":"(anonymous_1)","decl":{"start":{"line":23,"column":4},"end":{"line":23,"column":5}},"loc":{"start":{"line":23,"column":41},"end":{"line":46,"column":5}},"line":23},"2":{"name":"(anonymous_2)","decl":{"start":{"line":27,"column":31},"end":{"line":27,"column":32}},"loc":{"start":{"line":27,"column":42},"end":{"line":42,"column":9}},"line":27},"3":{"name":"(anonymous_3)","decl":{"start":{"line":29,"column":39},"end":{"line":29,"column":40}},"loc":{"start":{"line":29,"column":51},"end":{"line":41,"column":13}},"line":29},"4":{"name":"(anonymous_4)","decl":{"start":{"line":43,"column":29},"end":{"line":43,"column":30}},"loc":{"start":{"line":43,"column":40},"end":{"line":45,"column":9}},"line":43},"5":{"name":"(anonymous_5)","decl":{"start":{"line":51,"column":4},"end":{"line":51,"column":5}},"loc":{"start":{"line":51,"column":23},"end":{"line":53,"column":5}},"line":51},"6":{"name":"(anonymous_6)","decl":{"start":{"line":58,"column":4},"end":{"line":58,"column":5}},"loc":{"start":{"line":58,"column":16},"end":{"line":60,"column":5}},"line":58},"7":{"name":"(anonymous_7)","decl":{"start":{"line":76,"column":4},"end":{"line":76,"column":5}},"loc":{"start":{"line":76,"column":17},"end":{"line":82,"column":5}},"line":76},"8":{"name":"(anonymous_8)","decl":{"start":{"line":78,"column":29},"end":{"line":78,"column":30}},"loc":{"start":{"line":78,"column":40},"end":{"line":80,"column":9}},"line":78},"9":{"name":"(anonymous_9)","decl":{"start":{"line":87,"column":4},"end":{"line":87,"column":5}},"loc":{"start":{"line":87,"column":17},"end":{"line":89,"column":5}},"line":87},"10":{"name":"(anonymous_10)","decl":{"start":{"line":94,"column":4},"end":{"line":94,"column":5}},"loc":{"start":{"line":94,"column":19},"end":{"line":100,"column":5}},"line":94},"11":{"name":"(anonymous_11)","decl":{"start":{"line":96,"column":31},"end":{"line":96,"column":32}},"loc":{"start":{"line":96,"column":42},"end":{"line":98,"column":9}},"line":96},"12":{"name":"(anonymous_12)","decl":{"start":{"line":105,"column":4},"end":{"line":105,"column":5}},"loc":{"start":{"line":105,"column":25},"end":{"line":111,"column":5}},"line":105},"13":{"name":"(anonymous_13)","decl":{"start":{"line":107,"column":31},"end":{"line":107,"column":32}},"loc":{"start":{"line":107,"column":42},"end":{"line":109,"column":9}},"line":107},"14":{"name":"(anonymous_14)","decl":{"start":{"line":116,"column":4},"end":{"line":116,"column":5}},"loc":{"start":{"line":116,"column":17},"end":{"line":118,"column":5}},"line":116},"15":{"name":"(anonymous_15)","decl":{"start":{"line":123,"column":4},"end":{"line":123,"column":5}},"loc":{"start":{"line":123,"column":19},"end":{"line":125,"column":5}},"line":123},"16":{"name":"(anonymous_16)","decl":{"start":{"line":130,"column":4},"end":{"line":130,"column":5}},"loc":{"start":{"line":130,"column":29},"end":{"line":132,"column":5}},"line":130},"17":{"name":"(anonymous_17)","decl":{"start":{"line":137,"column":4},"end":{"line":137,"column":5}},"loc":{"start":{"line":137,"column":21},"end":{"line":140,"column":5}},"line":137},"18":{"name":"(anonymous_18)","decl":{"start":{"line":145,"column":4},"end":{"line":145,"column":5}},"loc":{"start":{"line":145,"column":34},"end":{"line":148,"column":5}},"line":145},"19":{"name":"(anonymous_19)","decl":{"start":{"line":153,"column":4},"end":{"line":153,"column":5}},"loc":{"start":{"line":153,"column":23},"end":{"line":156,"column":5}},"line":153},"20":{"name":"(anonymous_20)","decl":{"start":{"line":161,"column":4},"end":{"line":161,"column":5}},"loc":{"start":{"line":161,"column":26},"end":{"line":164,"column":5}},"line":161},"21":{"name":"(anonymous_21)","decl":{"start":{"line":169,"column":4},"end":{"line":169,"column":5}},"loc":{"start":{"line":169,"column":22},"end":{"line":174,"column":5}},"line":169},"22":{"name":"(anonymous_22)","decl":{"start":{"line":179,"column":4},"end":{"line":179,"column":5}},"loc":{"start":{"line":179,"column":23},"end":{"line":182,"column":5}},"line":179},"23":{"name":"(anonymous_23)","decl":{"start":{"line":187,"column":4},"end":{"line":187,"column":5}},"loc":{"start":{"line":187,"column":26},"end":{"line":189,"column":5}},"line":187},"24":{"name":"(anonymous_24)","decl":{"start":{"line":194,"column":4},"end":{"line":194,"column":5}},"loc":{"start":{"line":194,"column":24},"end":{"line":200,"column":5}},"line":194}},"branchMap":{"0":{"loc":{"start":{"line":32,"column":20},"end":{"line":34,"column":21}},"type":"if","locations":[{"start":{"line":32,"column":20},"end":{"line":34,"column":21}},{"start":{"line":32,"column":20},"end":{"line":34,"column":21}}],"line":32},"1":{"loc":{"start":{"line":36,"column":16},"end":{"line":39,"column":17}},"type":"if","locations":[{"start":{"line":36,"column":16},"end":{"line":39,"column":17}},{"start":{"line":36,"column":16},"end":{"line":39,"column":17}}],"line":36}},"s":{"0":1,"1":1,"2":41,"3":41,"4":41,"5":41,"6":41,"7":41,"8":41,"9":41,"10":41,"11":112,"12":112,"13":138,"14":138,"15":138,"16":158,"17":82,"18":138,"19":56,"20":56,"21":138,"22":41,"23":56,"24":3,"25":2,"26":1,"27":1,"28":2,"29":1,"30":1,"31":1,"32":1,"33":2,"34":1,"35":0,"36":0,"37":0,"38":0,"39":1,"40":71,"41":1,"42":2,"43":2,"44":27,"45":27,"46":1,"47":1,"48":1,"49":1,"50":1,"51":1,"52":1,"53":1,"54":0,"55":0,"56":9,"57":42,"58":42,"59":42,"60":28,"61":42,"62":1},"f":{"0":41,"1":41,"2":112,"3":138,"4":56,"5":3,"6":2,"7":1,"8":2,"9":1,"10":1,"11":2,"12":0,"13":0,"14":1,"15":71,"16":1,"17":2,"18":27,"19":1,"20":1,"21":1,"22":0,"23":9,"24":42},"b":{"0":[82,76],"1":[56,82]},"inputSourceMap":{"version":3,"file":"/home/usuario/DSI/prct07/src/clases/artistas.ts","sources":["/home/usuario/DSI/prct07/src/clases/artistas.ts"],"names":[],"mappings":";;;AA4BA;;GAEG;AACH,MAAa,QAAQ;IASpB,YAAY,aAAqB;QAPzB,WAAM,GAAa,EAAE,CAAC;QACtB,YAAO,GAAuB,EAAE,CAAC;QACjC,YAAO,GAAa,EAAE,CAAC;QACvB,cAAS,GAAc,EAAE,CAAC;QAE3B,gBAAW,GAAa,EAAE,CAAC;QAGjC,IAAI,CAAC,aAAa,GAAG,aAAa,CAAC;IACpC,CAAC;IACD;;;;;;OAMG;IACH,gBAAgB,CAAC,SAAoB,EAAE,OAAe;QAErD,IAAI,CAAC,SAAS,GAAG,SAAS,CAAC;QAC3B,IAAI,CAAC,UAAU,CAAC,OAAO,CAAC,CAAC;QACzB,IAAI,kBAAsC,CAAC;QAC3C,IAAI,CAAC,SAAS,CAAC,OAAO,CAAC,OAAO,CAAC,EAAE;YAEhC,kBAAkB,GAAG,OAAO,CAAC,SAAS,EAAE,CAAC;YACzC,kBAAkB,CAAC,OAAO,CAAC,QAAQ,CAAC,EAAE;gBACrC,IAAI,QAAQ,GAAW,CAAC,CAAC;gBACzB,KAAI,IAAI,CAAC,GAAG,CAAC,EAAE,CAAC,GAAG,IAAI,CAAC,OAAO,CAAC,MAAM,EAAE,CAAC,EAAE,EAAC;oBAC3C,IAAI,QAAQ,KAAK,IAAI,CAAC,OAAO,CAAC,CAAC,CAAC,EAAC;wBAChC,QAAQ,EAAE,CAAC;qBACX;iBACD;gBACD,IAAI,QAAQ,KAAK,CAAC,EAAC;oBAClB,IAAI,CAAC,OAAO,CAAC,IAAI,CAAC,QAAQ,CAAC,CAAC;oBAC5B,QAAQ,GAAG,CAAC,CAAC;iBACb;gBACD,QAAQ,GAAG,CAAC,CAAC;YACd,CAAC,CAAC,CAAC;QACJ,CAAC,CAAC,CAAC;QACH,IAAI,CAAC,OAAO,CAAC,OAAO,CAAC,OAAO,CAAC,EAAE;YAC9B,OAAO,CAAC,eAAe,CAAC,IAAI,CAAC,aAAa,CAAC,CAAC;QAC7C,CAAC,CAAC,CAAC;IACJ,CAAC;IACD;;;OAGG;IACH,gBAAgB;QACf,OAAO,IAAI,CAAC,aAAa,CAAC;IAC3B,CAAC;IAED;;;OAGG;IACH,SAAS;QAER,OAAO,IAAI,CAAC,MAAM,CAAC;IACpB,CAAC;IAEA;;;GAGE;IACF;;;;;;OAMG;IAEJ;;;OAGG;IACH,UAAU;QACT,IAAI,QAAQ,GAAa,EAAE,CAAC;QACtB,IAAI,CAAC,OAAO,CAAC,OAAO,CAAC,OAAO,CAAC,EAAE;YAC3B,QAAQ,CAAC,IAAI,CAAC,OAAO,CAAC,eAAe,EAAE,CAAC,CAAC;QAC7C,CAAC,CAAC,CAAC;QACH,OAAO,QAAQ,CAAC;IACvB,CAAC;IAED;;;OAGG;IACH,UAAU;QAET,OAAO,IAAI,CAAC,OAAO,CAAC;IACrB,CAAC;IAID;;;OAGG;IACH,YAAY;QACX,IAAI,UAAU,GAAa,EAAE,CAAC;QAC5B,IAAI,CAAC,SAAS,CAAC,OAAO,CAAC,OAAO,CAAC,EAAE;YAC/B,UAAU,CAAC,IAAI,CAAC,OAAO,CAAC,gBAAgB,EAAE,CAAC,CAAC;QAC9C,CAAC,CAAC,CAAC;QACL,OAAO,UAAU,CAAC;IACnB,CAAC;IAED;;;OAGG;IACF,kBAAkB;QAClB,IAAI,UAAU,GAAc,EAAE,CAAC;QAC/B,IAAI,CAAC,SAAS,CAAC,OAAO,CAAC,OAAO,CAAC,EAAE;YAChC,UAAU,CAAC,IAAI,CAAC,OAAO,CAAC,CAAC;QAC1B,CAAC,CAAC,CAAC;QACH,OAAO,UAAU,CAAC;IACnB,CAAC;IAED;;;OAGG;IACH,UAAU;QACT,OAAO,IAAI,CAAC,OAAO,CAAC;IACrB,CAAC;IAED;;;OAGG;IACH,YAAY;QACX,OAAO,IAAI,CAAC,MAAM,CAAC,MAAM,CAAC;IAC3B,CAAC;IAED;;;OAGG;IACH,gBAAgB,CAAC,MAAc;QAC9B,IAAI,CAAC,aAAa,GAAG,MAAM,CAAC;IAC7B,CAAC;IAED;;;OAGG;IACH,SAAS,CAAC,KAAe;QACxB,IAAI,CAAC,MAAM,GAAG,EAAE,CAAA;QAChB,IAAI,CAAC,MAAM,GAAG,KAAK,CAAC;IACrB,CAAC;IACD;;;GAGE;IACD,aAAa,CAAC,KAAa,EAAE,OAAe;QAC5C,IAAI,CAAC,MAAM,CAAC,IAAI,CAAC,KAAK,CAAC,CAAC;QACxB,IAAI,CAAC,WAAW,CAAC,IAAI,CAAC,OAAO,CAAC,CAAC;IAChC,CAAC;IAED;;;OAGG;IACH,UAAU,CAAC,MAA0B;QACpC,IAAI,CAAC,OAAO,GAAG,EAAE,CAAC;QAChB,IAAI,CAAC,OAAO,GAAG,MAAM,CAAC;IACzB,CAAC;IAED;;;OAGG;IACH,YAAY,CAAC,OAAkB;QAC/B,IAAI,CAAC,SAAS,GAAG,EAAE,CAAC;QACnB,IAAI,CAAC,SAAS,GAAG,OAAO,CAAC;IAC1B,CAAC;IACD;;;OAGG;IACF,UAAU,CAAC,KAAc;QACzB,IAAI,CAAC,OAAO,GAAG,EAAE,CAAC;QAClB,KAAI,IAAI,CAAC,GAAW,CAAC,EAAE,CAAC,GAAG,KAAK,CAAC,MAAM,EAAE,CAAC,EAAE,EAAC;YAC5C,IAAI,CAAC,OAAO,CAAC,IAAI,CAAC,KAAK,CAAC,CAAC,CAAC,CAAC,cAAc,EAAE,CAAC,CAAC;SAC7C;IAEF,CAAC;IACD;;;OAGG;IACF,WAAW,CAAC,KAAe;QAC3B,IAAI,CAAC,OAAO,GAAG,EAAE,CAAC;QAClB,IAAI,CAAC,OAAO,GAAG,KAAK,CAAC;IAEtB,CAAC;IACA;;;GAGE;IACD,cAAc,CAAC,KAAa;QAC5B,IAAI,CAAC,OAAO,CAAC,IAAI,CAAC,KAAK,CAAC,CAAC;IAC1B,CAAC;IAEF;;;OAGG;IACH,UAAU,CAAC,OAAe;QACzB,IAAI,eAAe,GAAW,CAAC,CAAC;QAChC,KAAI,IAAI,CAAC,GAAW,CAAC,EAAE,CAAC,GAAG,IAAI,CAAC,YAAY,EAAE,EAAE,CAAC,EAAE,EAAE;YACpD,eAAe,GAAG,eAAe,GAAG,MAAM,CAAC,IAAI,CAAC,WAAW,CAAC,CAAC,CAAC,CAAC,CAAC;SAChE;QACD,IAAI,CAAC,OAAO,GAAG,OAAO,CAAC;IACxB,CAAC;CAgBD;AAzOD,4BAyOC","sourcesContent":["import { Cancion, CancionInterface } from \"./cancion\";\nimport { Grupos } from \"./grupos\";\nimport { Album, AlbumInterface } from \"./album\";\nimport { GenerosMusicales } from \"./generosMusicales\";\n\n/**\n * TRABAJO GRUPO L\n * @class Artistas contiene las especificaciones de los\n * distintos artistas\n * @param nombreArtista nombre del artista\n * @param grupos array de Grupos \n * @param generos array de GenerosMusicales\n * @param albumes array de Album\n * @param canciones array de Cancion\n * @param oyentes número de oyentes \n */\n/**\n * Interfaz ArtistasInterface\n */\n export interface ArtistasInterface {\n\tnombreArtista: string,\n\tgrupos: Grupos[],\n\tgeneros: GenerosMusicales[],\n\talbumes: AlbumInterface[],\n\tcanciones: CancionInterface[],\n\toyentes: number,\n\toyentegrupo: number[];\n}\n/**\n * Clase Artistas\n */\nexport class Artistas {\n\tprivate nombreArtista: string;\n\tprivate grupos: string[] = [];\n\tprivate generos: GenerosMusicales[] = [];\n\tprivate albumes: string[] = [];\n\tprivate canciones: Cancion[] = [];\n\tprivate oyentes: number;\n\tpublic oyentegrupo: number[] = [];\n\n\tconstructor(nombreArtista: string){\n\t\tthis.nombreArtista = nombreArtista;\n\t}\n\t/**\n/**\n\t * @function construirArtista Método para inicializar las propiedades restantes de\n\t * la clase Artista\n\t * @param canciones canciones del artista\n\t * @param oyentes oyentes del artista\n\t */\n\tconstruirArtista(canciones: Cancion[], oyentes: number){\n\t\n\t\tthis.canciones = canciones;\n\t\tthis.setOyentes(oyentes);\n\t\tlet auxGeneroCanciones: GenerosMusicales[];\n\t\tthis.canciones.forEach(element => {\n\t\t\t\n\t\t\tauxGeneroCanciones = element.getGenero();\n\t\t\tauxGeneroCanciones.forEach(elemento => {\n\t\t\t\tlet contador: number = 0;\n\t\t\t\tfor(let i = 0; i < this.generos.length; i++){\n\t\t\t\t\tif (elemento === this.generos[i]){\n\t\t\t\t\t\tcontador++;\n\t\t\t\t\t}\n\t\t\t\t}\n\t\t\t\tif (contador === 0){\n\t\t\t\t\tthis.generos.push(elemento);\t\t\t\t\t\n\t\t\t\t\tcontador = 0;\n\t\t\t\t}\t\n\t\t\t\tcontador = 0;\n\t\t\t});\n\t\t});\n\t\tthis.generos.forEach(element => {\n\t\t\telement.autoSetArtistas(this.nombreArtista);\n\t\t});\n\t}\n\t/**\n\t * Getter del nombre del artista\n\t * @returns nombre del artista\n\t */\n\tgetNombreArtista(){\n\t\treturn this.nombreArtista;\n\t}\n\n\t/**\n\t * Getter de los nombres grupos del artista\n\t * @returns grupos del artista\n\t */\n\tgetGrupos(){\n\t\t\n\t\treturn this.grupos;\n\t}\n\n\t\t/**\n\t * Getter de los grupos del artista\n\t * @returns grupos del artista\n\t */\n\t\t/* getGruposObject(){\n\t\t\tlet grupos_: Grupos[] = [];\n\t\t\t\t\tthis.grupos.forEach(element => {\n\t\t\t\t\t\t\tgrupos_.push(element);\n\t\t\t\t\t});\n\t\t\treturn grupos_;\n\t\t}*/\n\n\t/**\n\t * Getter de los géneros musicales \n\t * @returns géneros musicales\n\t */\n\tgetGeneros(){\n\t\tlet generos_: string[] = [];\n        this.generos.forEach(element => {\n            generos_.push(element.getNombreGenero());\n        });\n        return generos_;\n\t}\n\n\t/**\n\t * Getter de los nombres de los albumes del artista\n\t * @returns albumes\n\t */\n\tgetAlbumes(){\n\t\t\n\t\treturn this.albumes;\n\t}\n\n\t \n\n\t/**\n\t * Getter de los nombres de las canciones del artista\n\t * @returns canciones del artista\n\t */\n\tgetCanciones(){\n\t\tlet canciones_: string[] = [];\n    this.canciones.forEach(element => {\n      canciones_.push(element.getNombreCancion());\n    }); \n\t\treturn canciones_;\n\t}\n\n\t/**\n\t * Getter de las canciones del artista\n\t * @returns canciones del artista\n\t */\n\t\tgetCancionesObject(){\n\t\tlet canciones_: Cancion[] = [];\n\t\tthis.canciones.forEach(element => {\n\t\t\tcanciones_.push(element);\n\t\t}); \n\t\treturn canciones_;\n\t}\n\n\t/**\n\t * Getter del número de oyentes del artista\n\t * @returns oyentes del artista\n\t */\n\tgetOyentes(){\n\t\treturn this.oyentes;\n\t}\n\n\t/**\n\t * Getter del numero de grupos al que pertenece el artista\n\t * @returns el tamaño del atributo grupo\n\t */\n\tgetGrupoSize(){\n\t\treturn this.grupos.length;\n\t}\n\n\t/**\n\t * Setter del nombre del artista\n\t * @param nombre del artista\n\t */\n\tsetNombreArtista(nombre: string){\n\t\tthis.nombreArtista = nombre;\n\t}\n\n\t/**\n\t * Setter del nombre del grupo\n\t * @param grupo del artista\n\t */\n\tsetGrupos(grupo: string[]){\n\t\tthis.grupos = []\n\t\tthis.grupos = grupo;\n\t}\n\t/**\n * Setter del grupo que invoca al artista\n * @param grupo del artista\n */\n\t\tautoSetGrupos(grupo: string, oyentes: number){\n\t\tthis.grupos.push(grupo);\n\t\tthis.oyentegrupo.push(oyentes);\n\t}\n\n\t/**\n\t * Setter del genero del artista\n\t * @param genero del artista\n\t */\n\tsetGeneros(genero: GenerosMusicales[]){\n\t\tthis.generos = [];\n    this.generos = genero;\n\t}\n\n\t/**\n\t * Setter de las canciones del artista\n\t * @param cancion del artista\n\t */\n\tsetCanciones(cancion: Cancion[]){\n\tthis.canciones = [];\n\t\tthis.canciones = cancion;\n\t}\n\t/**\n\t * Setter de los albumes del artista\n\t * @param album del artista\n\t */\n\t setAlbumes(album: Album[]){\n\t\tthis.albumes = [];\n\t\tfor(let i: number = 0; i < album.length; i++){\n\t\t\tthis.albumes.push(album[i].getNombreAlbum());\n\t\t}\n\t\t\n\t}\n\t/**\n\t * Setter de los albumes del artista\n\t * @param album del artista\n\t */\n\t setAlbumes_(album: string[]){\n\t\tthis.albumes = [];\n\t\tthis.albumes = album;\n\t\t\n\t}\n\t\t/**\n\t * Setter de los albumes del artista que rellenan a un artista en la clase album\n\t * @param album del artista\n\t */\n\t\t autoSetAlbumes(album: string){\n\t\t\tthis.albumes.push(album);\n\t\t}\n\n\t/**\n\t * Setter de los oyentes \n\t * @param oyentes mensuales\n\t */\n\tsetOyentes(oyentes: number) {\n\t\tlet oyentesgrupales: number = 0;\n\t\tfor(let i: number = 0; i < this.getGrupoSize(); i++) {\n\t\t\toyentesgrupales = oyentesgrupales + Number(this.oyentegrupo[i]);\n\t\t}\n\t\tthis.oyentes = oyentes;\n\t}\n/*\tpublic static deserialize(cancion: Artistas[]){\n\t\tconst myCanciones: Artistas[] = [];\n\n\t\tcancion.forEach((element) => {\n\t\t\t\tconst myCancion = new Artistas(element.getNombreArtista());\n\t\t\t\tmyCancion.setAlbumes_(element.getAlbumes());\n\t\t\t\tmyCancion.setGrupos(element.getGrupos());\n\t\t\t\tmyCancion.setGeneros(element.generos);\n\t\t\t\tmyCancion.setOyentes(element.oyentes);\n\t\t\t\tmyCancion.setCanciones(element.canciones);\n\t\t\t\tmyCanciones.push(myCancion);\n\t\t});\n\n\t\treturn myCanciones;\n}*/\n}"]},"_coverageSchema":"1a1c01bbd47fc00a2c39e90264f33305004495a9","hash":"ddcefafa3248a505bdca7bbcc33ad52f8680fad4","contentHash":"5486c964a8c0408b8500237fb7d646af2edee4d91541a0e98945d0476d81e7d1"},"/home/usuario/DSI/prct07/src/clases/cancion.ts":{"path":"/home/usuario/DSI/prct07/src/clases/cancion.ts","statementMap":{"0":{"start":{"line":2,"column":0},"end":{"line":2,"column":62}},"1":{"start":{"line":3,"column":0},"end":{"line":3,"column":25}},"2":{"start":{"line":12,"column":8},"end":{"line":12,"column":29}},"3":{"start":{"line":13,"column":8},"end":{"line":13,"column":27}},"4":{"start":{"line":14,"column":8},"end":{"line":14,"column":33}},"5":{"start":{"line":15,"column":8},"end":{"line":15,"column":29}},"6":{"start":{"line":16,"column":8},"end":{"line":16,"column":29}},"7":{"start":{"line":17,"column":8},"end":{"line":17,"column":51}},"8":{"start":{"line":18,"column":8},"end":{"line":20,"column":11}},"9":{"start":{"line":19,"column":12},"end":{"line":19,"column":45}},"10":{"start":{"line":27,"column":8},"end":{"line":27,"column":27}},"11":{"start":{"line":34,"column":8},"end":{"line":34,"column":26}},"12":{"start":{"line":41,"column":8},"end":{"line":41,"column":29}},"13":{"start":{"line":48,"column":19},"end":{"line":48,"column":68}},"14":{"start":{"line":49,"column":19},"end":{"line":49,"column":91}},"15":{"start":{"line":50,"column":8},"end":{"line":50,"column":50}},"16":{"start":{"line":53,"column":8},"end":{"line":53,"column":27}},"17":{"start":{"line":60,"column":22},"end":{"line":60,"column":24}},"18":{"start":{"line":61,"column":8},"end":{"line":63,"column":11}},"19":{"start":{"line":62,"column":12},"end":{"line":62,"column":52}},"20":{"start":{"line":64,"column":8},"end":{"line":64,"column":23}},"21":{"start":{"line":71,"column":8},"end":{"line":71,"column":27}},"22":{"start":{"line":78,"column":8},"end":{"line":78,"column":38}},"23":{"start":{"line":85,"column":8},"end":{"line":85,"column":29}},"24":{"start":{"line":92,"column":8},"end":{"line":92,"column":27}},"25":{"start":{"line":99,"column":8},"end":{"line":99,"column":33}},"26":{"start":{"line":106,"column":8},"end":{"line":106,"column":25}},"27":{"start":{"line":107,"column":8},"end":{"line":107,"column":29}},"28":{"start":{"line":114,"column":8},"end":{"line":114,"column":29}},"29":{"start":{"line":121,"column":8},"end":{"line":121,"column":48}},"30":{"start":{"line":124,"column":28},"end":{"line":124,"column":30}},"31":{"start":{"line":125,"column":8},"end":{"line":129,"column":11}},"32":{"start":{"line":126,"column":30},"end":{"line":126,"column":200}},"33":{"start":{"line":128,"column":12},"end":{"line":128,"column":40}},"34":{"start":{"line":130,"column":8},"end":{"line":130,"column":27}},"35":{"start":{"line":133,"column":0},"end":{"line":133,"column":26}}},"fnMap":{"0":{"name":"(anonymous_0)","decl":{"start":{"line":11,"column":4},"end":{"line":11,"column":5}},"loc":{"start":{"line":11,"column":76},"end":{"line":21,"column":5}},"line":11},"1":{"name":"(anonymous_1)","decl":{"start":{"line":18,"column":23},"end":{"line":18,"column":24}},"loc":{"start":{"line":18,"column":34},"end":{"line":20,"column":9}},"line":18},"2":{"name":"(anonymous_2)","decl":{"start":{"line":26,"column":4},"end":{"line":26,"column":5}},"loc":{"start":{"line":26,"column":23},"end":{"line":28,"column":5}},"line":26},"3":{"name":"(anonymous_3)","decl":{"start":{"line":33,"column":4},"end":{"line":33,"column":5}},"loc":{"start":{"line":33,"column":22},"end":{"line":35,"column":5}},"line":33},"4":{"name":"(anonymous_4)","decl":{"start":{"line":40,"column":4},"end":{"line":40,"column":5}},"loc":{"start":{"line":40,"column":25},"end":{"line":42,"column":5}},"line":40},"5":{"name":"(anonymous_5)","decl":{"start":{"line":47,"column":4},"end":{"line":47,"column":5}},"loc":{"start":{"line":47,"column":29},"end":{"line":51,"column":5}},"line":47},"6":{"name":"(anonymous_6)","decl":{"start":{"line":52,"column":4},"end":{"line":52,"column":5}},"loc":{"start":{"line":52,"column":16},"end":{"line":54,"column":5}},"line":52},"7":{"name":"(anonymous_7)","decl":{"start":{"line":59,"column":4},"end":{"line":59,"column":5}},"loc":{"start":{"line":59,"column":23},"end":{"line":65,"column":5}},"line":59},"8":{"name":"(anonymous_8)","decl":{"start":{"line":61,"column":28},"end":{"line":61,"column":29}},"loc":{"start":{"line":61,"column":39},"end":{"line":63,"column":9}},"line":61},"9":{"name":"(anonymous_9)","decl":{"start":{"line":70,"column":4},"end":{"line":70,"column":5}},"loc":{"start":{"line":70,"column":16},"end":{"line":72,"column":5}},"line":70},"10":{"name":"(anonymous_10)","decl":{"start":{"line":77,"column":4},"end":{"line":77,"column":5}},"loc":{"start":{"line":77,"column":27},"end":{"line":79,"column":5}},"line":77},"11":{"name":"(anonymous_11)","decl":{"start":{"line":84,"column":4},"end":{"line":84,"column":5}},"loc":{"start":{"line":84,"column":29},"end":{"line":86,"column":5}},"line":84},"12":{"name":"(anonymous_12)","decl":{"start":{"line":91,"column":4},"end":{"line":91,"column":5}},"loc":{"start":{"line":91,"column":27},"end":{"line":93,"column":5}},"line":91},"13":{"name":"(anonymous_13)","decl":{"start":{"line":98,"column":4},"end":{"line":98,"column":5}},"loc":{"start":{"line":98,"column":33},"end":{"line":100,"column":5}},"line":98},"14":{"name":"(anonymous_14)","decl":{"start":{"line":105,"column":4},"end":{"line":105,"column":5}},"loc":{"start":{"line":105,"column":29},"end":{"line":108,"column":5}},"line":105},"15":{"name":"(anonymous_15)","decl":{"start":{"line":113,"column":4},"end":{"line":113,"column":5}},"loc":{"start":{"line":113,"column":22},"end":{"line":115,"column":5}},"line":113},"16":{"name":"(anonymous_16)","decl":{"start":{"line":120,"column":4},"end":{"line":120,"column":5}},"loc":{"start":{"line":120,"column":41},"end":{"line":122,"column":5}},"line":120},"17":{"name":"(anonymous_17)","decl":{"start":{"line":123,"column":4},"end":{"line":123,"column":5}},"loc":{"start":{"line":123,"column":32},"end":{"line":131,"column":5}},"line":123},"18":{"name":"(anonymous_18)","decl":{"start":{"line":125,"column":24},"end":{"line":125,"column":25}},"loc":{"start":{"line":125,"column":37},"end":{"line":129,"column":9}},"line":125}},"branchMap":{},"s":{"0":1,"1":1,"2":50,"3":50,"4":50,"5":50,"6":50,"7":50,"8":50,"9":65,"10":4,"11":1,"12":1,"13":31,"14":31,"15":31,"16":137,"17":1,"18":1,"19":2,"20":1,"21":1,"22":1,"23":1,"24":1,"25":1,"26":1,"27":1,"28":1,"29":1,"30":0,"31":0,"32":0,"33":0,"34":0,"35":1},"f":{"0":50,"1":65,"2":4,"3":1,"4":1,"5":31,"6":137,"7":1,"8":2,"9":1,"10":1,"11":1,"12":1,"13":1,"14":1,"15":1,"16":1,"17":0,"18":0},"b":{},"inputSourceMap":{"version":3,"file":"/home/usuario/DSI/prct07/src/clases/cancion.ts","sources":["/home/usuario/DSI/prct07/src/clases/cancion.ts"],"names":[],"mappings":";;;AAsBA,MAAa,OAAO;IAChB;;;;;wCAKoC;IACpC,YAAoB,MAAc,EAAU,KAAa,EAAU,QAAgB,EAC3E,MAA0B,EAAU,MAAe,EAAU,iBAAyB;QAD1E,WAAM,GAAN,MAAM,CAAQ;QAAU,UAAK,GAAL,KAAK,CAAQ;QAAU,aAAQ,GAAR,QAAQ,CAAQ;QAC3E,WAAM,GAAN,MAAM,CAAoB;QAAU,WAAM,GAAN,MAAM,CAAS;QAAU,sBAAiB,GAAjB,iBAAiB,CAAQ;QAC1F,MAAM,CAAC,OAAO,CAAC,OAAO,CAAC,EAAE;YAC9B,OAAO,CAAC,gBAAgB,CAAC,MAAM,CAAC,CAAC;QAClC,CAAC,CAAC,CAAC;IACD,CAAC;IAED;;;OAGG;IACH,gBAAgB;QACZ,OAAO,IAAI,CAAC,MAAM,CAAC;IACvB,CAAC;IAED;;;OAGG;IACH,eAAe;QACX,OAAO,IAAI,CAAC,KAAK,CAAC;IACtB,CAAC;IAED;;;OAGG;IACH,kBAAkB;QACd,OAAO,IAAI,CAAC,QAAQ,CAAC;IACzB,CAAC;IACD;;;OAGG;IACH,sBAAsB;QAClB,IAAI,IAAI,GAAW,IAAI,CAAC,QAAQ,CAAC,KAAK,CAAC,CAAC,EAAE,IAAI,CAAC,QAAQ,CAAC,MAAM,CAAC,GAAG,CAAC,CAAC,CAAC;QACrE,IAAI,IAAI,GAAW,IAAI,CAAC,QAAQ,CAAC,KAAK,CAAC,IAAI,CAAC,QAAQ,CAAC,MAAM,CAAC,GAAG,CAAC,GAAG,CAAC,EAAE,IAAI,CAAC,QAAQ,CAAC,MAAM,CAAC,CAAC;QAC5F,OAAO,CAAC,MAAM,CAAC,IAAI,CAAC,GAAG,MAAM,CAAC,IAAI,CAAC,GAAG,EAAE,CAAC,CAAC;IAC9C,CAAC;IACD,SAAS;QACL,OAAO,IAAI,CAAC,MAAM,CAAC;IACvB,CAAC;IACD;;;OAGG;IACH,gBAAgB;QACZ,IAAI,OAAO,GAAa,EAAE,CAAC;QAC3B,IAAI,CAAC,MAAM,CAAC,OAAO,CAAC,OAAO,CAAC,EAAE;YAC1B,OAAO,CAAC,IAAI,CAAC,OAAO,CAAC,eAAe,EAAE,CAAC,CAAC;QAC5C,CAAC,CAAC,CAAC;QACH,OAAO,OAAO,CAAC;IACnB,CAAC;IAED;;;OAGG;IACH,SAAS;QACL,OAAO,IAAI,CAAC,MAAM,CAAC;IACvB,CAAC;IAED;;;OAGG;IACH,oBAAoB;QAChB,OAAO,IAAI,CAAC,iBAAiB,CAAC;IAClC,CAAC;IAED;;;OAGG;IACH,gBAAgB,CAAC,MAAc;QAC3B,IAAI,CAAC,MAAM,GAAG,MAAM,CAAC;IACzB,CAAC;IAED;;;OAGG;IACH,eAAe,CAAC,KAAa;QACzB,IAAI,CAAC,KAAK,GAAG,KAAK,CAAC;IACvB,CAAC;IAED;;;OAGG;IACH,kBAAkB,CAAC,QAAgB;QAC/B,IAAI,CAAC,QAAQ,GAAG,QAAQ,CAAC;IAC7B,CAAC;IAED;;;OAGG;IACH,gBAAgB,CAAC,MAA0B;QACxC,IAAI,CAAC,MAAM,GAAG,EAAE,CAAC;QAChB,IAAI,CAAC,MAAM,GAAG,MAAM,CAAC;IACzB,CAAC;IAED;;;OAGG;IACH,SAAS,CAAC,MAAe;QACrB,IAAI,CAAC,MAAM,GAAG,MAAM,CAAC;IACzB,CAAC;IAED;;;OAGG;IACH,oBAAoB,CAAC,cAAsB;QACvC,IAAI,CAAC,iBAAiB,GAAG,cAAc,CAAC;IAC5C,CAAC;IAEM,MAAM,CAAC,WAAW,CAAC,OAAkB;QACxC,MAAM,WAAW,GAAc,EAAE,CAAC;QAElC,OAAO,CAAC,OAAO,CAAC,CAAC,OAAO,EAAE,EAAE;YACxB,MAAM,SAAS,GAAG,IAAI,OAAO,CAAC,OAAO,CAAC,gBAAgB,EAAE,EAAE,OAAO,CAAC,eAAe,EAAE,EAAE,OAAO,CAAC,kBAAkB,EAAE,EACjH,OAAO,CAAC,SAAS,EAAE,EAAE,OAAO,CAAC,SAAS,EAAE,EAAE,OAAO,CAAC,oBAAoB,EAAE,CAAC,CAAC;YAC1E,iCAAiC;YACjC,WAAW,CAAC,IAAI,CAAC,SAAS,CAAC,CAAC;QAChC,CAAC,CAAC,CAAC;QAEH,OAAO,WAAW,CAAC;IACvB,CAAC;CAYA;AArJL,0BAqJK","sourcesContent":["import { GenerosMusicales } from \"./generosMusicales\";\n\n/**\n * TRABAJO GRUPO L\n * @class Cancion contiene las especificaciones de las\n * distintas canciones\n * @param nombre nombre de la canción\n * @param autor nombre del autor de la canción \n * @param duracion duración de la canción\n * @param genero tipo GenerosMusicales de la canción\n * @param single boolean si es single o no\n * @param numReproducciones número de reproducciones de la canción\n */\n\nexport interface CancionInterface{\n    nombre: string,\n    autor: string,\n    duracion: string,\n    genero: GenerosMusicales[],\n    single: boolean,\n    numReproducciones: number\n}\nexport class Cancion{\n    /*private nombre: string;\n    private autor: string;\n    private duracion: number;\n    private genero: GenerosMusicales;\n    private single: boolean;\n    private numReproducciones: number;*/\n    constructor(private nombre: string, private autor: string, private duracion: string, \n    private genero: GenerosMusicales[], private single: boolean, private numReproducciones: number){\n        genero.forEach(element => {\n\t\t\telement.autoSetCanciones(nombre);\n\t\t});\n    }\n\n    /**\n     * Getter del nombre de la canción\n     * @returns nombre de la canción\n     */\n    getNombreCancion(){\n        return this.nombre;\n    }\n\n    /**\n     * Getter del autor de la canción\n     * @returns autor de la canción\n     */\n    getAutorCancion(){\n        return this.autor;\n    }\n\n    /**\n     * Getter de la duración de la canción\n     * @returns duración de la canción\n     */\n    getDuracionCancion(){\n        return this.duracion;\n    }\n    /**\n     * Getter de la duración de la canción en segundos \n     * @returns segundos de la duración en Number\n     */\n    getDuracionCancionSecs(){\n        let auxm: string = this.duracion.slice(0, this.duracion.search(':'));\n        let auxs: string = this.duracion.slice(this.duracion.search(\":\") + 1, this.duracion.length);\n        return (Number(auxs) + Number(auxm) * 60);\n    }\n    getGenero(){\n        return this.genero;\n    }\n    /**\n     * Getter de los géneros musicales\n     * @returns géneros musicales\n     */\n    getGeneroMusical(){\n        let generos: string[] = [];\n        this.genero.forEach(element => {\n            generos.push(element.getNombreGenero());\n        });\n        return generos;\n    }\n\n    /**\n     * Getter de si una canción es un single o no\n     * @returns si es un single o no\n     */\n    getSingle(){\n        return this.single;\n    }\n\n    /**\n     * Getter número de reproducciones de una canción\n     * @returns número de reproducciones de una canción\n     */\n    getNumReproducciones(){\n        return this.numReproducciones;\n    }\n\n    /**\n     * Setter del nombre de la canción\n     * @param nombre de la canción\n     */\n    setNombreCancion(nombre: string){\n        this.nombre = nombre;\n    }\n\n    /**\n     * Setter del nombre del autor de la canción\n     * @param autor de la canción\n     */\n    setAutorCancion(autor: string){\n        this.autor = autor;\n    }\n\n    /**\n     * Setter de la duración de la canción\n     * @param duracion de la canción\n     */\n    setDuracionCancion(duracion: string){\n        this.duracion = duracion;\n    }\n\n    /**\n     * Setter de los géneros musicales\n     * @param genero array de generos musicales\n     */\n    setGeneroMusical(genero: GenerosMusicales[]){\n       this.genero = [];\n        this.genero = genero;\n    }\n\n    /**\n     * Setter de si la canción es un single o no\n     * @param single o no\n     */\n    setSingle(single: boolean){\n        this.single = single;\n    }\n\n    /**\n     * Setter del número de reproducciones de una canción\n     * @param reproducciones de una canción\n     */\n    setNumReproducciones(reproducciones: number){\n        this.numReproducciones = reproducciones;\n    }\n\n    public static deserialize(cancion: Cancion[]){\n        const myCanciones: Cancion[] = [];\n    \n        cancion.forEach((element) => {\n            const myCancion = new Cancion(element.getNombreCancion(), element.getAutorCancion(), element.getDuracionCancion(),\n            element.getGenero(), element.getSingle(), element.getNumReproducciones());\n            //myCancion.setGeneroMusical([]);\n            myCanciones.push(myCancion);\n        });\n    \n        return myCanciones;\n    }\n    /*public static deserialize(canciones: Cancion[]): Cancion[]{\n        const mySongs: Cancion[] = [];\n\n    canciones.forEach((song) => {\n      const mySong = new Cancion(song.getNombreCancion(), song.getAutorCancion(), song.getDuracionCancion(), song.genero, song.single, song.numReproducciones );\n      mySong.setGeneroMusical([]);\n      mySongs.push(mySong);\n    });\n\n    return mySongs;\n  }*/\n    }\n\n"]},"_coverageSchema":"1a1c01bbd47fc00a2c39e90264f33305004495a9","hash":"e456684c6288dd083fb0c6d63dbfedd237506e59","contentHash":"45204b48e99149ed9859f8b023cf93513d358fa746dd31ff3165ad7c6048c5cd"},"/home/usuario/DSI/prct07/src/clases/generosMusicales.ts":{"path":"/home/usuario/DSI/prct07/src/clases/generosMusicales.ts","statementMap":{"0":{"start":{"line":2,"column":0},"end":{"line":2,"column":62}},"1":{"start":{"line":3,"column":0},"end":{"line":3,"column":34}},"2":{"start":{"line":6,"column":8},"end":{"line":6,"column":25}},"3":{"start":{"line":7,"column":8},"end":{"line":7,"column":27}},"4":{"start":{"line":8,"column":8},"end":{"line":8,"column":26}},"5":{"start":{"line":9,"column":8},"end":{"line":9,"column":28}},"6":{"start":{"line":10,"column":8},"end":{"line":10,"column":41}},"7":{"start":{"line":17,"column":8},"end":{"line":17,"column":33}},"8":{"start":{"line":24,"column":8},"end":{"line":24,"column":27}},"9":{"start":{"line":31,"column":8},"end":{"line":31,"column":29}},"10":{"start":{"line":38,"column":8},"end":{"line":38,"column":28}},"11":{"start":{"line":45,"column":8},"end":{"line":45,"column":30}},"12":{"start":{"line":52,"column":8},"end":{"line":52,"column":35}},"13":{"start":{"line":59,"column":8},"end":{"line":59,"column":25}},"14":{"start":{"line":60,"column":8},"end":{"line":60,"column":28}},"15":{"start":{"line":67,"column":8},"end":{"line":67,"column":32}},"16":{"start":{"line":74,"column":8},"end":{"line":74,"column":27}},"17":{"start":{"line":75,"column":8},"end":{"line":75,"column":32}},"18":{"start":{"line":82,"column":8},"end":{"line":82,"column":36}},"19":{"start":{"line":89,"column":8},"end":{"line":89,"column":26}},"20":{"start":{"line":90,"column":8},"end":{"line":90,"column":29}},"21":{"start":{"line":97,"column":8},"end":{"line":97,"column":33}},"22":{"start":{"line":104,"column":8},"end":{"line":104,"column":28}},"23":{"start":{"line":105,"column":8},"end":{"line":105,"column":33}},"24":{"start":{"line":112,"column":8},"end":{"line":112,"column":37}},"25":{"start":{"line":115,"column":0},"end":{"line":115,"column":44}}},"fnMap":{"0":{"name":"(anonymous_0)","decl":{"start":{"line":5,"column":4},"end":{"line":5,"column":5}},"loc":{"start":{"line":5,"column":30},"end":{"line":11,"column":5}},"line":5},"1":{"name":"(anonymous_1)","decl":{"start":{"line":16,"column":4},"end":{"line":16,"column":5}},"loc":{"start":{"line":16,"column":22},"end":{"line":18,"column":5}},"line":16},"2":{"name":"(anonymous_2)","decl":{"start":{"line":23,"column":4},"end":{"line":23,"column":5}},"loc":{"start":{"line":23,"column":16},"end":{"line":25,"column":5}},"line":23},"3":{"name":"(anonymous_3)","decl":{"start":{"line":30,"column":4},"end":{"line":30,"column":5}},"loc":{"start":{"line":30,"column":18},"end":{"line":32,"column":5}},"line":30},"4":{"name":"(anonymous_4)","decl":{"start":{"line":37,"column":4},"end":{"line":37,"column":5}},"loc":{"start":{"line":37,"column":17},"end":{"line":39,"column":5}},"line":37},"5":{"name":"(anonymous_5)","decl":{"start":{"line":44,"column":4},"end":{"line":44,"column":5}},"loc":{"start":{"line":44,"column":19},"end":{"line":46,"column":5}},"line":44},"6":{"name":"(anonymous_6)","decl":{"start":{"line":51,"column":4},"end":{"line":51,"column":5}},"loc":{"start":{"line":51,"column":28},"end":{"line":53,"column":5}},"line":51},"7":{"name":"(anonymous_7)","decl":{"start":{"line":58,"column":4},"end":{"line":58,"column":5}},"loc":{"start":{"line":58,"column":21},"end":{"line":61,"column":5}},"line":58},"8":{"name":"(anonymous_8)","decl":{"start":{"line":66,"column":4},"end":{"line":66,"column":5}},"loc":{"start":{"line":66,"column":25},"end":{"line":68,"column":5}},"line":66},"9":{"name":"(anonymous_9)","decl":{"start":{"line":73,"column":4},"end":{"line":73,"column":5}},"loc":{"start":{"line":73,"column":25},"end":{"line":76,"column":5}},"line":73},"10":{"name":"(anonymous_10)","decl":{"start":{"line":81,"column":4},"end":{"line":81,"column":5}},"loc":{"start":{"line":81,"column":29},"end":{"line":83,"column":5}},"line":81},"11":{"name":"(anonymous_11)","decl":{"start":{"line":88,"column":4},"end":{"line":88,"column":5}},"loc":{"start":{"line":88,"column":22},"end":{"line":91,"column":5}},"line":88},"12":{"name":"(anonymous_12)","decl":{"start":{"line":96,"column":4},"end":{"line":96,"column":5}},"loc":{"start":{"line":96,"column":26},"end":{"line":98,"column":5}},"line":96},"13":{"name":"(anonymous_13)","decl":{"start":{"line":103,"column":4},"end":{"line":103,"column":5}},"loc":{"start":{"line":103,"column":26},"end":{"line":106,"column":5}},"line":103},"14":{"name":"(anonymous_14)","decl":{"start":{"line":111,"column":4},"end":{"line":111,"column":5}},"loc":{"start":{"line":111,"column":30},"end":{"line":113,"column":5}},"line":111}},"branchMap":{},"s":{"0":1,"1":1,"2":10,"3":10,"4":10,"5":10,"6":10,"7":11,"8":1,"9":1,"10":1,"11":1,"12":1,"13":1,"14":1,"15":8,"16":1,"17":1,"18":56,"19":1,"20":1,"21":22,"22":1,"23":1,"24":65,"25":1},"f":{"0":10,"1":11,"2":1,"3":1,"4":1,"5":1,"6":1,"7":1,"8":8,"9":1,"10":56,"11":1,"12":22,"13":1,"14":65},"b":{},"inputSourceMap":{"version":3,"file":"/home/usuario/DSI/prct07/src/clases/generosMusicales.ts","sources":["/home/usuario/DSI/prct07/src/clases/generosMusicales.ts"],"names":[],"mappings":";;;AAqBA,MAAa,gBAAgB;IAO5B,YAAY,YAAoB;QALxB,WAAM,GAAa,EAAE,CAAC;QACtB,aAAQ,GAAa,EAAE,CAAC;QACxB,YAAO,GAAa,EAAE,CAAC;QACvB,cAAS,GAAa,EAAE,CAAC;QAGhC,IAAI,CAAC,YAAY,GAAG,YAAY,CAAC;IAClC,CAAC;IACD;;;OAGG;IACH,eAAe;QACd,OAAO,IAAI,CAAC,YAAY,CAAC;IAC1B,CAAC;IAED;;;OAGG;IACH,SAAS;QACR,OAAO,IAAI,CAAC,MAAM,CAAC;IACpB,CAAC;IAED;;;OAGG;IACH,WAAW;QACV,OAAO,IAAI,CAAC,QAAQ,CAAC;IACtB,CAAC;IAED;;;OAGG;IACH,UAAU;QACT,OAAO,IAAI,CAAC,OAAO,CAAC;IACrB,CAAC;IAED;;;OAGG;IACH,YAAY;QACX,OAAO,IAAI,CAAC,SAAS,CAAC;IACvB,CAAC;IAED;;;OAGG;IACH,eAAe,CAAC,MAAc;QAC7B,IAAI,CAAC,YAAY,GAAG,MAAM,CAAC;IAC5B,CAAC;IAED;;;OAGG;IACF,SAAS,CAAC,KAAe;QACzB,IAAI,CAAC,MAAM,GAAG,EAAE,CAAC;QACjB,IAAI,CAAC,MAAM,GAAG,KAAK,CAAC;IACrB,CAAC;IACD;;;OAGG;IACH,aAAa,CAAC,KAAa;QAC1B,IAAI,CAAC,MAAM,CAAC,IAAI,CAAC,KAAK,CAAC,CAAC;IACzB,CAAC;IAED;;;OAGG;IACH,WAAW,CAAC,OAAiB;QAC5B,IAAI,CAAC,QAAQ,GAAG,EAAE,CAAC;QACnB,IAAI,CAAC,QAAQ,GAAG,OAAO,CAAC;IACzB,CAAC;IACD;;;OAGG;IACF,eAAe,CAAC,OAAe;QAC/B,IAAI,CAAC,QAAQ,CAAC,IAAI,CAAC,OAAO,CAAC,CAAC;IAC7B,CAAC;IAED;;;OAGG;IACH,UAAU,CAAC,KAAe;QACzB,IAAI,CAAC,OAAO,GAAG,EAAE,CAAC;QAClB,IAAI,CAAC,OAAO,GAAG,KAAK,CAAC;IACtB,CAAC;IACD;;;OAGG;IACF,cAAc,CAAC,KAAa;QAC5B,IAAI,CAAC,OAAO,CAAC,IAAI,CAAC,KAAK,CAAC,CAAC;IAC1B,CAAC;IAED;;;OAGG;IACH,YAAY,CAAC,OAAiB;QAC7B,IAAI,CAAC,SAAS,GAAG,EAAE,CAAC;QACpB,IAAI,CAAC,SAAS,GAAG,OAAO,CAAC;IAC1B,CAAC;IACA;;;GAGE;IACD,gBAAgB,CAAC,OAAe;QAChC,IAAI,CAAC,SAAS,CAAC,IAAI,CAAC,OAAO,CAAC,CAAC;IAC9B,CAAC;CAoBF;AA5ID,4CA4IC","sourcesContent":["import { GruposInterface } from \"./grupos\";\nimport { ArtistasInterface } from \"./artistas\";\nimport { AlbumInterface } from \"./album\";\n\n/**\n * TRABAJO GRUPO L\n * @class GenerosMusicales contiene las especificaciones de los\n * distintos géneros musicales\n * @param nombreGenero nombre del género musical\n * @param grupos array de Grupos \n * @param artistas array de Artistas\n * @param albumes array de Album\n * @param canciones array de Cancion\n */\nexport interface GenerosMusicalesInterface{\n\tnombreGenero: string,\n\tgrupos: GruposInterface[],\n\tartistas: ArtistasInterface[],\n\talbumes: AlbumInterface[],\n\tcanciones: string[]\n}\nexport class GenerosMusicales {\n\tprivate nombreGenero: string;\n\tprivate grupos: string[] = [];\n\tprivate artistas: string[] = [];\n\tprivate albumes: string[] = [];\n\tprivate canciones: string[] = [];\n\n\tconstructor(nombreGenero: string){\n\t\tthis.nombreGenero = nombreGenero;\n\t}\n\t/**\n\t * Getter nombre del género musical\n\t * @returns género musical\n\t */\n\tgetNombreGenero(){\n\t\treturn this.nombreGenero;\n\t}\n\n\t/**\n\t * Getter de los grupos \n\t * @returns grupos\n\t */\n\tgetGrupos(){\n\t\treturn this.grupos;\n\t}\n\n\t/**\n\t * Getter de los artistas\n\t * @returns artistas\n\t */\n\tgetArtistas(){\n\t\treturn this.artistas;\n\t}\n\n\t/**\n\t * Getter de los albumes\n\t * @returns albumes\n\t */\n\tgetAlbumes(){\n\t\treturn this.albumes;\n\t}\n\n\t/**\n\t * Getter de las canciones\n\t * @returns canciones\n\t */\n\tgetCanciones(){\n\t\treturn this.canciones;\n\t}\n\n\t/**\n\t * Setter del nombre de los géneros musicales\n\t * @param nombre de los géneros musicales\n\t */\n\tsetNombreGenero(nombre: string){\n\t\tthis.nombreGenero = nombre;\n\t}\n\n\t/**\n\t * Setter de los grupos\n\t * @param grupo asociado a los géneros\n\t */\n\t setGrupos(grupo: string[]){\n\t\tthis.grupos = [];\n\t\tthis.grupos = grupo;\n\t}\n\t/**\n\t * Setter de los grupos\n\t * @param grupo asociado a los géneros\n\t */\n\tautoSetGrupos(grupo: string){\n\t\tthis.grupos.push(grupo);\n\t}\n\n\t/**\n\t * Setter de los artistas\n\t * @param artista de los géneros\n\t */\n\tsetArtistas(artista: string[]){\n\t\tthis.artistas = [];\n\t\tthis.artistas = artista;\n\t}\n\t/**\n\t * Setter de los artistas\n\t * @param artista de los géneros\n\t */\n\t autoSetArtistas(artista: string){\n\t\tthis.artistas.push(artista);\n\t}\n\n\t/**\n\t * Setter de los álbumes\n\t * @param album de los géneros\n\t */\n\tsetAlbumes(album: string[]){\n\t\tthis.albumes = [];\n\t\tthis.albumes = album;\n\t}\n\t/**\n\t * Setter de los álbumes\n\t * @param album de los géneros\n\t */\n\t autoSetAlbumes(album: string){\n\t\tthis.albumes.push(album);\n\t}\n\n\t/**\n\t * Setter de las canciones\n\t * @param cancion de los géneros\n\t */\n\tsetCanciones(cancion: string[]){\n\t\tthis.canciones = [];\n\t\tthis.canciones = cancion;\n\t}\n\t\t/**\n\t * Setter de las canciones\n\t * @param cancion de los géneros\n\t */\n\t\t autoSetCanciones(cancion: string){\n\t\t\tthis.canciones.push(cancion);\n\t\t}\n\t\t\n\t\t/*public static deserialize(generos: GenerosMusicales[]): GenerosMusicales[]{\n\t\t\tconst mySongs: GenerosMusicales[] = [];\n\n\tgeneros.forEach((genero_) => {\n\t\tconst mySong = new GenerosMusicales(genero_.nombreGenero);\n\t\tmySong.setAlbumes(genero_.getAlbumes());\n\t\tmySong.setArtistas(genero_.getArtistas());\n\tconst canciones = genero_.canciones;\n\tcanciones.forEach((cancion) =>{\n\t\tmySong.autoSetCanciones(cancion);\n\t})\n\t\tmySong.setCanciones(genero_.getCanciones());\n\t\tmySong.setGrupos(genero_.getGrupos());\n\t\tmySongs.push(mySong);\n\t});\n\n\treturn mySongs;\n}*/\n}"]},"_coverageSchema":"1a1c01bbd47fc00a2c39e90264f33305004495a9","hash":"b200eebcc63b046080498d00f58b297d5bc6de34","contentHash":"21cdb77ef3f91808ae4c8bd323183e7708de4576a86cc8eff259966ab5dc2b56"},"/home/usuario/DSI/prct07/src/clases/grupos.ts":{"path":"/home/usuario/DSI/prct07/src/clases/grupos.ts","statementMap":{"0":{"start":{"line":2,"column":0},"end":{"line":2,"column":62}},"1":{"start":{"line":3,"column":0},"end":{"line":3,"column":24}},"2":{"start":{"line":6,"column":8},"end":{"line":6,"column":39}},"3":{"start":{"line":18,"column":8},"end":{"line":18,"column":33}},"4":{"start":{"line":19,"column":8},"end":{"line":19,"column":35}},"5":{"start":{"line":20,"column":8},"end":{"line":20,"column":29}},"6":{"start":{"line":21,"column":8},"end":{"line":21,"column":31}},"7":{"start":{"line":22,"column":8},"end":{"line":22,"column":31}},"8":{"start":{"line":23,"column":8},"end":{"line":25,"column":11}},"9":{"start":{"line":24,"column":12},"end":{"line":24,"column":52}},"10":{"start":{"line":26,"column":8},"end":{"line":28,"column":11}},"11":{"start":{"line":27,"column":12},"end":{"line":27,"column":66}},"12":{"start":{"line":35,"column":8},"end":{"line":35,"column":32}},"13":{"start":{"line":42,"column":8},"end":{"line":42,"column":29}},"14":{"start":{"line":49,"column":8},"end":{"line":49,"column":30}},"15":{"start":{"line":56,"column":22},"end":{"line":56,"column":24}},"16":{"start":{"line":57,"column":8},"end":{"line":59,"column":11}},"17":{"start":{"line":58,"column":12},"end":{"line":58,"column":52}},"18":{"start":{"line":60,"column":8},"end":{"line":60,"column":23}},"19":{"start":{"line":67,"column":8},"end":{"line":67,"column":28}},"20":{"start":{"line":74,"column":8},"end":{"line":74,"column":28}},"21":{"start":{"line":81,"column":8},"end":{"line":81,"column":34}},"22":{"start":{"line":88,"column":8},"end":{"line":88,"column":27}},"23":{"start":{"line":89,"column":8},"end":{"line":89,"column":33}},"24":{"start":{"line":96,"column":8},"end":{"line":96,"column":30}},"25":{"start":{"line":103,"column":8},"end":{"line":103,"column":25}},"26":{"start":{"line":104,"column":8},"end":{"line":104,"column":29}},"27":{"start":{"line":111,"column":8},"end":{"line":111,"column":26}},"28":{"start":{"line":112,"column":8},"end":{"line":112,"column":29}},"29":{"start":{"line":119,"column":8},"end":{"line":119,"column":30}},"30":{"start":{"line":122,"column":0},"end":{"line":122,"column":24}}},"fnMap":{"0":{"name":"(anonymous_0)","decl":{"start":{"line":5,"column":4},"end":{"line":5,"column":5}},"loc":{"start":{"line":5,"column":29},"end":{"line":7,"column":5}},"line":5},"1":{"name":"(anonymous_1)","decl":{"start":{"line":17,"column":4},"end":{"line":17,"column":5}},"loc":{"start":{"line":17,"column":66},"end":{"line":29,"column":5}},"line":17},"2":{"name":"(anonymous_2)","decl":{"start":{"line":23,"column":23},"end":{"line":23,"column":24}},"loc":{"start":{"line":23,"column":34},"end":{"line":25,"column":9}},"line":23},"3":{"name":"(anonymous_3)","decl":{"start":{"line":26,"column":25},"end":{"line":26,"column":26}},"loc":{"start":{"line":26,"column":36},"end":{"line":28,"column":9}},"line":26},"4":{"name":"(anonymous_4)","decl":{"start":{"line":34,"column":4},"end":{"line":34,"column":5}},"loc":{"start":{"line":34,"column":21},"end":{"line":36,"column":5}},"line":34},"5":{"name":"(anonymous_5)","decl":{"start":{"line":41,"column":4},"end":{"line":41,"column":5}},"loc":{"start":{"line":41,"column":19},"end":{"line":43,"column":5}},"line":41},"6":{"name":"(anonymous_6)","decl":{"start":{"line":48,"column":4},"end":{"line":48,"column":5}},"loc":{"start":{"line":48,"column":19},"end":{"line":50,"column":5}},"line":48},"7":{"name":"(anonymous_7)","decl":{"start":{"line":55,"column":4},"end":{"line":55,"column":5}},"loc":{"start":{"line":55,"column":16},"end":{"line":61,"column":5}},"line":55},"8":{"name":"(anonymous_8)","decl":{"start":{"line":57,"column":28},"end":{"line":57,"column":29}},"loc":{"start":{"line":57,"column":39},"end":{"line":59,"column":9}},"line":57},"9":{"name":"(anonymous_9)","decl":{"start":{"line":66,"column":4},"end":{"line":66,"column":5}},"loc":{"start":{"line":66,"column":17},"end":{"line":68,"column":5}},"line":66},"10":{"name":"(anonymous_10)","decl":{"start":{"line":73,"column":4},"end":{"line":73,"column":5}},"loc":{"start":{"line":73,"column":17},"end":{"line":75,"column":5}},"line":73},"11":{"name":"(anonymous_11)","decl":{"start":{"line":80,"column":4},"end":{"line":80,"column":5}},"loc":{"start":{"line":80,"column":27},"end":{"line":82,"column":5}},"line":80},"12":{"name":"(anonymous_12)","decl":{"start":{"line":87,"column":4},"end":{"line":87,"column":5}},"loc":{"start":{"line":87,"column":26},"end":{"line":90,"column":5}},"line":87},"13":{"name":"(anonymous_13)","decl":{"start":{"line":95,"column":4},"end":{"line":95,"column":5}},"loc":{"start":{"line":95,"column":23},"end":{"line":97,"column":5}},"line":95},"14":{"name":"(anonymous_14)","decl":{"start":{"line":102,"column":4},"end":{"line":102,"column":5}},"loc":{"start":{"line":102,"column":22},"end":{"line":105,"column":5}},"line":102},"15":{"name":"(anonymous_15)","decl":{"start":{"line":110,"column":4},"end":{"line":110,"column":5}},"loc":{"start":{"line":110,"column":22},"end":{"line":113,"column":5}},"line":110},"16":{"name":"(anonymous_16)","decl":{"start":{"line":118,"column":4},"end":{"line":118,"column":5}},"loc":{"start":{"line":118,"column":23},"end":{"line":120,"column":5}},"line":118}},"branchMap":{},"s":{"0":1,"1":1,"2":6,"3":6,"4":6,"5":6,"6":6,"7":6,"8":6,"9":8,"10":6,"11":27,"12":3,"13":1,"14":1,"15":1,"16":1,"17":2,"18":1,"19":1,"20":1,"21":1,"22":1,"23":1,"24":1,"25":1,"26":1,"27":1,"28":1,"29":1,"30":1},"f":{"0":6,"1":6,"2":8,"3":27,"4":3,"5":1,"6":1,"7":1,"8":2,"9":1,"10":1,"11":1,"12":1,"13":1,"14":1,"15":1,"16":1},"b":{},"inputSourceMap":{"version":3,"file":"/home/usuario/DSI/prct07/src/clases/grupos.ts","sources":["/home/usuario/DSI/prct07/src/clases/grupos.ts"],"names":[],"mappings":";;;AAuBA,MAAa,MAAM;IAQlB,YAAY,WAAmB;QAC9B,IAAI,CAAC,WAAW,GAAG,WAAW,CAAC;IAChC,CAAC;IAED;;;;;;;;OAQG;IACH,cAAc,CAAC,QAAoB,EAAE,SAAiB,EAAE,MAA0B,EAAE,OAAgB,EAAE,OAAe;QACpH,IAAI,CAAC,QAAQ,GAAG,QAAQ,CAAC;QACzB,IAAI,CAAC,SAAS,GAAG,SAAS,CAAC;QAC3B,IAAI,CAAC,MAAM,GAAG,MAAM,CAAC;QACrB,IAAI,CAAC,OAAO,GAAG,OAAO,CAAC;QACvB,IAAI,CAAC,OAAO,GAAG,OAAO,CAAC;QACvB,MAAM,CAAC,OAAO,CAAC,OAAO,CAAC,EAAE;YACxB,OAAO,CAAC,aAAa,CAAC,IAAI,CAAC,WAAW,CAAC,CAAC;QACzC,CAAC,CAAC,CAAC;QACH,QAAQ,CAAC,OAAO,CAAC,OAAO,CAAC,EAAE;YAC1B,OAAO,CAAC,aAAa,CAAC,IAAI,CAAC,WAAW,EAAE,IAAI,CAAC,OAAO,CAAC,CAAC;QACvD,CAAC,CAAC,CAAC;IAEJ,CAAC;IAGD;;;OAGG;IACH,cAAc;QACb,OAAO,IAAI,CAAC,WAAW,CAAC;IACzB,CAAC;IAID;;;OAGG;IACF,YAAY;QACZ,OAAO,IAAI,CAAC,QAAQ,CAAA;IACrB,CAAC;IAED;;;OAGG;IACH,YAAY;QACX,OAAO,IAAI,CAAC,SAAS,CAAC;IACvB,CAAC;IAED;;;OAGG;IACH,SAAS;QACR,IAAI,OAAO,GAAa,EAAE,CAAC;QACrB,IAAI,CAAC,MAAM,CAAC,OAAO,CAAC,OAAO,CAAC,EAAE;YAC1B,OAAO,CAAC,IAAI,CAAC,OAAO,CAAC,eAAe,EAAE,CAAC,CAAC;QAC5C,CAAC,CAAC,CAAC;QACH,OAAO,OAAO,CAAC;IACtB,CAAC;IAED;;;OAGG;IACH,UAAU;QACT,OAAO,IAAI,CAAC,OAAO,CAAC;IACrB,CAAC;IAED;;;OAGG;IACH,UAAU;QACT,OAAO,IAAI,CAAC,OAAO,CAAC;IACrB,CAAC;IAED;;;OAGG;IACH,cAAc,CAAC,MAAc;QAC5B,IAAI,CAAC,WAAW,GAAG,MAAM,CAAC;IAC3B,CAAC;IAED;;;OAGG;IAEH,WAAW,CAAC,QAAoB;QAC/B,IAAI,CAAC,QAAQ,GAAG,EAAE,CAAC;QACjB,IAAI,CAAC,QAAQ,GAAG,QAAQ,CAAC;IAC5B,CAAC;IAED;;;OAGG;IACH,YAAY,CAAC,IAAY;QACxB,IAAI,CAAC,SAAS,GAAG,IAAI,CAAC;IACvB,CAAC;IAED;;;OAGG;IAEH,SAAS,CAAC,MAA0B;QACnC,IAAI,CAAC,MAAM,GAAG,EAAE,CAAC;QACf,IAAI,CAAC,MAAM,GAAG,MAAM,CAAC;IACxB,CAAC;IAGD;;;OAGG;IACH,UAAU,CAAC,KAAc;QACxB,IAAI,CAAC,OAAO,GAAG,EAAE,CAAC;QAClB,IAAI,CAAC,OAAO,GAAG,KAAK,CAAC;IACtB,CAAC;IAED;;;OAGG;IACH,UAAU,CAAC,MAAc;QACxB,IAAI,CAAC,OAAO,GAAG,MAAM,CAAC;IACvB,CAAC;CAgBD;AA/JD,wBA+JC","sourcesContent":["import { Album, AlbumInterface } from \"./album\";\nimport { Artistas, ArtistasInterface } from \"./artistas\";\nimport { GenerosMusicales, GenerosMusicalesInterface } from \"./generosMusicales\";\n\n/**\n * TRABAJO GRUPO L\n * @class Grupos contiene las especificaciones de los\n * distintos grupos\n * @param nombreGrupo nombre del grupo\n * @param artistas Array que almacena a varios artistas\n * @param yearGrupo Entero que representa el año de creación del grupo\n * @param genero Array que almacena varios Generos Musicales distintos\n * @param albumes Array que almacena distintos álbumes\n * @param oyentes Entero que representa el número de oyentes mensuales\n */\n export interface GruposInterface{\n\tnombreGrupo: string,\n\tartistas: ArtistasInterface[],\n\tyearGrupo: number,\n\tgenero: GenerosMusicalesInterface[],\n\talbumes: AlbumInterface[],\n\toyentes: number\n}\nexport class Grupos {\n  private nombreGrupo: string;\n\tprivate artistas: Artistas[];\n\tprivate yearGrupo: number;\n\tprivate genero: GenerosMusicales[];\n\tprivate albumes: Album[];\n\tprivate oyentes: number;\n\n\tconstructor(nombreGrupo: string){\n\t\tthis.nombreGrupo = nombreGrupo;\n\t}\n\n\t/**\n\t * @function construirGrupo Método para incializar las propiedades restantes de\n\t * la clase Grupos\n\t * @param artistas Array que almacena a varios artistas\n\t * @param yearGrupo Entero que representa el año de creación del grupo\n\t * @param genero Array que almacena varios Generos Musicales distintos\n\t * @param albumes Array que almacena distintos álbumes\n\t * @param oyentes Entero que representa el número de oyentes mensuales\n\t */\n\tconstruirGrupo(artistas: Artistas[], yearGrupo: number, genero: GenerosMusicales[], albumes: Album[], oyentes: number){\n\t\tthis.artistas = artistas;\n\t\tthis.yearGrupo = yearGrupo;\n\t\tthis.genero = genero;\n\t\tthis.albumes = albumes;\n\t\tthis.oyentes = oyentes;\n\t\tgenero.forEach(element => {\n\t\t\telement.autoSetGrupos(this.nombreGrupo);\n\t\t});\n\t\tartistas.forEach(element => {\n\t\t\telement.autoSetGrupos(this.nombreGrupo, this.oyentes);\n\t\t});\n\t\t\n\t}\n\n\n\t/**\n\t * Getter del nombre de los grupos\n\t * @returns nombre del grupo\n\t */\n\tgetNombreGrupo(){\n\t\treturn this.nombreGrupo;\n\t}\n\n\n\t\n\t/**\n\t * Getter de los artistas\n\t * @returns artistas\n\t */\n\t getArtistas_(){\n\t\treturn this.artistas\n\t}\n\n\t/**\n\t * Getter del año de creación del grupo\n\t * @returns año del grupo\n\t */\n\tgetYearGrupo(){\n\t\treturn this.yearGrupo;\n\t}\n\n\t/**\n\t * Getter de los géneros musicales\n\t * @returns géneros\n\t */\n\tgetGenero(){\n\t\tlet generos: string[] = [];\n        this.genero.forEach(element => {\n            generos.push(element.getNombreGenero());\n        });\n        return generos;\n\t}\n\n\t/**\n\t * Getter de los albumes\n\t * @returns albumes\n\t */\n\tgetAlbumes(){\n\t\treturn this.albumes;\n\t}\n\n\t/**\n\t * Getter de los oyentes mensuales\n\t * @returns oyentes mensuales\n\t */\n\tgetOyentes(){\n\t\treturn this.oyentes;\n\t}\n\t\n\t/**\n\t * Setter del nombre del grupos\n\t * @param nombre del grupo\n\t */\n\tsetNombreGrupo(nombre: string){\n\t\tthis.nombreGrupo = nombre;\n\t}\n\n\t/**\n\t * Setter de los artistas\n\t * @param artista del grupo\n\t */\n\t\n\tsetArtistas(artistas: Artistas[]){\n\t\tthis.artistas = [];\n    this.artistas = artistas;\n\t}\n\n\t/**\n\t * Setter del año de creación del grupo\n\t * @param year del grupo\n\t */\n\tsetYearGrupo(year: number){\n\t\tthis.yearGrupo = year;\n\t}\n\n\t/**\n\t * Setter de los géneros del grupo\n\t * @param genero musicales\n\t */\n\t\n\tsetGenero(genero: GenerosMusicales[]){\n\t\tthis.genero = [];\n    this.genero = genero;\n\t}\n\t\n\n\t/**\n\t * Setter de los albumes del grupo\n\t * @param album del grupo\n\t */\n\tsetAlbumes(album: Album[]){\n\t\tthis.albumes = [];\n\t\tthis.albumes = album;\n\t}\n\n\t/**\n\t * Setter de los oyentes mensuales\n\t * @param oyente mensuales\n\t */\n\tsetOyentes(oyente: number){\n\t\tthis.oyentes = oyente;\n\t}\n\t/*public static deserialize(cancion: Grupos[]){\n\t\tconst myCanciones: Grupos[] = [];\n\n\t\tcancion.forEach((element) => {\n\t\t\t\tconst myCancion = new Grupos(element.getNombreGrupo());\n\t\t\t\tmyCancion.setAlbumes(element.getAlbumes());\n\t\t\t\tmyCancion.setArtistas(element.getArtistas_());\n\t\t\t\tmyCancion.setGenero(element.genero);\n\t\t\t\tmyCancion.setOyentes(element.oyentes);\n\t\t\t\tmyCancion.setYearGrupo(element.yearGrupo)\n\t\t\t\tmyCanciones.push(myCancion);\n\t\t});\n\n\t\treturn myCanciones;\n}*/\n}"]},"_coverageSchema":"1a1c01bbd47fc00a2c39e90264f33305004495a9","hash":"e7a906b66a55d7e700fc5c65eb56acbc8a0b102a","contentHash":"5e092e8e66863290e7e88f5ab74663aef2cbd115af0178a4c91621f994f0a703"},"/home/usuario/DSI/prct07/src/clases/playlist.ts":{"path":"/home/usuario/DSI/prct07/src/clases/playlist.ts","statementMap":{"0":{"start":{"line":2,"column":0},"end":{"line":2,"column":62}},"1":{"start":{"line":3,"column":0},"end":{"line":3,"column":26}},"2":{"start":{"line":14,"column":8},"end":{"line":14,"column":26}},"3":{"start":{"line":15,"column":8},"end":{"line":15,"column":45}},"4":{"start":{"line":16,"column":8},"end":{"line":16,"column":35}},"5":{"start":{"line":19,"column":8},"end":{"line":34,"column":11}},"6":{"start":{"line":20,"column":12},"end":{"line":20,"column":53}},"7":{"start":{"line":21,"column":12},"end":{"line":33,"column":15}},"8":{"start":{"line":22,"column":31},"end":{"line":22,"column":32}},"9":{"start":{"line":23,"column":16},"end":{"line":27,"column":17}},"10":{"start":{"line":23,"column":29},"end":{"line":23,"column":30}},"11":{"start":{"line":24,"column":20},"end":{"line":26,"column":21}},"12":{"start":{"line":25,"column":24},"end":{"line":25,"column":35}},"13":{"start":{"line":28,"column":16},"end":{"line":31,"column":17}},"14":{"start":{"line":29,"column":20},"end":{"line":29,"column":48}},"15":{"start":{"line":30,"column":20},"end":{"line":30,"column":33}},"16":{"start":{"line":32,"column":16},"end":{"line":32,"column":29}},"17":{"start":{"line":35,"column":18},"end":{"line":35,"column":19}},"18":{"start":{"line":36,"column":8},"end":{"line":38,"column":11}},"19":{"start":{"line":37,"column":12},"end":{"line":37,"column":57}},"20":{"start":{"line":39,"column":19},"end":{"line":39,"column":41}},"21":{"start":{"line":40,"column":18},"end":{"line":40,"column":38}},"22":{"start":{"line":41,"column":19},"end":{"line":41,"column":33}},"23":{"start":{"line":42,"column":8},"end":{"line":42,"column":32}},"24":{"start":{"line":43,"column":21},"end":{"line":43,"column":53}},"25":{"start":{"line":44,"column":8},"end":{"line":44,"column":31}},"26":{"start":{"line":51,"column":8},"end":{"line":51,"column":35}},"27":{"start":{"line":58,"column":8},"end":{"line":58,"column":30}},"28":{"start":{"line":65,"column":24},"end":{"line":65,"column":26}},"29":{"start":{"line":66,"column":8},"end":{"line":68,"column":11}},"30":{"start":{"line":67,"column":12},"end":{"line":67,"column":55}},"31":{"start":{"line":69,"column":8},"end":{"line":69,"column":25}},"32":{"start":{"line":76,"column":18},"end":{"line":76,"column":19}},"33":{"start":{"line":77,"column":8},"end":{"line":79,"column":11}},"34":{"start":{"line":78,"column":12},"end":{"line":78,"column":57}},"35":{"start":{"line":80,"column":19},"end":{"line":80,"column":41}},"36":{"start":{"line":81,"column":18},"end":{"line":81,"column":38}},"37":{"start":{"line":82,"column":19},"end":{"line":82,"column":33}},"38":{"start":{"line":83,"column":8},"end":{"line":83,"column":32}},"39":{"start":{"line":84,"column":21},"end":{"line":84,"column":53}},"40":{"start":{"line":85,"column":8},"end":{"line":85,"column":31}},"41":{"start":{"line":86,"column":8},"end":{"line":86,"column":29}},"42":{"start":{"line":93,"column":27},"end":{"line":93,"column":29}},"43":{"start":{"line":94,"column":8},"end":{"line":96,"column":11}},"44":{"start":{"line":95,"column":12},"end":{"line":95,"column":57}},"45":{"start":{"line":97,"column":8},"end":{"line":97,"column":28}},"46":{"start":{"line":100,"column":8},"end":{"line":100,"column":28}},"47":{"start":{"line":107,"column":8},"end":{"line":107,"column":37}},"48":{"start":{"line":114,"column":8},"end":{"line":114,"column":28}},"49":{"start":{"line":115,"column":8},"end":{"line":115,"column":35}},"50":{"start":{"line":122,"column":8},"end":{"line":122,"column":33}},"51":{"start":{"line":129,"column":8},"end":{"line":129,"column":26}},"52":{"start":{"line":130,"column":8},"end":{"line":130,"column":31}},"53":{"start":{"line":133,"column":0},"end":{"line":133,"column":28}}},"fnMap":{"0":{"name":"(anonymous_0)","decl":{"start":{"line":13,"column":4},"end":{"line":13,"column":5}},"loc":{"start":{"line":13,"column":43},"end":{"line":45,"column":5}},"line":13},"1":{"name":"(anonymous_1)","decl":{"start":{"line":19,"column":31},"end":{"line":19,"column":32}},"loc":{"start":{"line":19,"column":42},"end":{"line":34,"column":9}},"line":19},"2":{"name":"(anonymous_2)","decl":{"start":{"line":21,"column":39},"end":{"line":21,"column":40}},"loc":{"start":{"line":21,"column":51},"end":{"line":33,"column":13}},"line":21},"3":{"name":"(anonymous_3)","decl":{"start":{"line":36,"column":31},"end":{"line":36,"column":32}},"loc":{"start":{"line":36,"column":42},"end":{"line":38,"column":9}},"line":36},"4":{"name":"(anonymous_4)","decl":{"start":{"line":50,"column":4},"end":{"line":50,"column":5}},"loc":{"start":{"line":50,"column":24},"end":{"line":52,"column":5}},"line":50},"5":{"name":"(anonymous_5)","decl":{"start":{"line":57,"column":4},"end":{"line":57,"column":5}},"loc":{"start":{"line":57,"column":19},"end":{"line":59,"column":5}},"line":57},"6":{"name":"(anonymous_6)","decl":{"start":{"line":64,"column":4},"end":{"line":64,"column":5}},"loc":{"start":{"line":64,"column":25},"end":{"line":70,"column":5}},"line":64},"7":{"name":"(anonymous_7)","decl":{"start":{"line":66,"column":31},"end":{"line":66,"column":32}},"loc":{"start":{"line":66,"column":42},"end":{"line":68,"column":9}},"line":66},"8":{"name":"(anonymous_8)","decl":{"start":{"line":75,"column":4},"end":{"line":75,"column":5}},"loc":{"start":{"line":75,"column":18},"end":{"line":87,"column":5}},"line":75},"9":{"name":"(anonymous_9)","decl":{"start":{"line":77,"column":31},"end":{"line":77,"column":32}},"loc":{"start":{"line":77,"column":42},"end":{"line":79,"column":9}},"line":77},"10":{"name":"(anonymous_10)","decl":{"start":{"line":92,"column":4},"end":{"line":92,"column":5}},"loc":{"start":{"line":92,"column":17},"end":{"line":98,"column":5}},"line":92},"11":{"name":"(anonymous_11)","decl":{"start":{"line":94,"column":29},"end":{"line":94,"column":30}},"loc":{"start":{"line":94,"column":40},"end":{"line":96,"column":9}},"line":94},"12":{"name":"(anonymous_12)","decl":{"start":{"line":99,"column":4},"end":{"line":99,"column":5}},"loc":{"start":{"line":99,"column":23},"end":{"line":101,"column":5}},"line":99},"13":{"name":"(anonymous_13)","decl":{"start":{"line":106,"column":4},"end":{"line":106,"column":5}},"loc":{"start":{"line":106,"column":30},"end":{"line":108,"column":5}},"line":106},"14":{"name":"(anonymous_14)","decl":{"start":{"line":113,"column":4},"end":{"line":113,"column":5}},"loc":{"start":{"line":113,"column":28},"end":{"line":116,"column":5}},"line":113},"15":{"name":"(anonymous_15)","decl":{"start":{"line":121,"column":4},"end":{"line":121,"column":5}},"loc":{"start":{"line":121,"column":26},"end":{"line":123,"column":5}},"line":121},"16":{"name":"(anonymous_16)","decl":{"start":{"line":128,"column":4},"end":{"line":128,"column":5}},"loc":{"start":{"line":128,"column":24},"end":{"line":131,"column":5}},"line":128}},"branchMap":{"0":{"loc":{"start":{"line":24,"column":20},"end":{"line":26,"column":21}},"type":"if","locations":[{"start":{"line":24,"column":20},"end":{"line":26,"column":21}},{"start":{"line":24,"column":20},"end":{"line":26,"column":21}}],"line":24},"1":{"loc":{"start":{"line":28,"column":16},"end":{"line":31,"column":17}},"type":"if","locations":[{"start":{"line":28,"column":16},"end":{"line":31,"column":17}},{"start":{"line":28,"column":16},"end":{"line":31,"column":17}}],"line":28}},"s":{"0":1,"1":1,"2":7,"3":7,"4":7,"5":7,"6":24,"7":24,"8":27,"9":27,"10":27,"11":30,"12":9,"13":27,"14":18,"15":18,"16":27,"17":7,"18":7,"19":24,"20":7,"21":7,"22":7,"23":7,"24":7,"25":7,"26":1,"27":1,"28":0,"29":0,"30":0,"31":0,"32":1,"33":1,"34":6,"35":1,"36":1,"37":1,"38":1,"39":1,"40":1,"41":1,"42":1,"43":1,"44":2,"45":1,"46":0,"47":1,"48":1,"49":1,"50":1,"51":1,"52":1,"53":1},"f":{"0":7,"1":24,"2":27,"3":24,"4":1,"5":1,"6":0,"7":0,"8":1,"9":6,"10":1,"11":2,"12":0,"13":1,"14":1,"15":1,"16":1},"b":{"0":[9,21],"1":[18,9]},"inputSourceMap":{"version":3,"file":"/home/usuario/DSI/prct07/src/clases/playlist.ts","sources":["/home/usuario/DSI/prct07/src/clases/playlist.ts"],"names":[],"mappings":";;;AAGA;;GAEG;AACH,MAAa,QAAQ;IAMpB;;;;OAIG;IACH,YAAY,cAAsB,EAAE,SAAoB;QAPhD,YAAO,GAAuB,EAAE,CAAC;QAQxC,IAAI,CAAC,cAAc,GAAG,cAAc,CAAC;QACrC,IAAI,CAAC,SAAS,GAAG,SAAS,CAAC;QAC3B,qBAAqB;QACrB,IAAI,kBAAsC,CAAC;QAC3C,IAAI,CAAC,SAAS,CAAC,OAAO,CAAC,OAAO,CAAC,EAAE;YAEhC,kBAAkB,GAAG,OAAO,CAAC,SAAS,EAAE,CAAC;YACzC,kBAAkB,CAAC,OAAO,CAAC,QAAQ,CAAC,EAAE;gBACrC,IAAI,QAAQ,GAAW,CAAC,CAAC;gBACzB,KAAI,IAAI,CAAC,GAAG,CAAC,EAAE,CAAC,GAAG,IAAI,CAAC,OAAO,CAAC,MAAM,EAAE,CAAC,EAAE,EAAC;oBAC3C,IAAI,QAAQ,KAAK,IAAI,CAAC,OAAO,CAAC,CAAC,CAAC,EAAC;wBAChC,QAAQ,EAAE,CAAC;qBACX;iBACD;gBACD,IAAI,QAAQ,KAAK,CAAC,EAAC;oBAClB,IAAI,CAAC,OAAO,CAAC,IAAI,CAAC,QAAQ,CAAC,CAAC;oBAC5B,QAAQ,GAAG,CAAC,CAAC;iBACb;gBACD,QAAQ,GAAG,CAAC,CAAC;YACd,CAAC,CAAC,CAAC;QACJ,CAAC,CAAC,CAAC;QACH,IAAI,GAAG,GAAW,CAAC,CAAC;QACpB,IAAI,CAAC,SAAS,CAAC,OAAO,CAAC,OAAO,CAAC,EAAE;YAChC,GAAG,GAAG,GAAG,GAAG,OAAO,CAAC,sBAAsB,EAAE,CAAA;QAC7C,CAAC,CAAC,CAAC;QACH,IAAI,IAAI,GAAG,IAAI,CAAC,KAAK,CAAC,GAAG,GAAG,IAAI,CAAC,CAAC;QAClC,IAAI,GAAG,GAAG,IAAI,CAAC,KAAK,CAAC,GAAG,GAAG,EAAE,CAAC,CAAC;QAC/B,IAAI,IAAI,GAAG,GAAG,GAAG,GAAG,GAAG,EAAE,CAAC;QAC1B,GAAG,GAAG,GAAG,GAAG,IAAI,GAAG,IAAI,CAAC;QACxB,IAAI,MAAM,GAAW,GAAG,IAAI,KAAK,GAAG,OAAO,IAAI,MAAM,CAAC;QACtD,IAAI,CAAC,QAAQ,GAAG,MAAM,CAAC;IACxB,CAAC;IACD;;;OAGG;IACH,iBAAiB;QAChB,OAAO,IAAI,CAAC,cAAc,CAAC;IAC5B,CAAC;IAED;;;OAGG;IACH,YAAY;QACX,OAAO,IAAI,CAAC,SAAS,CAAC;IACvB,CAAC;IACD;;;OAGG;IACF,kBAAkB;QACjB,IAAI,SAAS,GAAY,EAAE,CAAC;QAC5B,IAAI,CAAC,SAAS,CAAC,OAAO,CAAC,OAAO,CAAC,EAAE;YAChC,SAAS,CAAC,IAAI,CAAC,OAAO,CAAC,gBAAgB,EAAE,CAAC,CAAA;QAC3C,CAAC,CAAC,CAAA;QACH,OAAO,SAAS,CAAC;IAClB,CAAC;IAED;;;OAGG;IACH,WAAW;QACV,IAAI,GAAG,GAAW,CAAC,CAAC;QACpB,IAAI,CAAC,SAAS,CAAC,OAAO,CAAC,OAAO,CAAC,EAAE;YAChC,GAAG,GAAG,GAAG,GAAG,OAAO,CAAC,sBAAsB,EAAE,CAAA;QAC7C,CAAC,CAAC,CAAC;QACH,IAAI,IAAI,GAAG,IAAI,CAAC,KAAK,CAAC,GAAG,GAAG,IAAI,CAAC,CAAC;QAClC,IAAI,GAAG,GAAG,IAAI,CAAC,KAAK,CAAC,GAAG,GAAG,EAAE,CAAC,CAAC;QAC/B,IAAI,IAAI,GAAG,GAAG,GAAG,GAAG,GAAG,EAAE,CAAC;QAC1B,GAAG,GAAG,GAAG,GAAG,IAAI,GAAG,IAAI,CAAC;QACxB,IAAI,MAAM,GAAW,GAAG,IAAI,KAAK,GAAG,OAAO,IAAI,MAAM,CAAC;QACtD,IAAI,CAAC,QAAQ,GAAG,MAAM,CAAC;QAEvB,OAAO,IAAI,CAAC,QAAQ,CAAC;IACtB,CAAC;IAED;;;OAGG;IACH,UAAU;QACT,IAAI,YAAY,GAAa,EAAE,CAAC;QAChC,IAAI,CAAC,OAAO,CAAC,OAAO,CAAC,OAAO,CAAC,EAAE;YAC9B,YAAY,CAAC,IAAI,CAAC,OAAO,CAAC,eAAe,EAAE,CAAC,CAAC;QAC9C,CAAC,CAAC,CAAC;QACH,OAAO,YAAY,CAAC;IACrB,CAAC;IACD,gBAAgB;QACf,OAAO,IAAI,CAAC,OAAO,CAAC;IACrB,CAAC;IAED;;;OAGG;IACH,iBAAiB,CAAC,MAAc;QAC/B,IAAI,CAAC,cAAc,GAAG,MAAM,CAAC;IAC9B,CAAC;IAED;;;OAGG;IACH,YAAY,CAAC,SAAoB;QAChC,IAAI,CAAC,SAAS,GAAG,EAAE,CAAC;QACpB,IAAI,CAAC,SAAS,GAAG,SAAS,CAAC;IAC5B,CAAC;IACF;;;OAGG;IACF,WAAW,CAAC,QAAgB;QAC3B,IAAI,CAAC,QAAQ,GAAG,QAAQ,CAAC;IAC1B,CAAC;IAED;;;OAGG;IACH,UAAU,CAAC,OAA2B;QACrC,IAAI,CAAC,OAAO,GAAG,EAAE,CAAC;QAClB,IAAI,CAAC,OAAO,GAAG,OAAO,CAAC;IACxB,CAAC;CACD;AAzID,4BAyIC","sourcesContent":["import { Cancion } from \"./cancion\";\nimport { GenerosMusicales } from \"./generosMusicales\";\n\n/**\n * @class Playlist Clase que representa una Playlist de varias canciones de distintos géneros.\n */\nexport class Playlist {\n\tprivate nombrePlaylist: string;\n\tprivate canciones: Cancion[];\n\tprivate duracion: string;\n\tprivate generos: GenerosMusicales[] = [];\n\t\n\t/**\n\t * \n\t * @param nombrePlaylist Nombre que se le añadirá a la Playlist\n\t * @param canciones Conjunto de canciones que serán reproducidas en la playlist\n\t */\n\tconstructor(nombrePlaylist: string, canciones: Cancion[]){\n\t\tthis.nombrePlaylist = nombrePlaylist;\n\t\tthis.canciones = canciones;\n\t\t//this.duracion = ``;\n\t\tlet auxGeneroCanciones: Gene
[...]
,EAAE,SAAS,CAAC,EAAE,QAAQ,CAAC,CAAC;AACzE,SAAS,CAAC,gBAAgB,CAAE,CAAC,SAAS,EAAE,SAAS,EAAE,SAAS,CAAC,EAAE,QAAQ,CAAC,CAAC;AACzE,iBAAiB;AACjB,SAAS,CAAC,gBAAgB,CAAE,CAAC,SAAS,EAAE,SAAS,EAAE,SAAS,CAAC,EAAE,OAAO,CAAC,CAAC;AACxE,SAAS,CAAC,gBAAgB,CAAE,CAAC,SAAS,EAAE,SAAS,EAAE,SAAS,CAAC,EAAE,OAAO,CAAC,CAAC;AACxE,SAAS,CAAC,gBAAgB,CAAE,CAAC,SAAS,EAAE,SAAS,EAAE,SAAS,CAAC,EAAE,OAAO,CAAC,CAAC;AACxE,SAAS,CAAC,gBAAgB,CAAE,CAAC,SAAS,EAAE,SAAS,EAAE,SAAS,CAAC,EAAE,OAAO,CAAC,CAAC;AACxE,SAAS,CAAC,gBAAgB,CAAE,CAAC,SAAS,EAAE,SAAS,EAAE,SAAS,CAAC,EAAE,OAAO,CAAC,CAAC;AACxE,SAAS,CAAC,gBAAgB,CAAE,CAAC,SAAS,EAAE,SAAS,EAAE,SAAS,CAAC,EAAE,OAAO,CAAC,CAAC;AACxE,0BAA0B;AAC1B,SAAS,CAAC,gBAAgB,CAAE,CAAC,SAAS,EAAE,SAAS,EAAE,SAAS,CAAC,EAAE,MAAM,CAAC,CAAC;AACvE,SAAS,CAAC,gBAAgB,CAAE,CAAC,SAAS,EAAE,SAAS,EAAE,SAAS,CAAC,EAAE,MAAM,CAAC,CAAC;AACvE,SAAS,CAAC,gBAAgB,CAAE,CAAC,SAAS,EAAE,SAAS,EAAE,SAAS,CAAC,EAAE,MAAM,CAAC,CAAC;AACvE,uBAAuB;AACvB,SAAS,CAAC,gBAAgB,CAAE,CAAC,SAAS,EAAE,SAAS,EAAE,SAAS,CAAC,EAAE,OAAO,CAAC,CAAC;AACxE,SAAS,CAAC,gBAAgB,CAAE,CAAC,SAAS,EAAE,SAAS,EAAE,SAAS,CAAC,EAAE,OAAO,CAAC,CAAC;AACxE,SAAS,CAAC,gBAAgB,CAAE,CAAC,SAAS,EAAE,SAAS,EAAE,SAAS,CAAC,EAAE,OAAO,CAAC,CAAC;AACxE,SAAS,CAAC,gBAAgB,CAAE,CAAC,SAAS,EAAE,SAAS,EAAE,SAAS,CAAC,EAAE,OAAO,CAAC,CAAC;AACxE,4BAA4B;AAC5B,SAAS,CAAC,gBAAgB,CAAE,CAAC,SAAS,EAAE,SAAS,EAAE,SAAS,CAAC,EAAE,OAAO,CAAC,CAAC;AACxE,SAAS,CAAC,gBAAgB,CAAE,CAAC,SAAS,EAAE,SAAS,EAAE,SAAS,CAAC,EAAE,OAAO,CAAC,CAAC;AACxE,iBAAiB;AACjB,SAAS,CAAC,gBAAgB,CAAE,CAAC,SAAS,EAAE,SAAS,EAAE,SAAS,CAAC,EAAE,QAAQ,CAAC,CAAC;AACzE,SAAS,CAAC,gBAAgB,CAAE,CAAC,SAAS,EAAE,SAAS,EAAE,SAAS,CAAC,EAAE,QAAQ,CAAC,CAAC;AACzE,SAAS,CAAC,gBAAgB,CAAE,CAAC,SAAS,EAAE,SAAS,EAAE,SAAS,CAAC,EAAE,QAAQ,CAAC,CAAC;AACzE;;;EAGE;AACF,YAAY;AACD,QAAA,SAAS,GAAG,IAAI,mBAAQ,CAAC,iBAAiB,EAAE,CAAC,SAAS,EAAE,SAAS,EAAE,SAAS,EAAE,SAAS,EAAE,SAAS,EAAE,SAAS,CAAC,CAAC,CAAC;AAC3H,IAAI,SAAS,GAAG,IAAI,mBAAQ,CAAC,eAAe,EAAE,CAAC,QAAQ,EAAE,SAAS,EAAE,SAAS,CAAC,CAAC,CAAC;AAChF,IAAI,SAAS,GAAG,IAAI,mBAAQ,CAAC,sBAAsB,EAAE,CAAC,SAAS,EAAE,SAAS,EAAE,SAAS,CAAC,CAAC,CAAC;AACxF,IAAI,SAAS,GAAG,IAAI,mBAAQ,CAAC,SAAS,EAAE,CAAC,SAAS,EAAE,SAAS,EAAE,SAAS,CAAC,CAAC,CAAC;AAC3E,IAAI,SAAS,GAAG,IAAI,mBAAQ,CAAC,iBAAiB,EAAE,CAAC,SAAS,EAAE,QAAQ,EAAE,QAAQ,CAAC,CAAC,CAAC;AACjF,IAAI,SAAS,GAAG,IAAI,mBAAQ,CAAC,OAAO,EAAE,CAAC,SAAS,EAAE,SAAS,EAAE,SAAS,CAAC,CAAC,CAAC;AACzE,IAAI,SAAS,GAAG,IAAI,mBAAQ,CAAC,YAAY,EAAE,CAAC,SAAS,EAAE,SAAS,EAAE,QAAQ,CAAC,CAAC,CAAC;AAClE,QAAA,SAAS,GAAe,CAAC,iBAAS,EAAE,SAAS,EAAE,SAAS,EAAE,SAAS,EAAE,SAAS,EAAE,SAAS,EAAE,SAAS,CAAC,CAAA;AAChH;;;GAGG;AACH,sCAAsC;AAGtC,qBAAqB;AACrB,2CAA2C;AAC3C,+BAA+B;AAC/B,oBAAoB;AACpB,2CAA2C;AAC3C,wBAAwB;AACxB,wBAAwB;AACxB,6BAA6B","sourcesContent":["import { Album } from \"./clases/album\";\nimport { Artistas } from \"./clases/artistas\";\nimport { Cancion } from \"./clases/cancion\";\nimport { GenerosMusicales } from \"./clases/generosMusicales\";\nimport { Grupos } from \"./clases/grupos\";\nimport { Playlist } from \"./clases/playlist\";\n\n//10 generos musicales\nexport let Rock = new GenerosMusicales(`Rock`); //6\nexport let Pop = new GenerosMusicales(`Pop`); //6\nexport let Rap = new GenerosMusicales(`Rap`);  //6\nexport let Electronica = new GenerosMusicales(`Electronica`); //6\nexport let Regueton = new GenerosMusicales(`Regueton`); //6\nexport let Hip_Hop = new GenerosMusicales(`Hip Hop`); //8\nexport let Metal = new GenerosMusicales(`Metal`); //6\nexport let Flamenco = new GenerosMusicales(`Flamenco`); //6\nexport let RyB = new GenerosMusicales(`RyB`); //8\nexport let Soul = new GenerosMusicales(`Soul`); //7\nexport let generos: GenerosMusicales[] = [Rock, Pop, Rap, Electronica, Regueton, Hip_Hop, Metal, Flamenco, RyB, Soul];\n// 50 canciones, aprox. 5 de cada genero\nexport let cancion1 = new Cancion('Pulling Teeth', 'Alan Ryker',  '4:23', [Metal], false, 2100000);\nexport let cancion2 = new Cancion('Thriller', 'Michael Jackson',  '5:58', [Pop], false, 825000000);  \nlet cancion3 = new Cancion('Billie Jean', 'Michael Jackson',  '4:55', [Rock], false, 1154580120); \nlet cancion4 = new Cancion(`Wanna Be Startin' Something`, 'Michael Jackson',  '6:06', [RyB, Soul], false, 10850000); \nlet cancion5 = new Cancion('Baby Be Mine', 'Michael Jackson',  '4:37', [RyB, Soul], false, 4580000); \nlet cancion6 = new Cancion('The Girl Is Mine', 'Michael Jackson',  '4:10', [RyB, Soul], false, 120000000);\nlet cancion7 = new Cancion('Beat It', 'Michael Jackson',  '4:00', [RyB, Soul], false, 1811000000);\nlet cancion8 = new Cancion('Human Nature', 'Michael Jackson',  '4:59', [RyB, Soul], false, 810959778);\nlet cancion9 = new Cancion('Pretty Young Thing', 'Michael Jackson',  '4:07', [RyB, Soul], false, 136723704);\nlet cancion10 = new Cancion('The Lady in My Life', 'Michael Jackson',  '5:02', [RyB, Soul], false, 15000000); \nlet cancion11 = new Cancion('Malamente', 'Rosalía',  '2:49', [Flamenco, Pop], false, 156000000);\nlet cancion12 = new Cancion('Preso', 'Rosalía',  '2:48', [Pop], false, 165000000); \nlet cancion13 = new Cancion('Di mi nombre', 'Rosalía',  '3:01', [Rap], false, 81000000); \nlet cancion14 = new Cancion('Mother Love', 'Queen',  '4:50', [Rock], false, 3300000); \nlet cancion15 = new Cancion('Its A Beautiful Day', 'Queen',  '3:19', [Rock, Metal], false, 3000000);\nlet cancion16 = new Cancion('I Was Born To Love You', 'Queen',  '4:56', [Rock, Metal], false, 64000000); \nlet cancion17 = new Cancion('Living on my own', 'Freddie Mercury',  '3:08', [Rock, Pop], false, 32000000); \nlet cancion18 = new Cancion('Ojalá', 'Beret',  '3:43', [Rap, Pop], false, 197000000); \nlet cancion19 = new Cancion('Master Of Puppets', 'Metallica',  '8:36', [Metal], true, 29000000);\nlet cancion20 = new Cancion('Battery', 'Metallica',  '5:13', [Metal], true, 1500000); \nlet cancion21 = new Cancion('Disposable Heroes', 'Metallica',  '8:17', [Metal], false, 191000);\nlet cancion22 = new Cancion('Rumba en el cielo', 'Los Chunguitos',  '4:33', [Flamenco], false, 684000); \nlet cancion23 = new Cancion('Yo me lo tengo que beber', 'Los Chunguitos', '3:45', [Flamenco], false, 231000); \nlet cancion24 = new Cancion('Tinto de verano', 'Los Chunguitos', '3:24', [Flamenco], false, 141000); \nlet cancion25 = new Cancion('Borriquito', 'Peret', '3:23', [Flamenco], false, 2200000);\nlet cancion26 = new Cancion('El muerto vivo', 'Peret', '4:51', [Flamenco], false, 8000000); \nlet cancion27 = new Cancion('The Prodigy', 'The Prodigy', '2:53', [Electronica], false, 2100000); \nlet cancion28 = new Cancion('Nasty', 'The Prodigy', '3:42', [Electronica], false, 15217880); \nlet cancion29 = new Cancion('Rebel Radio', 'The Prodigy', '3:53', [Electronica], false, 1000000); \nlet cancion30 = new Cancion('Diez mil porqués', 'Beret', '3:32', [Rap], false, 40000000); \nlet cancion31 = new Cancion('Esencial', 'Beret', '2:40', [Rap, Pop], false, 23000000); \nlet cancion32 = new Cancion('Yo te esperaré', 'Cali y El Dandee', '4:14', [Regueton], false, 469000000); \nlet cancion33 = new Cancion('Te doy mi corazón', 'Cali y El Dandee', '4:01', [Regueton], false, 4600000); \nlet cancion34 = new Cancion('La playa', 'Cali y El Dandee', '3:43', [Regueton], false, 5600000); \nlet cancion35 = new Cancion('Many Men', '50Cent', '4:58', [Hip_Hop], false, 388000000); \nlet cancion36 = new Cancion(`Don't Push me`, '50Cent', '4:09', [Hip_Hop], false, 2100000); \nlet cancion37 = new Cancion('Almas Gemelas', 'Myke Towers', '4:49', [Regueton], false, 61000000); \nlet cancion38 = new Cancion('Rutina', 'Myke Towers', '3:38', [Regueton], false, 44641453); \nlet cancion39 = new Cancion('Culture', 'Migos', '4:45', [Hip_Hop], false, 1300000);  \nlet cancion40 = new Cancion('T-Shirt', 'Migos', '4:53', [Hip_Hop], false, 327000000); \nlet cancion41 = new Cancion('Get Right Witcha', 'Migos', '4:18', [Hip_Hop], false, 160000000); \n\n// Singles\nlet cancion42 = new Cancion('Cóseme', 'Beret', '3:22', [Rap], true, 64000000); \nlet cancion43 = new Cancion('Plan A', 'Paulo Londra', '3:06', [Rock], true, 63000000); \nlet cancion44 = new Cancion('Face My Fears', 'Skrillex', '3:38', [Electronica], true, 19943008); \nlet cancion45 = new Cancion('Tubular Bells', 'Mike Oldfield', '5:33', [Electronica], true, 116000); \nlet cancion46 = new Cancion('Outkast', 'BoB',  '4:25', [Hip_Hop], true, 20011803); \nlet cancion47 = new Cancion('Lose Yourself', 'Eminem',  '5:24', [Hip_Hop, Rap], true, 1200000000000); \nlet cancion48 = new Cancion('Solita', 'Ozuna', '5:50', [Electronica], false, 609000000); \nlet cancion49 = new Cancion('Rumbatón', 'Daddy Yankee', '4:15', [Regueton], false, 1154580120); \nlet cancion50 = new Cancion('Bad', 'Michael Jackson',  '4:20', [RyB, Hip_Hop], true, 401000000); \n\nexport let canciones: Cancion[] = [cancion1, cancion2, cancion3, cancion4, cancion5, cancion6, cancion7, cancion8, cancion9, cancion10, cancion11, cancion12, cancion13, cancion14, cancion15, cancion16, cancion17, cancion18, cancion19, cancion20, cancion21, cancion22, cancion23, cancion24, cancion25, cancion26, cancion27, cancion28, cancion29, cancion30, cancion31, cancion32, cancion33, cancion34, cancion35, cancion36, cancion37, cancion38, cancion39, cancion40, cancion41, cancion42, cancion43, cancion44, cancion45, cancion46, cancion47, cancion48, cancion49, cancion50];\n\n// Artistas construidos con el nombre solo\nexport let artista1 = new Artistas('Michael Jackson');\nlet artista2 = new Artistas('Freddie Mercury');\nlet artista3 = new Artistas('Alan Ryker');\nlet artista4 = new Artistas('Rosalía');\nlet artista5 = new Artistas('Beret');\nlet artista6 = new Artistas('Peret');\nlet artista7 = new Artistas('Myke Towers');\nlet artista8 = new Artistas('Paulo Londra');\nlet artista9 = new Artistas('Skrillex');\nlet artista10 = new Artistas('Mike Oldfield');\nlet artista11 = new Artistas('BoB');\nlet artista12 = new Artistas('Eminem');\nlet artista13 = new Artistas('Ozuna');\nlet artista14 = new Artistas('Daddy Yankee');\nlet artista15 = new Artistas('50Cent');\n// Metallica componentes\nlet artista16 = new Artistas('James Heltfield');\nlet artista17 = new Artistas('Cliff Burton');\nlet artista18 = new Artistas('Lars Ulrich');\nlet artista19 = new Artistas('Dave Mustaine');\nlet artista20 = new Artistas('Kirk Hammett');\nlet artista21 = new Artistas('Jason Newsted');\nlet artista22 = new Artistas('Robert Trujillo');\nlet artista23 = new Artistas('Ron McGovney');\n// Queen componentes\nlet artista24 = new Artistas('Brian May');\nlet artista25 = new Artistas('John Deacon');\nlet artista26 = new Artistas('Roger Taylor');\nlet artista27 = new Artistas('Mike Grose');\nlet artista28 = new Artistas('Doug Bogie');\nlet artista29 = new Artistas('Queen Barry Mitchell');\n//Los Chunguitos componentes\nlet artista30 = new Artistas('Enrique Salazar');\nlet artista31 = new Artistas('Juan Salazar');\nlet artista32 = new Artistas('José Salazar');\n//The Prodigy componentes\nlet artista33 = new Artistas('Keith Flint');\nlet artista34 = new Artistas('Liam Howlett');\nlet artista35 = new Artistas('Maxim Reality');\nlet artista36 = new Artistas('Sharky');\n//Cali y El Dandee componentes\nlet artista37 = new Artistas('Alejandro Rengifo');\nlet artista38 = new Artistas('Mauricio Rengifo');\n//Migos componentes\nlet artista39 = new Artistas('Quavo');\nlet artista40 = new Artistas('Offset');\nlet artista41 = new Artistas('Takeoff');\n\nexport let artistas: Artistas[] = [artista1, artista2, artista3, artista4, artista5, artista6, artista7, artista8, artista9, artista10, artista11, artista12, artista13, artista14, artista15, artista16, artista17, artista18, artista19, artista20, artista21, artista22, artista23, artista24, artista25, artista26, artista27, artista28, artista29, artista30, artista31, artista32, artista33, artista34, artista35, artista36, artista37, artista38, artista39, artista40, artista41];\n\n// Grupos construidos con el nombre solo\nexport let grupo1 = new Grupos(`Metallica`);\nlet grupo2 = new Grupos(`Queen`);\nlet grupo3 = new Grupos(`Los Chunguitos`);\nlet grupo4 = new Grupos(`The Prodigy`);\nlet grupo5 = new Grupos(`Cali y El Dandee`);\nlet grupo6 = new Grupos(`Migos`);\n\nexport let grupos: Grupos[] = [grupo1, grupo2, grupo3, grupo4, grupo5, grupo6];\n\n// Album puede construirse con todo \nexport let album1 = new Album(`Thriller`, artista1, [Rock, RyB, Soul, Pop], 1982,[cancion2, cancion3, cancion4, cancion5, cancion6, cancion7, cancion8, cancion9, cancion10]);\nlet album2 = new Album(`The Day Is My Enemy`, `The Prodigy`, [Electronica], 2015, [cancion27, cancion28, cancion29]);\nlet album3 = new Album(`El Mal Querer`, artista4, [Flamenco, Pop, Rap], 2018, [cancion11, cancion12, cancion13]);\nlet album4 = new Album(`Made in Heaven`, `Queen`, [Rock, Metal], 1995, [cancion14, cancion15, cancion16]);\nlet album5 = new Album(`Prisma`, artista5, [Rap, Pop], 2019, [cancion18, cancion30, cancion31]);\nlet album6 = new Album(`Master Of Puppets`, `Metallica`, [Metal], 1986, [cancion19, cancion20, cancion21]);\nlet album7 = new Album(`Morir de amor`, `Los Chunguitos`, [Flamenco], 2003, [cancion22, cancion23, cancion24]);\nlet album8 = new Album(`Borriquito`, artista6, [Flamenco], 1972, [cancion25, cancion26]);\nlet album9 = new Album(`3a.m.`, `Cali y El Dandee`, [Regueton], 2012, [cancion32, cancion33, cancion34]);\nlet album10 = new Album(`Get Rich or Die Tryin'`, artista15, [Hip_Hop], 2003, [cancion35, cancion36]); \nlet album11 = new Album(`ALMAS GEMELAS`, artista7, [Hip_Hop], 2021, [cancion37, cancion38]);\nlet album12 = new Album(`Asd`, artista5, [Hip_Hop], 2017, [cancion39, cancion40, cancion41]);\nlet album13 = new Album(`Zrt`, artista5, [Hip_Hop], 2018, [cancion39, cancion40, cancion41, cancion45]);\nlet album14 = new Album(`Mpn`, artista5, [Hip_Hop], 2030, [cancion39, cancion40, cancion41]);\nlet album15 = new Album(`Culture`, `Migos`, [Hip_Hop], 2017, [cancion39, cancion40, cancion41]);\n\nexport let albumes: Album[] = [album1, album2, album3, album4, album5, album6, album7, album8, album9, album10, album11, album12,  album13, album14, album15];\n\n\n// rellenar grupos\ngrupo1.construirGrupo([artista16, artista17, artista18, artista19, artista20, artista21, artista22, artista23], 1983, [Metal], [album6, album3, album4, album1], 8000000);\ngrupo2.construirGrupo([artista2, artista24, artista25, artista26, artista27, artista28, artista29], 1970, [Rock, Pop, Metal], [album4], 49000000);\ngrupo3.construirGrupo([artista30, artista31, artista32], 1973, [Flamenco], [album7], 137000);\ngrupo4.construirGrupo([artista33, artista34, artista35, artista36], 1990, [Electronica], [album2], 241000);\ngrupo5.construirGrupo([artista37, artista38], 2011, [Regueton], [album9], 1200000);\ngrupo6.construirGrupo([artista39, artista40, artista41], 2009, [Hip_Hop], [album12], 12400000);\n//console.log(artista16.getGrupos());\n\n// rellenar artistas \nartista1.construirArtista( [cancion2, cancion3, cancion4, cancion5, cancion6, cancion7, cancion8, cancion9, cancion10], 28125943); \nartista2.construirArtista( [cancion14, cancion15, cancion16, cancion17], 2539164); \nartista3.construirArtista( [cancion1], 13552); \nartista4.construirArtista( [cancion11, cancion12, cancion13], 1000000);\nartista5.construirArtista( [cancion18, cancion30, cancion31, cancion42], 5439541);\nartista6.construirArtista( [cancion25, cancion26], 234051);\nartista7.construirArtista( [cancion37, cancion38], 27889188);\nartista8.construirArtista( [cancion43], 17259897);\nartista9.construirArtista( [cancion44], 20139441);\nartista10.construirArtista( [cancion45], 2068481);\nartista11.construirArtista( [cancion46], 11153307);\nartista12.construirArtista( [cancion47], 52950475);\nartista13.construirArtista( [cancion48], 35251309);\nartista14.construirArtista( [cancion49], 2068741);\nartista15.construirArtista( [cancion35, cancion36], 1585307);\n// Metallica artistas\nartista16.construirArtista( [cancion19, cancion20, cancion21], 17965468);\nartista17.construirArtista( [cancion19, cancion20, cancion21], 17965468);\nartista18.construirArtista( [cancion19, cancion20, cancion21], 17965468);\nartista19.construirArtista( [cancion19, cancion20, cancion21], 17965468);\nartista20.construirArtista( [cancion19, cancion20, cancion21], 17965468);\nartista21.construirArtista( [cancion19, cancion20, cancion21], 17965468);\nartista22.construirArtista( [cancion19, cancion20, cancion21], 17965468);\nartista23.construirArtista( [cancion19, cancion20, cancion21], 17965468);\n// Queen artistas\nartista24.construirArtista( [cancion14, cancion15, cancion16], 1585307);\nartista25.construirArtista( [cancion14, cancion15, cancion16], 1585307);\nartista26.construirArtista( [cancion14, cancion15, cancion16], 1585307);\nartista27.construirArtista( [cancion14, cancion15, cancion16], 1585307);\nartista28.construirArtista( [cancion14, cancion15, cancion16], 1585307);\nartista29.construirArtista( [cancion14, cancion15, cancion16], 1585307);\n// Los Chunguitos artistas\nartista30.construirArtista( [cancion22, cancion23, cancion24], 314980);\nartista31.construirArtista( [cancion22, cancion23, cancion24], 314980);\nartista32.construirArtista( [cancion22, cancion23, cancion24], 314980);\n// The Prodigy artistas\nartista33.construirArtista( [cancion27, cancion28, cancion29], 3378893);\nartista34.construirArtista( [cancion27, cancion28, cancion29], 3378893);\nartista35.construirArtista( [cancion27, cancion28, cancion29], 3378893);\nartista36.construirArtista( [cancion27, cancion28, cancion29], 3378893);\n// Cali y el Dandee artistas\nartista37.construirArtista( [cancion32, cancion33, cancion34], 8907725);\nartista38.construirArtista( [cancion32, cancion33, cancion34], 8907725);\n// Migos artistas\nartista39.construirArtista( [cancion39, cancion40, cancion41], 17644273);\nartista40.construirArtista( [cancion39, cancion40, cancion41], 17644273);\nartista41.construirArtista( [cancion39, cancion40, cancion41], 17644273);\n/*\nexport let artistas: Artistas[] = [artista1, artista2, artista3, artista4, artista5, artista6, artista7, artista8, artista9, artista10, artista11, artista12, artista13, artista14, artista15, artista16, artista17, artista18, artista19, artista20, artista21, artista22, artista23, artista24, artista25, artista26, artista27, artista28, artista29, artista30, artista31, artista32, artista33, artista34, artista35, artista36, artista37, artista38, artista39, artista40, artista41];\nexport let grupos: Grupos[] = [grupo1, grupo2, grupo3, grupo4, grupo5, grupo6];\n*/\n// Playlists\nexport let playlist1 = new Playlist(`Regueton a Full`, [cancion37, cancion38, cancion49, cancion32, cancion34, cancion33]);\nlet playlist2 = new Playlist(`Rock For Ever`, [cancion3, cancion14, cancion43]);\nlet playlist3 = new Playlist(`Flamencos de corazóh`, [cancion11, cancion24, cancion26]);\nlet playlist4 = new Playlist(`Popurri`, [cancion20, cancion23, cancion45]);\nlet playlist5 = new Playlist(`De todo un poco`, [cancion19, cancion5, cancion3]);\nlet playlist6 = new Playlist(`Relax`, [cancion18, cancion23, cancion45]);\nlet playlist7 = new Playlist(`Descansito`, [cancion19, cancion30, cancion3]);\nexport let playlists: Playlist[] = [playlist1, playlist2, playlist3, playlist4, playlist5, playlist6, playlist7]\n/*\nexport function CommandsGenerosCanciones(CommandsGenerosCanciones: any): import(\"inquirer\").AsyncDynamicQuestionProperty<readonly import(\"inquirer\").DistinctChoice<import(\"inquirer\").ListChoiceMap<{ generoCancion: any; }>, import(\"inquirer\").AllChoiceMap<import(\"inquirer\").ListChoiceMap<{ generoCancion: any; }>>>[], { ...; }> | undefined {\n    throw new Error('Function not implemented.');\n}*/\n//console.log(playlist1.getGeneros());\n\n\n// Llamadas a métodos\n//console.log(cancion1.getGeneroMusical());\n//console.log(Pop.getGrupos());\n//console.log(Rock);\n//console.log(cancion1.getGeneroMusical());\n//console.log(cancion1);\n//console.log(artista1);\n//console.log(grupo1.dame());\n\n"]},"_coverageSchema":"1a1c01bbd47fc00a2c39e90264f33305004495a9","hash":"51900dbdedb4862fa40081f86513c910353cef91","contentHash":"f165431d8bba960319d4cdda83acc111edb8401a5388b70c9e7d48edac8fa880"}}