{"/home/usuario/ull-esit-inf-dsi-21-22-prct07-music-datamodel-grupo_l/src/clases/album.ts":{"path":"/home/usuario/ull-esit-inf-dsi-21-22-prct07-music-datamodel-grupo_l/src/clases/album.ts","statementMap":{"0":{"start":{"line":2,"column":0},"end":{"line":2,"column":62}},"1":{"start":{"line":3,"column":0},"end":{"line":3,"column":23}},"2":{"start":{"line":4,"column":17},"end":{"line":4,"column":36}},"3":{"start":{"line":5,"column":19},"end":{"line":5,"column":40}},"4":{"start":{"line":18,"column":8},"end":{"line":18,"column":39}},"5":{"start":{"line":19,"column":8},"end":{"line":19,"column":31}},"6":{"start":{"line":20,"column":8},"end":{"line":20,"column":29}},"7":{"start":{"line":21,"column":8},"end":{"line":21,"column":47}},"8":{"start":{"line":22,"column":8},"end":{"line":22,"column":35}},"9":{"start":{"line":23,"column":8},"end":{"line":25,"column":9}},"10":{"start":{"line":24,"column":12},"end":{"line":24,"column":41}},"11":{"start":{"line":26,"column":8},"end":{"line":28,"column":11}},"12":{"start":{"line":27,"column":12},"end":{"line":27,"column":41}},"13":{"start":{"line":35,"column":8},"end":{"line":35,"column":32}},"14":{"start":{"line":42,"column":8},"end":{"line":47,"column":9}},"15":{"start":{"line":43,"column":12},"end":{"line":43,"column":49}},"16":{"start":{"line":46,"column":12},"end":{"line":46,"column":51}},"17":{"start":{"line":54,"column":22},"end":{"line":54,"column":24}},"18":{"start":{"line":55,"column":8},"end":{"line":57,"column":11}},"19":{"start":{"line":56,"column":12},"end":{"line":56,"column":52}},"20":{"start":{"line":58,"column":8},"end":{"line":58,"column":23}},"21":{"start":{"line":65,"column":8},"end":{"line":65,"column":36}},"22":{"start":{"line":72,"column":8},"end":{"line":72,"column":30}},"23":{"start":{"line":79,"column":8},"end":{"line":79,"column":34}},"24":{"start":{"line":86,"column":8},"end":{"line":91,"column":9}},"25":{"start":{"line":87,"column":12},"end":{"line":87,"column":33}},"26":{"start":{"line":90,"column":12},"end":{"line":90,"column":33}},"27":{"start":{"line":98,"column":8},"end":{"line":98,"column":25}},"28":{"start":{"line":99,"column":8},"end":{"line":99,"column":29}},"29":{"start":{"line":106,"column":8},"end":{"line":106,"column":36}},"30":{"start":{"line":113,"column":8},"end":{"line":113,"column":28}},"31":{"start":{"line":114,"column":8},"end":{"line":114,"column":33}},"32":{"start":{"line":117,"column":0},"end":{"line":117,"column":22}}},"fnMap":{"0":{"name":"(anonymous_0)","decl":{"start":{"line":17,"column":4},"end":{"line":17,"column":5}},"loc":{"start":{"line":17,"column":74},"end":{"line":29,"column":5}},"line":17},"1":{"name":"(anonymous_1)","decl":{"start":{"line":26,"column":23},"end":{"line":26,"column":24}},"loc":{"start":{"line":26,"column":34},"end":{"line":28,"column":9}},"line":26},"2":{"name":"(anonymous_2)","decl":{"start":{"line":34,"column":4},"end":{"line":34,"column":5}},"loc":{"start":{"line":34,"column":21},"end":{"line":36,"column":5}},"line":34},"3":{"name":"(anonymous_3)","decl":{"start":{"line":41,"column":4},"end":{"line":41,"column":5}},"loc":{"start":{"line":41,"column":17},"end":{"line":48,"column":5}},"line":41},"4":{"name":"(anonymous_4)","decl":{"start":{"line":53,"column":4},"end":{"line":53,"column":5}},"loc":{"start":{"line":53,"column":16},"end":{"line":59,"column":5}},"line":53},"5":{"name":"(anonymous_5)","decl":{"start":{"line":55,"column":28},"end":{"line":55,"column":29}},"loc":{"start":{"line":55,"column":39},"end":{"line":57,"column":9}},"line":55},"6":{"name":"(anonymous_6)","decl":{"start":{"line":64,"column":4},"end":{"line":64,"column":5}},"loc":{"start":{"line":64,"column":14},"end":{"line":66,"column":5}},"line":64},"7":{"name":"(anonymous_7)","decl":{"start":{"line":71,"column":4},"end":{"line":71,"column":5}},"loc":{"start":{"line":71,"column":19},"end":{"line":73,"column":5}},"line":71},"8":{"name":"(anonymous_8)","decl":{"start":{"line":78,"column":4},"end":{"line":78,"column":5}},"loc":{"start":{"line":78,"column":27},"end":{"line":80,"column":5}},"line":78},"9":{"name":"(anonymous_9)","decl":{"start":{"line":85,"column":4},"end":{"line":85,"column":5}},"loc":{"start":{"line":85,"column":22},"end":{"line":92,"column":5}},"line":85},"10":{"name":"(anonymous_10)","decl":{"start":{"line":97,"column":4},"end":{"line":97,"column":5}},"loc":{"start":{"line":97,"column":22},"end":{"line":100,"column":5}},"line":97},"11":{"name":"(anonymous_11)","decl":{"start":{"line":105,"column":4},"end":{"line":105,"column":5}},"loc":{"start":{"line":105,"column":18},"end":{"line":107,"column":5}},"line":105},"12":{"name":"(anonymous_12)","decl":{"start":{"line":112,"column":4},"end":{"line":112,"column":5}},"loc":{"start":{"line":112,"column":26},"end":{"line":115,"column":5}},"line":112}},"branchMap":{"0":{"loc":{"start":{"line":23,"column":8},"end":{"line":25,"column":9}},"type":"if","locations":[{"start":{"line":23,"column":8},"end":{"line":25,"column":9}},{"start":{"line":23,"column":8},"end":{"line":25,"column":9}}],"line":23},"1":{"loc":{"start":{"line":42,"column":8},"end":{"line":47,"column":9}},"type":"if","locations":[{"start":{"line":42,"column":8},"end":{"line":47,"column":9}},{"start":{"line":42,"column":8},"end":{"line":47,"column":9}}],"line":42},"2":{"loc":{"start":{"line":86,"column":8},"end":{"line":91,"column":9}},"type":"if","locations":[{"start":{"line":86,"column":8},"end":{"line":91,"column":9}},{"start":{"line":86,"column":8},"end":{"line":91,"column":9}}],"line":86}},"s":{"0":1,"1":1,"2":1,"3":1,"4":13,"5":13,"6":13,"7":13,"8":13,"9":13,"10":6,"11":13,"12":20,"13":2,"14":2,"15":1,"16":1,"17":1,"18":1,"19":2,"20":1,"21":1,"22":1,"23":1,"24":2,"25":1,"26":1,"27":1,"28":1,"29":1,"30":1,"31":1,"32":1},"f":{"0":13,"1":20,"2":2,"3":2,"4":1,"5":2,"6":1,"7":1,"8":1,"9":2,"10":1,"11":1,"12":1},"b":{"0":[6,7],"1":[1,1],"2":[1,1]},"inputSourceMap":{"version":3,"file":"/home/usuario/ull-esit-inf-dsi-21-22-prct07-music-datamodel-grupo_l/src/clases/album.ts","sources":["/home/usuario/ull-esit-inf-dsi-21-22-prct07-music-datamodel-grupo_l/src/clases/album.ts"],"names":[],"mappings":";;;AACA,qCAAkC;AAClC,yCAAsC;AAItC;;;;;;;;;GASG;AACH,MAAa,KAAK;IAOjB,YAAY,WAAmB,EAAE,OAA0B,EAAE,MAA0B,EACtF,eAAuB,EAAE,SAAoB;QAC5C,IAAI,CAAC,WAAW,GAAG,WAAW,CAAC;QAC/B,IAAI,CAAC,OAAO,GAAG,OAAO,CAAC;QACvB,IAAI,CAAC,MAAM,GAAG,MAAM,CAAC;QACrB,IAAI,CAAC,eAAe,GAAG,eAAe,CAAC;QACvC,IAAI,CAAC,SAAS,GAAG,SAAS,CAAC;QAC3B,IAAG,OAAO,YAAY,mBAAQ,EAAC;YAC9B,OAAO,CAAC,cAAc,CAAC,IAAI,CAAC,CAAC;SAC7B;QACD,MAAM,CAAC,OAAO,CAAC,OAAO,CAAC,EAAE;YACxB,OAAO,CAAC,cAAc,CAAC,IAAI,CAAC,CAAC;QAC9B,CAAC,CAAC,CAAC;IACJ,CAAC;IAIF;;;OAGG;IACH,cAAc;QACb,OAAO,IAAI,CAAC,WAAW,CAAC;IACzB,CAAC;IACD;;;OAGG;IACH,UAAU;QACT,IAAI,IAAI,CAAC,OAAO,YAAY,eAAM,EAAC;YAClC,OAAO,IAAI,CAAC,OAAO,CAAC,cAAc,EAAE,CAAC;SACrC;aAAM;YACN,OAAO,IAAI,CAAC,OAAO,CAAC,gBAAgB,EAAE,CAAC;SACvC;IACF,CAAC;IACD;;;OAGG;IACH,SAAS;QACR,IAAI,OAAO,GAAa,EAAE,CAAC;QAC3B,IAAI,CAAC,MAAM,CAAC,OAAO,CAAC,OAAO,CAAC,EAAE;YAC7B,OAAO,CAAC,IAAI,CAAC,OAAO,CAAC,eAAe,EAAE,CAAC,CAAC;QACzC,CAAC,CAAC,CAAC;QACH,OAAO,OAAO,CAAC;IAChB,CAAC;IAED;;;OAGG;IACH,OAAO;QACN,OAAO,IAAI,CAAC,eAAe,CAAC;IAC7B,CAAC;IAED;;;OAGG;IACH,YAAY;QACX,OAAO,IAAI,CAAC,SAAS,CAAC;IACvB,CAAC;IAED;;;OAGG;IACH,cAAc,CAAC,MAAc;QAC5B,IAAI,CAAC,WAAW,GAAG,MAAM,CAAC;IAC3B,CAAC;IAED;;;OAGG;IACH,UAAU,CAAC,KAAwB;QAClC,IAAI,KAAK,YAAY,eAAM,EAAC;YAC3B,IAAI,CAAC,OAAO,GAAG,KAAK,CAAC;SACrB;aAAM;YACN,IAAI,CAAC,OAAO,GAAG,KAAK,CAAC;SACrB;IAEF,CAAC;IAED;;;OAGG;IACH,SAAS,CAAC,MAA0B;QACnC,IAAI,CAAC,MAAM,GAAG,EAAE,CAAC;QACf,IAAI,CAAC,MAAM,GAAG,MAAM,CAAC;IACxB,CAAC;IAED;;;OAGG;IACH,OAAO,CAAC,IAAY;QACnB,IAAI,CAAC,eAAe,GAAG,IAAI,CAAC;IAC7B,CAAC;IAED;;;OAGG;IACH,YAAY,CAAC,OAAkB;QAC9B,IAAI,CAAC,SAAS,GAAG,EAAE,CAAC;QACpB,IAAI,CAAC,SAAS,GAAG,OAAO,CAAC;IAC1B,CAAC;CAED;AArHD,sBAqHC","sourcesContent":["import { Cancion } from \"./cancion\";\nimport { Grupos } from \"./grupos\";\nimport { Artistas } from \"./artistas\";\nimport { GenerosMusicales } from \"./generosMusicales\";\nimport {albumes} from \"../index\";\n\n/**\n * TRABAJO GRUPO L\n * @class Album contiene las especificaciones de los\n * distintos álbumes\n * @param nombreAlbum del album\n * @param autores autor del album (artista o grupo)\n * @param genero array de GenerosMusicales\n * @param yearPublicacion año de publicación del album\n * @param canciones array de Cancion\n */\nexport class Album {\n  private nombreAlbum: string;\n\tprivate autores: Grupos | Artistas;\n\tprivate genero: GenerosMusicales[];\n\tprivate yearPublicacion: number;\n\tprivate canciones: Cancion[];\n\n\tconstructor(nombreAlbum: string, autores: Grupos | Artistas, genero: GenerosMusicales[],\n\t\tyearPublicacion: number, canciones: Cancion[]){\n\t\t\tthis.nombreAlbum = nombreAlbum;\n\t\t\tthis.autores = autores;\n\t\t\tthis.genero = genero;\n\t\t\tthis.yearPublicacion = yearPublicacion;\n\t\t\tthis.canciones = canciones;\n\t\t\tif(autores instanceof Artistas){\n\t\t\t\tautores.autoSetAlbumes(this);\n\t\t\t}\n\t\t\tgenero.forEach(element => {\n\t\t\t\telement.autoSetAlbumes(this);\n\t\t\t});\n\t\t}\n\n\n\n\t/**\n\t * Getter del nombre del album\n\t * @returns nombre del album\n\t */\n\tgetNombreAlbum(){\n\t\treturn this.nombreAlbum;\n\t}\n\t/**\n\t * Getter de autor del album\n\t * @returns el nombre del grupo o el nombre del artista\n\t */\n\tgetAutores(){\n\t\tif (this.autores instanceof Grupos){\n\t\t\treturn this.autores.getNombreGrupo();\n\t\t} else {\n\t\t\treturn this.autores.getNombreArtista();\n\t\t}\n\t}\n\t/**\n\t * Getter de los géneros musicales del album\n\t * @returns géneros musicales del album\n\t */\n\tgetGenero(){\n\t\tlet generos: string[] = [];\n\t\tthis.genero.forEach(element => {\n\t\t\tgeneros.push(element.getNombreGenero());\n\t\t});\n\t\treturn generos;\n\t}\n\n\t/**\n\t * Getter del año de publicación del album\n\t * @returns año de publicación\n\t */\n\tgetYear(){\n\t\treturn this.yearPublicacion;\n\t}\n\n\t/**\n\t * Getter del nombre de las canciones del album\n\t * @returns nombre de las canciones\n\t */\n\tgetCanciones(){\n\t\treturn this.canciones;\n\t}\n\n\t/**\n\t * Setter del nombre del album\n\t * @param nombre del album\n\t */\n\tsetNombreAlbum(nombre: string){\n\t\tthis.nombreAlbum = nombre;\n\t}\n\n\t/**\n\t * Setter del autor del album\n\t * @param autor del album que puede ser un grupo o un artista\n\t */\n\tsetAutores(autor: Grupos | Artistas){\n\t\tif (autor instanceof Grupos){\n\t\t\tthis.autores = autor;\n\t\t} else {\n\t\t\tthis.autores = autor;\n\t\t}\n\t\t\n\t}\n\n\t/**\n\t * Setter de los géneros musicales del album\n\t * @param genero musicales del album\n\t */\n\tsetGenero(genero: GenerosMusicales[]){\n\t\tthis.genero = [];\n    this.genero = genero;\n\t}\n\n\t/**\n\t * Setter del año de publicación del album\n\t * @param year de publicación\n\t */\n\tsetYear(year: number){\n\t\tthis.yearPublicacion = year;\n\t}\n\n\t/**\n\t * Setter de las canciones del album\n\t * @param cancion del (album array de canciones)\n\t */\n\tsetCanciones(cancion: Cancion[]){\n\t\tthis.canciones = [];\n\t\tthis.canciones = cancion;\n\t}\n\n}"]},"_coverageSchema":"1a1c01bbd47fc00a2c39e90264f33305004495a9","hash":"e0ed98f70686e9ba4049ceebabb2dd39f4ee9980","contentHash":"cbac2f9301f50d7494616aa498d1fd7a3ad999cf773b2a764827f38066765083"},"/home/usuario/ull-esit-inf-dsi-21-22-prct07-music-datamodel-grupo_l/src/clases/grupos.ts":{"path":"/home/usuario/ull-esit-inf-dsi-21-22-prct07-music-datamodel-grupo_l/src/clases/grupos.ts","statementMap":{"0":{"start":{"line":2,"column":0},"end":{"line":2,"column":62}},"1":{"start":{"line":3,"column":0},"end":{"line":3,"column":24}},"2":{"start":{"line":17,"column":8},"end":{"line":17,"column":39}},"3":{"start":{"line":29,"column":8},"end":{"line":29,"column":33}},"4":{"start":{"line":30,"column":8},"end":{"line":30,"column":35}},"5":{"start":{"line":31,"column":8},"end":{"line":31,"column":29}},"6":{"start":{"line":32,"column":8},"end":{"line":32,"column":31}},"7":{"start":{"line":33,"column":8},"end":{"line":33,"column":31}},"8":{"start":{"line":34,"column":8},"end":{"line":36,"column":11}},"9":{"start":{"line":35,"column":12},"end":{"line":35,"column":40}},"10":{"start":{"line":37,"column":8},"end":{"line":39,"column":11}},"11":{"start":{"line":38,"column":12},"end":{"line":38,"column":40}},"12":{"start":{"line":46,"column":8},"end":{"line":46,"column":32}},"13":{"start":{"line":53,"column":24},"end":{"line":53,"column":26}},"14":{"start":{"line":54,"column":8},"end":{"line":56,"column":11}},"15":{"start":{"line":55,"column":12},"end":{"line":55,"column":55}},"16":{"start":{"line":57,"column":8},"end":{"line":57,"column":25}},"17":{"start":{"line":64,"column":8},"end":{"line":64,"column":30}},"18":{"start":{"line":71,"column":22},"end":{"line":71,"column":24}},"19":{"start":{"line":72,"column":8},"end":{"line":74,"column":11}},"20":{"start":{"line":73,"column":12},"end":{"line":73,"column":52}},"21":{"start":{"line":75,"column":8},"end":{"line":75,"column":23}},"22":{"start":{"line":82,"column":8},"end":{"line":82,"column":28}},"23":{"start":{"line":89,"column":8},"end":{"line":89,"column":28}},"24":{"start":{"line":96,"column":8},"end":{"line":96,"column":34}},"25":{"start":{"line":103,"column":8},"end":{"line":103,"column":27}},"26":{"start":{"line":104,"column":8},"end":{"line":104,"column":33}},"27":{"start":{"line":111,"column":8},"end":{"line":111,"column":30}},"28":{"start":{"line":118,"column":8},"end":{"line":118,"column":25}},"29":{"start":{"line":119,"column":8},"end":{"line":119,"column":29}},"30":{"start":{"line":126,"column":8},"end":{"line":126,"column":26}},"31":{"start":{"line":127,"column":8},"end":{"line":127,"column":29}},"32":{"start":{"line":134,"column":8},"end":{"line":134,"column":30}},"33":{"start":{"line":137,"column":0},"end":{"line":137,"column":24}}},"fnMap":{"0":{"name":"(anonymous_0)","decl":{"start":{"line":16,"column":4},"end":{"line":16,"column":5}},"loc":{"start":{"line":16,"column":29},"end":{"line":18,"column":5}},"line":16},"1":{"name":"(anonymous_1)","decl":{"start":{"line":28,"column":4},"end":{"line":28,"column":5}},"loc":{"start":{"line":28,"column":66},"end":{"line":40,"column":5}},"line":28},"2":{"name":"(anonymous_2)","decl":{"start":{"line":34,"column":23},"end":{"line":34,"column":24}},"loc":{"start":{"line":34,"column":34},"end":{"line":36,"column":9}},"line":34},"3":{"name":"(anonymous_3)","decl":{"start":{"line":37,"column":25},"end":{"line":37,"column":26}},"loc":{"start":{"line":37,"column":36},"end":{"line":39,"column":9}},"line":37},"4":{"name":"(anonymous_4)","decl":{"start":{"line":45,"column":4},"end":{"line":45,"column":5}},"loc":{"start":{"line":45,"column":21},"end":{"line":47,"column":5}},"line":45},"5":{"name":"(anonymous_5)","decl":{"start":{"line":52,"column":4},"end":{"line":52,"column":5}},"loc":{"start":{"line":52,"column":18},"end":{"line":58,"column":5}},"line":52},"6":{"name":"(anonymous_6)","decl":{"start":{"line":54,"column":30},"end":{"line":54,"column":31}},"loc":{"start":{"line":54,"column":41},"end":{"line":56,"column":9}},"line":54},"7":{"name":"(anonymous_7)","decl":{"start":{"line":63,"column":4},"end":{"line":63,"column":5}},"loc":{"start":{"line":63,"column":19},"end":{"line":65,"column":5}},"line":63},"8":{"name":"(anonymous_8)","decl":{"start":{"line":70,"column":4},"end":{"line":70,"column":5}},"loc":{"start":{"line":70,"column":16},"end":{"line":76,"column":5}},"line":70},"9":{"name":"(anonymous_9)","decl":{"start":{"line":72,"column":28},"end":{"line":72,"column":29}},"loc":{"start":{"line":72,"column":39},"end":{"line":74,"column":9}},"line":72},"10":{"name":"(anonymous_10)","decl":{"start":{"line":81,"column":4},"end":{"line":81,"column":5}},"loc":{"start":{"line":81,"column":17},"end":{"line":83,"column":5}},"line":81},"11":{"name":"(anonymous_11)","decl":{"start":{"line":88,"column":4},"end":{"line":88,"column":5}},"loc":{"start":{"line":88,"column":17},"end":{"line":90,"column":5}},"line":88},"12":{"name":"(anonymous_12)","decl":{"start":{"line":95,"column":4},"end":{"line":95,"column":5}},"loc":{"start":{"line":95,"column":27},"end":{"line":97,"column":5}},"line":95},"13":{"name":"(anonymous_13)","decl":{"start":{"line":102,"column":4},"end":{"line":102,"column":5}},"loc":{"start":{"line":102,"column":26},"end":{"line":105,"column":5}},"line":102},"14":{"name":"(anonymous_14)","decl":{"start":{"line":110,"column":4},"end":{"line":110,"column":5}},"loc":{"start":{"line":110,"column":23},"end":{"line":112,"column":5}},"line":110},"15":{"name":"(anonymous_15)","decl":{"start":{"line":117,"column":4},"end":{"line":117,"column":5}},"loc":{"start":{"line":117,"column":22},"end":{"line":120,"column":5}},"line":117},"16":{"name":"(anonymous_16)","decl":{"start":{"line":125,"column":4},"end":{"line":125,"column":5}},"loc":{"start":{"line":125,"column":22},"end":{"line":128,"column":5}},"line":125},"17":{"name":"(anonymous_17)","decl":{"start":{"line":133,"column":4},"end":{"line":133,"column":5}},"loc":{"start":{"line":133,"column":23},"end":{"line":135,"column":5}},"line":133}},"branchMap":{},"s":{"0":1,"1":1,"2":6,"3":6,"4":6,"5":6,"6":6,"7":6,"8":6,"9":8,"10":6,"11":27,"12":3,"13":1,"14":1,"15":1,"16":1,"17":1,"18":1,"19":1,"20":2,"21":1,"22":1,"23":29,"24":1,"25":1,"26":1,"27":1,"28":1,"29":1,"30":1,"31":1,"32":1,"33":1},"f":{"0":6,"1":6,"2":8,"3":27,"4":3,"5":1,"6":1,"7":1,"8":1,"9":2,"10":1,"11":29,"12":1,"13":1,"14":1,"15":1,"16":1,"17":1},"b":{},"inputSourceMap":{"version":3,"file":"/home/usuario/ull-esit-inf-dsi-21-22-prct07-music-datamodel-grupo_l/src/clases/grupos.ts","sources":["/home/usuario/ull-esit-inf-dsi-21-22-prct07-music-datamodel-grupo_l/src/clases/grupos.ts"],"names":[],"mappings":";;;AAIA;;;;;;;;;;GAUG;AACH,MAAa,MAAM;IAQlB,YAAY,WAAmB;QAC9B,IAAI,CAAC,WAAW,GAAG,WAAW,CAAC;IAChC,CAAC;IAED;;;;;;;;OAQG;IACH,cAAc,CAAC,QAAoB,EAAE,SAAiB,EAAE,MAA0B,EAAE,OAAgB,EAAE,OAAe;QACpH,IAAI,CAAC,QAAQ,GAAG,QAAQ,CAAC;QACzB,IAAI,CAAC,SAAS,GAAG,SAAS,CAAC;QAC3B,IAAI,CAAC,MAAM,GAAG,MAAM,CAAC;QACrB,IAAI,CAAC,OAAO,GAAG,OAAO,CAAC;QACvB,IAAI,CAAC,OAAO,GAAG,OAAO,CAAC;QACvB,MAAM,CAAC,OAAO,CAAC,OAAO,CAAC,EAAE;YACxB,OAAO,CAAC,aAAa,CAAC,IAAI,CAAC,CAAC;QAC7B,CAAC,CAAC,CAAC;QACH,QAAQ,CAAC,OAAO,CAAC,OAAO,CAAC,EAAE;YAC1B,OAAO,CAAC,aAAa,CAAC,IAAI,CAAC,CAAC;QAC7B,CAAC,CAAC,CAAC;IAEJ,CAAC;IAGD;;;OAGG;IACH,cAAc;QACb,OAAO,IAAI,CAAC,WAAW,CAAC;IACzB,CAAC;IAED;;;OAGG;IACH,WAAW;QACV,IAAI,SAAS,GAAa,EAAE,CAAC;QACvB,IAAI,CAAC,QAAQ,CAAC,OAAO,CAAC,OAAO,CAAC,EAAE;YAC5B,SAAS,CAAC,IAAI,CAAC,OAAO,CAAC,gBAAgB,EAAE,CAAC,CAAC;QAC/C,CAAC,CAAC,CAAC;QACT,OAAO,SAAS,CAAC;IAClB,CAAC;IAED;;;OAGG;IACH,YAAY;QACX,OAAO,IAAI,CAAC,SAAS,CAAC;IACvB,CAAC;IAED;;;OAGG;IACH,SAAS;QACR,IAAI,OAAO,GAAa,EAAE,CAAC;QACrB,IAAI,CAAC,MAAM,CAAC,OAAO,CAAC,OAAO,CAAC,EAAE;YAC1B,OAAO,CAAC,IAAI,CAAC,OAAO,CAAC,eAAe,EAAE,CAAC,CAAC;QAC5C,CAAC,CAAC,CAAC;QACH,OAAO,OAAO,CAAC;IACtB,CAAC;IAED;;;OAGG;IACH,UAAU;QACT,OAAO,IAAI,CAAC,OAAO,CAAC;IACrB,CAAC;IAED;;;OAGG;IACH,UAAU;QACT,OAAO,IAAI,CAAC,OAAO,CAAC;IACrB,CAAC;IAED;;;OAGG;IACH,cAAc,CAAC,MAAc;QAC5B,IAAI,CAAC,WAAW,GAAG,MAAM,CAAC;IAC3B,CAAC;IAED;;;OAGG;IAEH,WAAW,CAAC,QAAoB;QAC/B,IAAI,CAAC,QAAQ,GAAG,EAAE,CAAC;QACjB,IAAI,CAAC,QAAQ,GAAG,QAAQ,CAAC;IAC5B,CAAC;IAED;;;OAGG;IACH,YAAY,CAAC,IAAY;QACxB,IAAI,CAAC,SAAS,GAAG,IAAI,CAAC;IACvB,CAAC;IAED;;;OAGG;IAEH,SAAS,CAAC,MAA0B;QACnC,IAAI,CAAC,MAAM,GAAG,EAAE,CAAC;QACf,IAAI,CAAC,MAAM,GAAG,MAAM,CAAC;IACxB,CAAC;IAED;;;OAGG;IACH,UAAU,CAAC,KAAc;QACxB,IAAI,CAAC,OAAO,GAAG,EAAE,CAAC;QAClB,IAAI,CAAC,OAAO,GAAG,KAAK,CAAC;IACtB,CAAC;IAED;;;OAGG;IACH,UAAU,CAAC,MAAc;QACxB,IAAI,CAAC,OAAO,GAAG,MAAM,CAAC;IACvB,CAAC;CACD;AAjJD,wBAiJC","sourcesContent":["import { Album } from \"./album\";\nimport { Artistas } from \"./artistas\";\nimport { GenerosMusicales } from \"./generosMusicales\";\n\n/**\n * TRABAJO GRUPO L\n * @class Grupos contiene las especificaciones de los\n * distintos grupos\n * @param nombreGrupo nombre del grupo\n * @param artistas Array que almacena a varios artistas\n * @param yearGrupo Entero que representa el año de creación del grupo\n * @param genero Array que almacena varios Generos Musicales distintos\n * @param albumes Array que almacena distintos álbumes\n * @param oyentes Entero que representa el número de oyentes mensuales\n */\nexport class Grupos {\n  private nombreGrupo: string;\n\tprivate artistas: Artistas[];\n\tprivate yearGrupo: number;\n\tprivate genero: GenerosMusicales[];\n\tprivate albumes: Album[];\n\tprivate oyentes: number;\n\n\tconstructor(nombreGrupo: string){\n\t\tthis.nombreGrupo = nombreGrupo;\n\t}\n\n\t/**\n\t * @function construirGrupo Método para incializar las propiedades restantes de\n\t * la clase Grupos\n\t * @param artistas Array que almacena a varios artistas\n\t * @param yearGrupo Entero que representa el año de creación del grupo\n\t * @param genero Array que almacena varios Generos Musicales distintos\n\t * @param albumes Array que almacena distintos álbumes\n\t * @param oyentes Entero que representa el número de oyentes mensuales\n\t */\n\tconstruirGrupo(artistas: Artistas[], yearGrupo: number, genero: GenerosMusicales[], albumes: Album[], oyentes: number){\n\t\tthis.artistas = artistas;\n\t\tthis.yearGrupo = yearGrupo;\n\t\tthis.genero = genero;\n\t\tthis.albumes = albumes;\n\t\tthis.oyentes = oyentes;\n\t\tgenero.forEach(element => {\n\t\t\telement.autoSetGrupos(this);\n\t\t});\n\t\tartistas.forEach(element => {\n\t\t\telement.autoSetGrupos(this);\n\t\t});\n\t\t\n\t}\n\n\n\t/**\n\t * Getter del nombre de los grupos\n\t * @returns nombre del grupo\n\t */\n\tgetNombreGrupo(){\n\t\treturn this.nombreGrupo;\n\t}\n\n\t/**\n\t * Getter de los artistas\n\t * @returns artistas\n\t */\n\tgetArtistas(){\n\t\tlet artistas_: string[] = [];\n        this.artistas.forEach(element => {\n            artistas_.push(element.getNombreArtista());\n        });\n\t\treturn artistas_;\n\t}\n\n\t/**\n\t * Getter del año de creación del grupo\n\t * @returns año del grupo\n\t */\n\tgetYearGrupo(){\n\t\treturn this.yearGrupo;\n\t}\n\n\t/**\n\t * Getter de los géneros musicales\n\t * @returns géneros\n\t */\n\tgetGenero(){\n\t\tlet generos: string[] = [];\n        this.genero.forEach(element => {\n            generos.push(element.getNombreGenero());\n        });\n        return generos;\n\t}\n\n\t/**\n\t * Getter de los albumes\n\t * @returns albumes\n\t */\n\tgetAlbumes(){\n\t\treturn this.albumes;\n\t}\n\n\t/**\n\t * Getter de los oyentes mensuales\n\t * @returns oyentes mensuales\n\t */\n\tgetOyentes(){\n\t\treturn this.oyentes;\n\t}\n\t\n\t/**\n\t * Setter del nombre del grupos\n\t * @param nombre del grupo\n\t */\n\tsetNombreGrupo(nombre: string){\n\t\tthis.nombreGrupo = nombre;\n\t}\n\n\t/**\n\t * Setter de los artistas\n\t * @param artista del grupo\n\t */\n\t\n\tsetArtistas(artistas: Artistas[]){\n\t\tthis.artistas = [];\n    this.artistas = artistas;\n\t}\n\n\t/**\n\t * Setter del año de creación del grupo\n\t * @param year del grupo\n\t */\n\tsetYearGrupo(year: number){\n\t\tthis.yearGrupo = year;\n\t}\n\n\t/**\n\t * Setter de los géneros del grupo\n\t * @param genero musicales\n\t */\n\t\n\tsetGenero(genero: GenerosMusicales[]){\n\t\tthis.genero = [];\n    this.genero = genero;\n\t}\n\n\t/**\n\t * Setter de los albumes del grupo\n\t * @param album del grupo\n\t */\n\tsetAlbumes(album: Album[]){\n\t\tthis.albumes = [];\n\t\tthis.albumes = album;\n\t}\n\n\t/**\n\t * Setter de los oyentes mensuales\n\t * @param oyente mensuales\n\t */\n\tsetOyentes(oyente: number){\n\t\tthis.oyentes = oyente;\n\t}\n}"]},"_coverageSchema":"1a1c01bbd47fc00a2c39e90264f33305004495a9","hash":"506c528b17972dc7be8990266e0038843175dfcc","contentHash":"e0593309f267e4cd7f468d40ba569cc8db1b47f5a3d4ad4780c4ce6db8863fa2"},"/home/usuario/ull-esit-inf-dsi-21-22-prct07-music-datamodel-grupo_l/src/clases/artistas.ts":{"path":"/home/usuario/ull-esit-inf-dsi-21-22-prct07-music-datamodel-grupo_l/src/clases/artistas.ts","statementMap":{"0":{"start":{"line":2,"column":0},"end":{"line":2,"column":62}},"1":{"start":{"line":3,"column":0},"end":{"line":3,"column":26}},"2":{"start":{"line":17,"column":8},"end":{"line":17,"column":25}},"3":{"start":{"line":18,"column":8},"end":{"line":18,"column":26}},"4":{"start":{"line":19,"column":8},"end":{"line":19,"column":26}},"5":{"start":{"line":20,"column":8},"end":{"line":20,"column":28}},"6":{"start":{"line":21,"column":8},"end":{"line":21,"column":43}},"7":{"start":{"line":31,"column":8},"end":{"line":31,"column":35}},"8":{"start":{"line":32,"column":8},"end":{"line":32,"column":33}},"9":{"start":{"line":34,"column":8},"end":{"line":49,"column":11}},"10":{"start":{"line":35,"column":12},"end":{"line":35,"column":53}},"11":{"start":{"line":36,"column":12},"end":{"line":48,"column":15}},"12":{"start":{"line":37,"column":31},"end":{"line":37,"column":32}},"13":{"start":{"line":38,"column":16},"end":{"line":42,"column":17}},"14":{"start":{"line":38,"column":29},"end":{"line":38,"column":30}},"15":{"start":{"line":39,"column":20},"end":{"line":41,"column":21}},"16":{"start":{"line":40,"column":24},"end":{"line":40,"column":35}},"17":{"start":{"line":43,"column":16},"end":{"line":46,"column":17}},"18":{"start":{"line":44,"column":20},"end":{"line":44,"column":48}},"19":{"start":{"line":45,"column":20},"end":{"line":45,"column":33}},"20":{"start":{"line":47,"column":16},"end":{"line":47,"column":29}},"21":{"start":{"line":50,"column":8},"end":{"line":52,"column":11}},"22":{"start":{"line":51,"column":12},"end":{"line":51,"column":42}},"23":{"start":{"line":59,"column":8},"end":{"line":59,"column":34}},"24":{"start":{"line":66,"column":22},"end":{"line":66,"column":24}},"25":{"start":{"line":67,"column":8},"end":{"line":69,"column":11}},"26":{"start":{"line":68,"column":12},"end":{"line":68,"column":51}},"27":{"start":{"line":70,"column":8},"end":{"line":70,"column":23}},"28":{"start":{"line":77,"column":22},"end":{"line":77,"column":24}},"29":{"start":{"line":78,"column":8},"end":{"line":80,"column":11}},"30":{"start":{"line":79,"column":12},"end":{"line":79,"column":34}},"31":{"start":{"line":81,"column":8},"end":{"line":81,"column":23}},"32":{"start":{"line":88,"column":23},"end":{"line":88,"column":25}},"33":{"start":{"line":89,"column":8},"end":{"line":91,"column":11}},"34":{"start":{"line":90,"column":12},"end":{"line":90,"column":53}},"35":{"start":{"line":92,"column":8},"end":{"line":92,"column":24}},"36":{"start":{"line":99,"column":23},"end":{"line":99,"column":25}},"37":{"start":{"line":100,"column":8},"end":{"line":102,"column":11}},"38":{"start":{"line":101,"column":12},"end":{"line":101,"column":52}},"39":{"start":{"line":103,"column":8},"end":{"line":103,"column":24}},"40":{"start":{"line":110,"column":23},"end":{"line":110,"column":25}},"41":{"start":{"line":111,"column":8},"end":{"line":113,"column":11}},"42":{"start":{"line":112,"column":12},"end":{"line":112,"column":35}},"43":{"start":{"line":114,"column":8},"end":{"line":114,"column":24}},"44":{"start":{"line":121,"column":25},"end":{"line":121,"column":27}},"45":{"start":{"line":122,"column":8},"end":{"line":124,"column":11}},"46":{"start":{"line":123,"column":12},"end":{"line":123,"column":56}},"47":{"start":{"line":125,"column":8},"end":{"line":125,"column":26}},"48":{"start":{"line":132,"column":25},"end":{"line":132,"column":27}},"49":{"start":{"line":133,"column":8},"end":{"line":135,"column":11}},"50":{"start":{"line":134,"column":12},"end":{"line":134,"column":37}},"51":{"start":{"line":136,"column":8},"end":{"line":136,"column":26}},"52":{"start":{"line":143,"column":8},"end":{"line":143,"column":28}},"53":{"start":{"line":150,"column":8},"end":{"line":150,"column":34}},"54":{"start":{"line":157,"column":8},"end":{"line":157,"column":36}},"55":{"start":{"line":164,"column":8},"end":{"line":164,"column":25}},"56":{"start":{"line":165,"column":8},"end":{"line":165,"column":28}},"57":{"start":{"line":172,"column":8},"end":{"line":172,"column":32}},"58":{"start":{"line":179,"column":8},"end":{"line":179,"column":26}},"59":{"start":{"line":180,"column":8},"end":{"line":180,"column":30}},"60":{"start":{"line":187,"column":8},"end":{"line":187,"column":28}},"61":{"start":{"line":188,"column":8},"end":{"line":188,"column":33}},"62":{"start":{"line":195,"column":8},"end":{"line":197,"column":11}},"63":{"start":{"line":196,"column":12},"end":{"line":196,"column":31}},"64":{"start":{"line":198,"column":8},"end":{"line":200,"column":11}},"65":{"start":{"line":199,"column":12},"end":{"line":199,"column":39}},"66":{"start":{"line":207,"column":8},"end":{"line":207,"column":33}},"67":{"start":{"line":214,"column":30},"end":{"line":214,"column":31}},"68":{"start":{"line":215,"column":8},"end":{"line":217,"column":9}},"69":{"start":{"line":215,"column":21},"end":{"line":215,"column":22}},"70":{"start":{"line":216,"column":12},"end":{"line":216,"column":76}},"71":{"start":{"line":218,"column":8},"end":{"line":218,"column":49}},"72":{"start":{"line":221,"column":0},"end":{"line":221,"column":28}}},"fnMap":{"0":{"name":"(anonymous_0)","decl":{"start":{"line":16,"column":4},"end":{"line":16,"column":5}},"loc":{"start":{"line":16,"column":31},"end":{"line":22,"column":5}},"line":16},"1":{"name":"(anonymous_1)","decl":{"start":{"line":30,"column":4},"end":{"line":30,"column":5}},"loc":{"start":{"line":30,"column":41},"end":{"line":53,"column":5}},"line":30},"2":{"name":"(anonymous_2)","decl":{"start":{"line":34,"column":31},"end":{"line":34,"column":32}},"loc":{"start":{"line":34,"column":42},"end":{"line":49,"column":9}},"line":34},"3":{"name":"(anonymous_3)","decl":{"start":{"line":36,"column":39},"end":{"line":36,"column":40}},"loc":{"start":{"line":36,"column":51},"end":{"line":48,"column":13}},"line":36},"4":{"name":"(anonymous_4)","decl":{"start":{"line":50,"column":29},"end":{"line":50,"column":30}},"loc":{"start":{"line":50,"column":40},"end":{"line":52,"column":9}},"line":50},"5":{"name":"(anonymous_5)","decl":{"start":{"line":58,"column":4},"end":{"line":58,"column":5}},"loc":{"start":{"line":58,"column":23},"end":{"line":60,"column":5}},"line":58},"6":{"name":"(anonymous_6)","decl":{"start":{"line":65,"column":4},"end":{"line":65,"column":5}},"loc":{"start":{"line":65,"column":16},"end":{"line":71,"column":5}},"line":65},"7":{"name":"(anonymous_7)","decl":{"start":{"line":67,"column":28},"end":{"line":67,"column":29}},"loc":{"start":{"line":67,"column":39},"end":{"line":69,"column":9}},"line":67},"8":{"name":"(anonymous_8)","decl":{"start":{"line":76,"column":4},"end":{"line":76,"column":5}},"loc":{"start":{"line":76,"column":22},"end":{"line":82,"column":5}},"line":76},"9":{"name":"(anonymous_9)","decl":{"start":{"line":78,"column":28},"end":{"line":78,"column":29}},"loc":{"start":{"line":78,"column":39},"end":{"line":80,"column":9}},"line":78},"10":{"name":"(anonymous_10)","decl":{"start":{"line":87,"column":4},"end":{"line":87,"column":5}},"loc":{"start":{"line":87,"column":17},"end":{"line":93,"column":5}},"line":87},"11":{"name":"(anonymous_11)","decl":{"start":{"line":89,"column":29},"end":{"line":89,"column":30}},"loc":{"start":{"line":89,"column":40},"end":{"line":91,"column":9}},"line":89},"12":{"name":"(anonymous_12)","decl":{"start":{"line":98,"column":4},"end":{"line":98,"column":5}},"loc":{"start":{"line":98,"column":17},"end":{"line":104,"column":5}},"line":98},"13":{"name":"(anonymous_13)","decl":{"start":{"line":100,"column":29},"end":{"line":100,"column":30}},"loc":{"start":{"line":100,"column":40},"end":{"line":102,"column":9}},"line":100},"14":{"name":"(anonymous_14)","decl":{"start":{"line":109,"column":4},"end":{"line":109,"column":5}},"loc":{"start":{"line":109,"column":23},"end":{"line":115,"column":5}},"line":109},"15":{"name":"(anonymous_15)","decl":{"start":{"line":111,"column":29},"end":{"line":111,"column":30}},"loc":{"start":{"line":111,"column":40},"end":{"line":113,"column":9}},"line":111},"16":{"name":"(anonymous_16)","decl":{"start":{"line":120,"column":4},"end":{"line":120,"column":5}},"loc":{"start":{"line":120,"column":19},"end":{"line":126,"column":5}},"line":120},"17":{"name":"(anonymous_17)","decl":{"start":{"line":122,"column":31},"end":{"line":122,"column":32}},"loc":{"start":{"line":122,"column":42},"end":{"line":124,"column":9}},"line":122},"18":{"name":"(anonymous_18)","decl":{"start":{"line":131,"column":4},"end":{"line":131,"column":5}},"loc":{"start":{"line":131,"column":25},"end":{"line":137,"column":5}},"line":131},"19":{"name":"(anonymous_19)","decl":{"start":{"line":133,"column":31},"end":{"line":133,"column":32}},"loc":{"start":{"line":133,"column":42},"end":{"line":135,"column":9}},"line":133},"20":{"name":"(anonymous_20)","decl":{"start":{"line":142,"column":4},"end":{"line":142,"column":5}},"loc":{"start":{"line":142,"column":17},"end":{"line":144,"column":5}},"line":142},"21":{"name":"(anonymous_21)","decl":{"start":{"line":149,"column":4},"end":{"line":149,"column":5}},"loc":{"start":{"line":149,"column":19},"end":{"line":151,"column":5}},"line":149},"22":{"name":"(anonymous_22)","decl":{"start":{"line":156,"column":4},"end":{"line":156,"column":5}},"loc":{"start":{"line":156,"column":29},"end":{"line":158,"column":5}},"line":156},"23":{"name":"(anonymous_23)","decl":{"start":{"line":163,"column":4},"end":{"line":163,"column":5}},"loc":{"start":{"line":163,"column":21},"end":{"line":166,"column":5}},"line":163},"24":{"name":"(anonymous_24)","decl":{"start":{"line":171,"column":4},"end":{"line":171,"column":5}},"loc":{"start":{"line":171,"column":25},"end":{"line":173,"column":5}},"line":171},"25":{"name":"(anonymous_25)","decl":{"start":{"line":178,"column":4},"end":{"line":178,"column":5}},"loc":{"start":{"line":178,"column":23},"end":{"line":181,"column":5}},"line":178},"26":{"name":"(anonymous_26)","decl":{"start":{"line":186,"column":4},"end":{"line":186,"column":5}},"loc":{"start":{"line":186,"column":26},"end":{"line":189,"column":5}},"line":186},"27":{"name":"(anonymous_27)","decl":{"start":{"line":194,"column":4},"end":{"line":194,"column":5}},"loc":{"start":{"line":194,"column":22},"end":{"line":201,"column":5}},"line":194},"28":{"name":"(anonymous_28)","decl":{"start":{"line":195,"column":29},"end":{"line":195,"column":30}},"loc":{"start":{"line":195,"column":40},"end":{"line":197,"column":9}},"line":195},"29":{"name":"(anonymous_29)","decl":{"start":{"line":198,"column":22},"end":{"line":198,"column":23}},"loc":{"start":{"line":198,"column":33},"end":{"line":200,"column":9}},"line":198},"30":{"name":"(anonymous_30)","decl":{"start":{"line":206,"column":4},"end":{"line":206,"column":5}},"loc":{"start":{"line":206,"column":26},"end":{"line":208,"column":5}},"line":206},"31":{"name":"(anonymous_31)","decl":{"start":{"line":213,"column":4},"end":{"line":213,"column":5}},"loc":{"start":{"line":213,"column":24},"end":{"line":219,"column":5}},"line":213}},"branchMap":{"0":{"loc":{"start":{"line":39,"column":20},"end":{"line":41,"column":21}},"type":"if","locations":[{"start":{"line":39,"column":20},"end":{"line":41,"column":21}},{"start":{"line":39,"column":20},"end":{"line":41,"column":21}}],"line":39},"1":{"loc":{"start":{"line":43,"column":16},"end":{"line":46,"column":17}},"type":"if","locations":[{"start":{"line":43,"column":16},"end":{"line":46,"column":17}},{"start":{"line":43,"column":16},"end":{"line":46,"column":17}}],"line":43}},"s":{"0":1,"1":1,"2":41,"3":41,"4":41,"5":41,"6":41,"7":41,"8":41,"9":41,"10":111,"11":111,"12":137,"13":137,"14":137,"15":156,"16":81,"17":137,"18":56,"19":56,"20":137,"21":41,"22":56,"23":3,"24":1,"25":1,"26":1,"27":1,"28":0,"29":0,"30":0,"31":0,"32":1,"33":1,"34":2,"35":1,"36":1,"37":1,"38":1,"39":1,"40":0,"41":0,"42":0,"43":0,"44":1,"45":1,"46":2,"47":1,"48":0,"49":0,"50":0,"51":0,"52":1,"53":71,"54":1,"55":1,"56":1,"57":27,"58":1,"59":1,"60":1,"61":1,"62":1,"63":1,"64":1,"65":1,"66":6,"67":42,"68":42,"69":42,"70":28,"71":42,"72":1},"f":{"0":41,"1":41,"2":111,"3":137,"4":56,"5":3,"6":1,"7":1,"8":0,"9":0,"10":1,"11":2,"12":1,"13":1,"14":0,"15":0,"16":1,"17":2,"18":0,"19":0,"20":1,"21":71,"22":1,"23":1,"24":27,"25":1,"26":1,"27":1,"28":1,"29":1,"30":6,"31":42},"b":{"0":[81,75],"1":[56,81]},"inputSourceMap":{"version":3,"file":"/home/usuario/ull-esit-inf-dsi-21-22-prct07-music-datamodel-grupo_l/src/clases/artistas.ts","sources":["/home/usuario/ull-esit-inf-dsi-21-22-prct07-music-datamodel-grupo_l/src/clases/artistas.ts"],"names":[],"mappings":";;;AAKA;;;;;;;;;;GAUG;AACH,MAAa,QAAQ;IAQpB,YAAY,aAAqB;QANzB,WAAM,GAAa,EAAE,CAAC;QACtB,YAAO,GAAuB,EAAE,CAAC;QACjC,YAAO,GAAY,EAAE,CAAC;QACtB,cAAS,GAAc,EAAE,CAAC;QAIjC,IAAI,CAAC,aAAa,GAAG,aAAa,CAAC;IACpC,CAAC;IACD;;;;;;OAMG;IACH,gBAAgB,CAAC,SAAoB,EAAE,OAAe;QAErD,IAAI,CAAC,SAAS,GAAG,SAAS,CAAC;QAC3B,IAAI,CAAC,UAAU,CAAC,OAAO,CAAC,CAAC;QACzB,IAAI,kBAAsC,CAAC;QAC3C,IAAI,CAAC,SAAS,CAAC,OAAO,CAAC,OAAO,CAAC,EAAE;YAEhC,kBAAkB,GAAG,OAAO,CAAC,SAAS,EAAE,CAAC;YACzC,kBAAkB,CAAC,OAAO,CAAC,QAAQ,CAAC,EAAE;gBACrC,IAAI,QAAQ,GAAW,CAAC,CAAC;gBACzB,KAAI,IAAI,CAAC,GAAG,CAAC,EAAE,CAAC,GAAG,IAAI,CAAC,OAAO,CAAC,MAAM,EAAE,CAAC,EAAE,EAAC;oBAC3C,IAAI,QAAQ,KAAK,IAAI,CAAC,OAAO,CAAC,CAAC,CAAC,EAAC;wBAChC,QAAQ,EAAE,CAAC;qBACX;iBACD;gBACD,IAAI,QAAQ,KAAK,CAAC,EAAC;oBAClB,IAAI,CAAC,OAAO,CAAC,IAAI,CAAC,QAAQ,CAAC,CAAC;oBAC5B,QAAQ,GAAG,CAAC,CAAC;iBACb;gBACD,QAAQ,GAAG,CAAC,CAAC;YACd,CAAC,CAAC,CAAC;QACJ,CAAC,CAAC,CAAC;QACH,IAAI,CAAC,OAAO,CAAC,OAAO,CAAC,OAAO,CAAC,EAAE;YAC9B,OAAO,CAAC,eAAe,CAAC,IAAI,CAAC,CAAC;QAC/B,CAAC,CAAC,CAAC;IACJ,CAAC;IACD;;;OAGG;IACH,gBAAgB;QACf,OAAO,IAAI,CAAC,aAAa,CAAC;IAC3B,CAAC;IAED;;;OAGG;IACH,SAAS;QACR,IAAI,OAAO,GAAa,EAAE,CAAC;QACrB,IAAI,CAAC,MAAM,CAAC,OAAO,CAAC,OAAO,CAAC,EAAE;YAC1B,OAAO,CAAC,IAAI,CAAC,OAAO,CAAC,cAAc,EAAE,CAAC,CAAC;QAC3C,CAAC,CAAC,CAAC;QACT,OAAO,OAAO,CAAC;IAChB,CAAC;IAEA;;;GAGE;IACD,eAAe;QACf,IAAI,OAAO,GAAa,EAAE,CAAC;QACzB,IAAI,CAAC,MAAM,CAAC,OAAO,CAAC,OAAO,CAAC,EAAE;YAC5B,OAAO,CAAC,IAAI,CAAC,OAAO,CAAC,CAAC;QACxB,CAAC,CAAC,CAAC;QACL,OAAO,OAAO,CAAC;IAChB,CAAC;IAEF;;;OAGG;IACH,UAAU;QACT,IAAI,QAAQ,GAAa,EAAE,CAAC;QACtB,IAAI,CAAC,OAAO,CAAC,OAAO,CAAC,OAAO,CAAC,EAAE;YAC3B,QAAQ,CAAC,IAAI,CAAC,OAAO,CAAC,eAAe,EAAE,CAAC,CAAC;QAC7C,CAAC,CAAC,CAAC;QACH,OAAO,QAAQ,CAAC;IACvB,CAAC;IAED;;;OAGG;IACH,UAAU;QACT,IAAI,QAAQ,GAAa,EAAE,CAAC;QAC1B,IAAI,CAAC,OAAO,CAAC,OAAO,CAAC,OAAO,CAAC,EAAE;YAC7B,QAAQ,CAAC,IAAI,CAAC,OAAO,CAAC,cAAc,EAAE,CAAC,CAAC;QAC1C,CAAC,CAAC,CAAC;QACL,OAAO,QAAQ,CAAC;IACjB,CAAC;IAED;;;OAGG;IACF,gBAAgB;QAChB,IAAI,QAAQ,GAAY,EAAE,CAAC;QACzB,IAAI,CAAC,OAAO,CAAC,OAAO,CAAC,OAAO,CAAC,EAAE;YAC7B,QAAQ,CAAC,IAAI,CAAC,OAAO,CAAC,CAAC;QACzB,CAAC,CAAC,CAAC;QACL,OAAO,QAAQ,CAAC;IACjB,CAAC;IAED;;;OAGG;IACH,YAAY;QACX,IAAI,UAAU,GAAa,EAAE,CAAC;QAC5B,IAAI,CAAC,SAAS,CAAC,OAAO,CAAC,OAAO,CAAC,EAAE;YAC/B,UAAU,CAAC,IAAI,CAAC,OAAO,CAAC,gBAAgB,EAAE,CAAC,CAAC;QAC9C,CAAC,CAAC,CAAC;QACL,OAAO,UAAU,CAAC;IACnB,CAAC;IAED;;;OAGG;IACF,kBAAkB;QAClB,IAAI,UAAU,GAAc,EAAE,CAAC;QAC/B,IAAI,CAAC,SAAS,CAAC,OAAO,CAAC,OAAO,CAAC,EAAE;YAChC,UAAU,CAAC,IAAI,CAAC,OAAO,CAAC,CAAC;QAC1B,CAAC,CAAC,CAAC;QACH,OAAO,UAAU,CAAC;IACnB,CAAC;IAED;;;OAGG;IACH,UAAU;QACT,OAAO,IAAI,CAAC,OAAO,CAAC;IACrB,CAAC;IAED;;;OAGG;IACH,YAAY;QACX,OAAO,IAAI,CAAC,MAAM,CAAC,MAAM,CAAC;IAC3B,CAAC;IAED;;;OAGG;IACH,gBAAgB,CAAC,MAAc;QAC9B,IAAI,CAAC,aAAa,GAAG,MAAM,CAAC;IAC7B,CAAC;IAED;;;OAGG;IACH,SAAS,CAAC,KAAe;QACxB,IAAI,CAAC,MAAM,GAAG,EAAE,CAAA;QAChB,IAAI,CAAC,MAAM,GAAG,KAAK,CAAC;IACrB,CAAC;IACA;;;GAGE;IACD,aAAa,CAAC,KAAa;QAC3B,IAAI,CAAC,MAAM,CAAC,IAAI,CAAC,KAAK,CAAC,CAAC;IACzB,CAAC;IAGF;;;OAGG;IACH,UAAU,CAAC,MAA0B;QACpC,IAAI,CAAC,OAAO,GAAG,EAAE,CAAC;QAChB,IAAI,CAAC,OAAO,GAAG,MAAM,CAAC;IACzB,CAAC;IAED;;;OAGG;IACH,YAAY,CAAC,OAAkB;QAC/B,IAAI,CAAC,SAAS,GAAG,EAAE,CAAC;QACnB,IAAI,CAAC,SAAS,GAAG,OAAO,CAAC;IAC1B,CAAC;IACD;;;OAGG;IACF,UAAU,CAAC,KAAc;QACzB,IAAI,CAAC,OAAO,CAAC,OAAO,CAAC,OAAO,CAAC,EAAE;YAC9B,IAAI,CAAC,OAAO,CAAC,GAAG,EAAE,CAAC;QACpB,CAAC,CAAC,CAAC;QACH,KAAK,CAAC,OAAO,CAAC,OAAO,CAAC,EAAE;YACvB,IAAI,CAAC,OAAO,CAAC,IAAI,CAAC,OAAO,CAAC,CAAC;QAC5B,CAAC,CAAC,CAAC;IACJ,CAAC;IACA;;;GAGE;IACD,cAAc,CAAC,KAAY;QAC3B,IAAI,CAAC,OAAO,CAAC,IAAI,CAAC,KAAK,CAAC,CAAC;IAC1B,CAAC;IAEF;;;OAGG;IACH,UAAU,CAAC,OAAe;QACzB,IAAI,eAAe,GAAW,CAAC,CAAC;QAChC,KAAI,IAAI,CAAC,GAAW,CAAC,EAAE,CAAC,GAAG,IAAI,CAAC,YAAY,EAAE,EAAE,CAAC,EAAE,EAAC;YACnD,eAAe,GAAG,eAAe,GAAG,IAAI,CAAC,MAAM,CAAC,CAAC,CAAC,CAAC,UAAU,EAAE,CAAC;SAChE;QACD,IAAI,CAAC,OAAO,GAAG,OAAO,GAAG,eAAe,CAAC;IAC1C,CAAC;CACD;AAjOD,4BAiOC","sourcesContent":["import { Cancion } from \"./cancion\";\nimport { Grupos } from \"./grupos\";\nimport { Album } from \"./album\";\nimport { GenerosMusicales } from \"./generosMusicales\";\n\n/**\n * TRABAJO GRUPO L\n * @class Artistas contiene las especificaciones de los\n * distintos artistas\n * @param nombreArtista nombre del artista\n * @param grupos array de Grupos \n * @param generos array de GenerosMusicales\n * @param albumes array de Album\n * @param canciones array de Cancion\n * @param oyentes número de oyentes \n */\nexport class Artistas {\n\tprivate nombreArtista: string;\n\tprivate grupos: Grupos[] = [];\n\tprivate generos: GenerosMusicales[] = [];\n\tprivate albumes: Album[] = [];\n\tprivate canciones: Cancion[] = [];\n\tprivate oyentes: number;\n\n\tconstructor(nombreArtista: string){\n\t\tthis.nombreArtista = nombreArtista;\n\t}\n\t/**\n/**\n\t * @function construirArtista Método para inicializar las propiedades restantes de\n\t * la clase Artista\n\t * @param canciones canciones del artista\n\t * @param oyentes oyentes del artista\n\t */\n\tconstruirArtista(canciones: Cancion[], oyentes: number){\n\t\n\t\tthis.canciones = canciones;\n\t\tthis.setOyentes(oyentes);\n\t\tlet auxGeneroCanciones: GenerosMusicales[];\n\t\tthis.canciones.forEach(element => {\n\t\t\t\n\t\t\tauxGeneroCanciones = element.getGenero();\n\t\t\tauxGeneroCanciones.forEach(elemento => {\n\t\t\t\tlet contador: number = 0;\n\t\t\t\tfor(let i = 0; i < this.generos.length; i++){\n\t\t\t\t\tif (elemento === this.generos[i]){\n\t\t\t\t\t\tcontador++;\n\t\t\t\t\t}\n\t\t\t\t}\n\t\t\t\tif (contador === 0){\n\t\t\t\t\tthis.generos.push(elemento);\t\t\t\t\t\n\t\t\t\t\tcontador = 0;\n\t\t\t\t}\t\n\t\t\t\tcontador = 0;\n\t\t\t});\n\t\t});\n\t\tthis.generos.forEach(element => {\n\t\t\telement.autoSetArtistas(this);\n\t\t});\n\t}\n\t/**\n\t * Getter del nombre del artista\n\t * @returns nombre del artista\n\t */\n\tgetNombreArtista(){\n\t\treturn this.nombreArtista;\n\t}\n\n\t/**\n\t * Getter de los nombres grupos del artista\n\t * @returns grupos del artista\n\t */\n\tgetGrupos(){\n\t\tlet grupos_: string[] = [];\n        this.grupos.forEach(element => {\n            grupos_.push(element.getNombreGrupo());\n        });\n\t\treturn grupos_;\n\t}\n\n\t\t/**\n\t * Getter de los grupos del artista\n\t * @returns grupos del artista\n\t */\n\t\t getGruposObject(){\n\t\t\tlet grupos_: Grupos[] = [];\n\t\t\t\t\tthis.grupos.forEach(element => {\n\t\t\t\t\t\t\tgrupos_.push(element);\n\t\t\t\t\t});\n\t\t\treturn grupos_;\n\t\t}\n\n\t/**\n\t * Getter de los géneros musicales \n\t * @returns géneros musicales\n\t */\n\tgetGeneros(){\n\t\tlet generos_: string[] = [];\n        this.generos.forEach(element => {\n            generos_.push(element.getNombreGenero());\n        });\n        return generos_;\n\t}\n\n\t/**\n\t * Getter de los nombres de los albumes del artista\n\t * @returns albumes\n\t */\n\tgetAlbumes(){\n\t\tlet albumes_: string[] = [];\n    this.albumes.forEach(element => {\n      albumes_.push(element.getNombreAlbum());\n    });   \n\t\treturn albumes_;\n\t}\n\n\t/**\n\t * Getter de los albumes del artista\n\t * @returns albumes\n\t */\n\t getAlbumesObject(){\n\t\tlet albumes_: Album[] = [];\n    this.albumes.forEach(element => {\n      albumes_.push(element);\n    });   \n\t\treturn albumes_;\n\t}\n\n\t/**\n\t * Getter de los nombres de las canciones del artista\n\t * @returns canciones del artista\n\t */\n\tgetCanciones(){\n\t\tlet canciones_: string[] = [];\n    this.canciones.forEach(element => {\n      canciones_.push(element.getNombreCancion());\n    }); \n\t\treturn canciones_;\n\t}\n\n\t/**\n\t * Getter de las canciones del artista\n\t * @returns canciones del artista\n\t */\n\t\tgetCancionesObject(){\n\t\tlet canciones_: Cancion[] = [];\n\t\tthis.canciones.forEach(element => {\n\t\t\tcanciones_.push(element);\n\t\t}); \n\t\treturn canciones_;\n\t}\n\n\t/**\n\t * Getter del número de oyentes del artista\n\t * @returns oyentes del artista\n\t */\n\tgetOyentes(){\n\t\treturn this.oyentes;\n\t}\n\n\t/**\n\t * Getter del numero de grupos al que pertenece el artista\n\t * @returns el tamaño del atributo grupo\n\t */\n\tgetGrupoSize(){\n\t\treturn this.grupos.length;\n\t}\n\n\t/**\n\t * Setter del nombre del artista\n\t * @param nombre del artista\n\t */\n\tsetNombreArtista(nombre: string){\n\t\tthis.nombreArtista = nombre;\n\t}\n\n\t/**\n\t * Setter del nombre del grupo\n\t * @param grupo del artista\n\t */\n\tsetGrupos(grupo: Grupos[]){\n\t\tthis.grupos = []\n\t\tthis.grupos = grupo;\n\t}\n\t\t/**\n\t * Setter del grupo que invoca al artista\n\t * @param grupo del artista\n\t */\n\t\t autoSetGrupos(grupo: Grupos){\n\t\t\tthis.grupos.push(grupo);\n\t\t}\n\n\n\t/**\n\t * Setter del genero del artista\n\t * @param genero del artista\n\t */\n\tsetGeneros(genero: GenerosMusicales[]){\n\t\tthis.generos = [];\n    this.generos = genero;\n\t}\n\n\t/**\n\t * Setter de las canciones del artista\n\t * @param cancion del artista\n\t */\n\tsetCanciones(cancion: Cancion[]){\n\tthis.canciones = [];\n\t\tthis.canciones = cancion;\n\t}\n\t/**\n\t * Setter de los albumes del artista\n\t * @param album del artista\n\t */\n\t setAlbumes(album: Album[]){\n\t\tthis.albumes.forEach(element => {\n\t\t\tthis.albumes.pop();\n\t\t});\n\t\talbum.forEach(element => {\n\t\t\tthis.albumes.push(element);\n\t\t});\n\t}\n\t\t/**\n\t * Setter de los albumes del artista que rellenan a un artista en la clase album\n\t * @param album del artista\n\t */\n\t\t autoSetAlbumes(album: Album){\n\t\t\tthis.albumes.push(album);\n\t\t}\n\n\t/**\n\t * Setter de los oyentes \n\t * @param oyentes mensuales\n\t */\n\tsetOyentes(oyentes: number){\n\t\tlet oyentesgrupales: number = 0;\n\t\tfor(let i: number = 0; i < this.getGrupoSize(); i++){\n\t\t\toyentesgrupales = oyentesgrupales + this.grupos[i].getOyentes();\n\t\t}\n\t\tthis.oyentes = oyentes + oyentesgrupales;\n\t}\n}"]},"_coverageSchema":"1a1c01bbd47fc00a2c39e90264f33305004495a9","hash":"97d4c6bb4d9dc59de1b7f4fe9d294b049ac6b315","contentHash":"11f5a7bb97a99c8d80033b0a4cc027395d726350c7202fe20fe4883686c6c8e9"},"/home/usuario/ull-esit-inf-dsi-21-22-prct07-music-datamodel-grupo_l/src/clases/cancion.ts":{"path":"/home/usuario/ull-esit-inf-dsi-21-22-prct07-music-datamodel-grupo_l/src/clases/cancion.ts","statementMap":{"0":{"start":{"line":2,"column":0},"end":{"line":2,"column":62}},"1":{"start":{"line":3,"column":0},"end":{"line":3,"column":25}},"2":{"start":{"line":23,"column":8},"end":{"line":23,"column":29}},"3":{"start":{"line":24,"column":8},"end":{"line":24,"column":27}},"4":{"start":{"line":25,"column":8},"end":{"line":25,"column":33}},"5":{"start":{"line":26,"column":8},"end":{"line":26,"column":29}},"6":{"start":{"line":27,"column":8},"end":{"line":27,"column":29}},"7":{"start":{"line":28,"column":8},"end":{"line":28,"column":51}},"8":{"start":{"line":29,"column":8},"end":{"line":31,"column":11}},"9":{"start":{"line":30,"column":12},"end":{"line":30,"column":43}},"10":{"start":{"line":38,"column":8},"end":{"line":38,"column":27}},"11":{"start":{"line":45,"column":8},"end":{"line":45,"column":26}},"12":{"start":{"line":52,"column":8},"end":{"line":52,"column":29}},"13":{"start":{"line":59,"column":19},"end":{"line":59,"column":68}},"14":{"start":{"line":60,"column":19},"end":{"line":60,"column":91}},"15":{"start":{"line":61,"column":8},"end":{"line":61,"column":50}},"16":{"start":{"line":64,"column":8},"end":{"line":64,"column":27}},"17":{"start":{"line":71,"column":22},"end":{"line":71,"column":24}},"18":{"start":{"line":72,"column":8},"end":{"line":74,"column":11}},"19":{"start":{"line":73,"column":12},"end":{"line":73,"column":52}},"20":{"start":{"line":75,"column":8},"end":{"line":75,"column":23}},"21":{"start":{"line":82,"column":8},"end":{"line":82,"column":27}},"22":{"start":{"line":89,"column":8},"end":{"line":89,"column":38}},"23":{"start":{"line":96,"column":8},"end":{"line":96,"column":29}},"24":{"start":{"line":103,"column":8},"end":{"line":103,"column":27}},"25":{"start":{"line":110,"column":8},"end":{"line":110,"column":33}},"26":{"start":{"line":117,"column":8},"end":{"line":117,"column":25}},"27":{"start":{"line":118,"column":8},"end":{"line":118,"column":29}},"28":{"start":{"line":125,"column":8},"end":{"line":125,"column":29}},"29":{"start":{"line":132,"column":8},"end":{"line":132,"column":48}},"30":{"start":{"line":135,"column":0},"end":{"line":135,"column":26}}},"fnMap":{"0":{"name":"(anonymous_0)","decl":{"start":{"line":22,"column":4},"end":{"line":22,"column":5}},"loc":{"start":{"line":22,"column":76},"end":{"line":32,"column":5}},"line":22},"1":{"name":"(anonymous_1)","decl":{"start":{"line":29,"column":23},"end":{"line":29,"column":24}},"loc":{"start":{"line":29,"column":34},"end":{"line":31,"column":9}},"line":29},"2":{"name":"(anonymous_2)","decl":{"start":{"line":37,"column":4},"end":{"line":37,"column":5}},"loc":{"start":{"line":37,"column":23},"end":{"line":39,"column":5}},"line":37},"3":{"name":"(anonymous_3)","decl":{"start":{"line":44,"column":4},"end":{"line":44,"column":5}},"loc":{"start":{"line":44,"column":22},"end":{"line":46,"column":5}},"line":44},"4":{"name":"(anonymous_4)","decl":{"start":{"line":51,"column":4},"end":{"line":51,"column":5}},"loc":{"start":{"line":51,"column":25},"end":{"line":53,"column":5}},"line":51},"5":{"name":"(anonymous_5)","decl":{"start":{"line":58,"column":4},"end":{"line":58,"column":5}},"loc":{"start":{"line":58,"column":29},"end":{"line":62,"column":5}},"line":58},"6":{"name":"(anonymous_6)","decl":{"start":{"line":63,"column":4},"end":{"line":63,"column":5}},"loc":{"start":{"line":63,"column":16},"end":{"line":65,"column":5}},"line":63},"7":{"name":"(anonymous_7)","decl":{"start":{"line":70,"column":4},"end":{"line":70,"column":5}},"loc":{"start":{"line":70,"column":23},"end":{"line":76,"column":5}},"line":70},"8":{"name":"(anonymous_8)","decl":{"start":{"line":72,"column":28},"end":{"line":72,"column":29}},"loc":{"start":{"line":72,"column":39},"end":{"line":74,"column":9}},"line":72},"9":{"name":"(anonymous_9)","decl":{"start":{"line":81,"column":4},"end":{"line":81,"column":5}},"loc":{"start":{"line":81,"column":16},"end":{"line":83,"column":5}},"line":81},"10":{"name":"(anonymous_10)","decl":{"start":{"line":88,"column":4},"end":{"line":88,"column":5}},"loc":{"start":{"line":88,"column":27},"end":{"line":90,"column":5}},"line":88},"11":{"name":"(anonymous_11)","decl":{"start":{"line":95,"column":4},"end":{"line":95,"column":5}},"loc":{"start":{"line":95,"column":29},"end":{"line":97,"column":5}},"line":95},"12":{"name":"(anonymous_12)","decl":{"start":{"line":102,"column":4},"end":{"line":102,"column":5}},"loc":{"start":{"line":102,"column":27},"end":{"line":104,"column":5}},"line":102},"13":{"name":"(anonymous_13)","decl":{"start":{"line":109,"column":4},"end":{"line":109,"column":5}},"loc":{"start":{"line":109,"column":33},"end":{"line":111,"column":5}},"line":109},"14":{"name":"(anonymous_14)","decl":{"start":{"line":116,"column":4},"end":{"line":116,"column":5}},"loc":{"start":{"line":116,"column":29},"end":{"line":119,"column":5}},"line":116},"15":{"name":"(anonymous_15)","decl":{"start":{"line":124,"column":4},"end":{"line":124,"column":5}},"loc":{"start":{"line":124,"column":22},"end":{"line":126,"column":5}},"line":124},"16":{"name":"(anonymous_16)","decl":{"start":{"line":131,"column":4},"end":{"line":131,"column":5}},"loc":{"start":{"line":131,"column":41},"end":{"line":133,"column":5}},"line":131}},"branchMap":{},"s":{"0":1,"1":1,"2":50,"3":50,"4":50,"5":50,"6":50,"7":50,"8":50,"9":65,"10":3,"11":1,"12":1,"13":7,"14":7,"15":7,"16":124,"17":1,"18":1,"19":2,"20":1,"21":1,"22":1,"23":1,"24":1,"25":1,"26":1,"27":1,"28":1,"29":1,"30":1},"f":{"0":50,"1":65,"2":3,"3":1,"4":1,"5":7,"6":124,"7":1,"8":2,"9":1,"10":1,"11":1,"12":1,"13":1,"14":1,"15":1,"16":1},"b":{},"inputSourceMap":{"version":3,"file":"/home/usuario/ull-esit-inf-dsi-21-22-prct07-music-datamodel-grupo_l/src/clases/cancion.ts","sources":["/home/usuario/ull-esit-inf-dsi-21-22-prct07-music-datamodel-grupo_l/src/clases/cancion.ts"],"names":[],"mappings":";;;AAEA;;;;;;;;;;GAUG;AACH,MAAa,OAAO;IAChB;;;;;wCAKoC;IACpC,YAAoB,MAAc,EAAU,KAAa,EAAU,QAAgB,EAC3E,MAA0B,EAAU,MAAe,EAAU,iBAAyB;QAD1E,WAAM,GAAN,MAAM,CAAQ;QAAU,UAAK,GAAL,KAAK,CAAQ;QAAU,aAAQ,GAAR,QAAQ,CAAQ;QAC3E,WAAM,GAAN,MAAM,CAAoB;QAAU,WAAM,GAAN,MAAM,CAAS;QAAU,sBAAiB,GAAjB,iBAAiB,CAAQ;QAC1F,MAAM,CAAC,OAAO,CAAC,OAAO,CAAC,EAAE;YAC9B,OAAO,CAAC,gBAAgB,CAAC,IAAI,CAAC,CAAC;QAChC,CAAC,CAAC,CAAC;IACD,CAAC;IAED;;;OAGG;IACH,gBAAgB;QACZ,OAAO,IAAI,CAAC,MAAM,CAAC;IACvB,CAAC;IAED;;;OAGG;IACH,eAAe;QACX,OAAO,IAAI,CAAC,KAAK,CAAC;IACtB,CAAC;IAED;;;OAGG;IACH,kBAAkB;QACd,OAAO,IAAI,CAAC,QAAQ,CAAC;IACzB,CAAC;IACD;;;OAGG;IACH,sBAAsB;QAClB,IAAI,IAAI,GAAW,IAAI,CAAC,QAAQ,CAAC,KAAK,CAAC,CAAC,EAAE,IAAI,CAAC,QAAQ,CAAC,MAAM,CAAC,GAAG,CAAC,CAAC,CAAC;QACrE,IAAI,IAAI,GAAW,IAAI,CAAC,QAAQ,CAAC,KAAK,CAAC,IAAI,CAAC,QAAQ,CAAC,MAAM,CAAC,GAAG,CAAC,GAAG,CAAC,EAAE,IAAI,CAAC,QAAQ,CAAC,MAAM,CAAC,CAAC;QAC5F,OAAO,CAAC,MAAM,CAAC,IAAI,CAAC,GAAG,MAAM,CAAC,IAAI,CAAC,GAAG,EAAE,CAAC,CAAC;IAC9C,CAAC;IACD,SAAS;QACL,OAAO,IAAI,CAAC,MAAM,CAAC;IACvB,CAAC;IACD;;;OAGG;IACH,gBAAgB;QACZ,IAAI,OAAO,GAAa,EAAE,CAAC;QAC3B,IAAI,CAAC,MAAM,CAAC,OAAO,CAAC,OAAO,CAAC,EAAE;YAC1B,OAAO,CAAC,IAAI,CAAC,OAAO,CAAC,eAAe,EAAE,CAAC,CAAC;QAC5C,CAAC,CAAC,CAAC;QACH,OAAO,OAAO,CAAC;IACnB,CAAC;IAED;;;OAGG;IACH,SAAS;QACL,OAAO,IAAI,CAAC,MAAM,CAAC;IACvB,CAAC;IAED;;;OAGG;IACH,oBAAoB;QAChB,OAAO,IAAI,CAAC,iBAAiB,CAAC;IAClC,CAAC;IAED;;;OAGG;IACH,gBAAgB,CAAC,MAAc;QAC3B,IAAI,CAAC,MAAM,GAAG,MAAM,CAAC;IACzB,CAAC;IAED;;;OAGG;IACH,eAAe,CAAC,KAAa;QACzB,IAAI,CAAC,KAAK,GAAG,KAAK,CAAC;IACvB,CAAC;IAED;;;OAGG;IACH,kBAAkB,CAAC,QAAgB;QAC/B,IAAI,CAAC,QAAQ,GAAG,QAAQ,CAAC;IAC7B,CAAC;IAED;;;OAGG;IACH,gBAAgB,CAAC,MAA0B;QACxC,IAAI,CAAC,MAAM,GAAG,EAAE,CAAC;QAChB,IAAI,CAAC,MAAM,GAAG,MAAM,CAAC;IACzB,CAAC;IAED;;;OAGG;IACH,SAAS,CAAC,MAAe;QACrB,IAAI,CAAC,MAAM,GAAG,MAAM,CAAC;IACzB,CAAC;IAED;;;OAGG;IACH,oBAAoB,CAAC,cAAsB;QACvC,IAAI,CAAC,iBAAiB,GAAG,cAAc,CAAC;IAC5C,CAAC;CACJ;AA7HD,0BA6HC","sourcesContent":["import { GenerosMusicales } from \"./generosMusicales\";\n\n/**\n * TRABAJO GRUPO L\n * @class Cancion contiene las especificaciones de las\n * distintas canciones\n * @param nombre nombre de la canción\n * @param autor nombre del autor de la canción \n * @param duracion duración de la canción\n * @param genero tipo GenerosMusicales de la canción\n * @param single boolean si es single o no\n * @param numReproducciones número de reproducciones de la canción\n */\nexport class Cancion{\n    /*private nombre: string;\n    private autor: string;\n    private duracion: number;\n    private genero: GenerosMusicales;\n    private single: boolean;\n    private numReproducciones: number;*/\n    constructor(private nombre: string, private autor: string, private duracion: string, \n    private genero: GenerosMusicales[], private single: boolean, private numReproducciones: number){\n        genero.forEach(element => {\n\t\t\telement.autoSetCanciones(this);\n\t\t});\n    }\n\n    /**\n     * Getter del nombre de la canción\n     * @returns nombre de la canción\n     */\n    getNombreCancion(){\n        return this.nombre;\n    }\n\n    /**\n     * Getter del autor de la canción\n     * @returns autor de la canción\n     */\n    getAutorCancion(){\n        return this.autor;\n    }\n\n    /**\n     * Getter de la duración de la canción\n     * @returns duración de la canción\n     */\n    getDuracionCancion(){\n        return this.duracion;\n    }\n    /**\n     * Getter de la duración de la canción en segundos \n     * @returns segundos de la duración en Number\n     */\n    getDuracionCancionSecs(){\n        let auxm: string = this.duracion.slice(0, this.duracion.search(':'));\n        let auxs: string = this.duracion.slice(this.duracion.search(\":\") + 1, this.duracion.length);\n        return (Number(auxs) + Number(auxm) * 60);\n    }\n    getGenero(){\n        return this.genero;\n    }\n    /**\n     * Getter de los géneros musicales\n     * @returns géneros musicales\n     */\n    getGeneroMusical(){\n        let generos: string[] = [];\n        this.genero.forEach(element => {\n            generos.push(element.getNombreGenero());\n        });\n        return generos;\n    }\n\n    /**\n     * Getter de si una canción es un single o no\n     * @returns si es un single o no\n     */\n    getSingle(){\n        return this.single;\n    }\n\n    /**\n     * Getter número de reproducciones de una canción\n     * @returns número de reproducciones de una canción\n     */\n    getNumReproducciones(){\n        return this.numReproducciones;\n    }\n\n    /**\n     * Setter del nombre de la canción\n     * @param nombre de la canción\n     */\n    setNombreCancion(nombre: string){\n        this.nombre = nombre;\n    }\n\n    /**\n     * Setter del nombre del autor de la canción\n     * @param autor de la canción\n     */\n    setAutorCancion(autor: string){\n        this.autor = autor;\n    }\n\n    /**\n     * Setter de la duración de la canción\n     * @param duracion de la canción\n     */\n    setDuracionCancion(duracion: string){\n        this.duracion = duracion;\n    }\n\n    /**\n     * Setter de los géneros musicales\n     * @param genero array de generos musicales\n     */\n    setGeneroMusical(genero: GenerosMusicales[]){\n       this.genero = [];\n        this.genero = genero;\n    }\n\n    /**\n     * Setter de si la canción es un single o no\n     * @param single o no\n     */\n    setSingle(single: boolean){\n        this.single = single;\n    }\n\n    /**\n     * Setter del número de reproducciones de una canción\n     * @param reproducciones de una canción\n     */\n    setNumReproducciones(reproducciones: number){\n        this.numReproducciones = reproducciones;\n    }\n}\n"]},"_coverageSchema":"1a1c01bbd47fc00a2c39e90264f33305004495a9","hash":"4bfe184751783a194c3f4777c61ec65ed43c5d3a","contentHash":"d5098271c42dcaffc8489b2c6266020316df25b69dc4c4d60232ddf0ead22029"},"/home/usuario/ull-esit-inf-dsi-21-22-prct07-music-datamodel-grupo_l/src/clases/generosMusicales.ts":{"path":"/home/usuario/ull-esit-inf-dsi-21-22-prct07-music-datamodel-grupo_l/src/clases/generosMusicales.ts","statementMap":{"0":{"start":{"line":2,"column":0},"end":{"line":2,"column":62}},"1":{"start":{"line":3,"column":0},"end":{"line":3,"column":34}},"2":{"start":{"line":16,"column":8},"end":{"line":16,"column":25}},"3":{"start":{"line":17,"column":8},"end":{"line":17,"column":27}},"4":{"start":{"line":18,"column":8},"end":{"line":18,"column":26}},"5":{"start":{"line":19,"column":8},"end":{"line":19,"column":28}},"6":{"start":{"line":20,"column":8},"end":{"line":20,"column":41}},"7":{"start":{"line":27,"column":8},"end":{"line":27,"column":33}},"8":{"start":{"line":34,"column":8},"end":{"line":34,"column":27}},"9":{"start":{"line":41,"column":8},"end":{"line":41,"column":29}},"10":{"start":{"line":48,"column":8},"end":{"line":48,"column":28}},"11":{"start":{"line":55,"column":8},"end":{"line":55,"column":30}},"12":{"start":{"line":62,"column":8},"end":{"line":62,"column":35}},"13":{"start":{"line":69,"column":8},"end":{"line":69,"column":25}},"14":{"start":{"line":70,"column":8},"end":{"line":70,"column":28}},"15":{"start":{"line":77,"column":8},"end":{"line":77,"column":32}},"16":{"start":{"line":84,"column":8},"end":{"line":84,"column":27}},"17":{"start":{"line":85,"column":8},"end":{"line":85,"column":32}},"18":{"start":{"line":92,"column":8},"end":{"line":92,"column":36}},"19":{"start":{"line":99,"column":8},"end":{"line":99,"column":26}},"20":{"start":{"line":100,"column":8},"end":{"line":100,"column":29}},"21":{"start":{"line":107,"column":8},"end":{"line":107,"column":33}},"22":{"start":{"line":114,"column":8},"end":{"line":114,"column":28}},"23":{"start":{"line":115,"column":8},"end":{"line":115,"column":33}},"24":{"start":{"line":122,"column":8},"end":{"line":122,"column":37}},"25":{"start":{"line":126,"column":0},"end":{"line":126,"column":44}}},"fnMap":{"0":{"name":"(anonymous_0)","decl":{"start":{"line":15,"column":4},"end":{"line":15,"column":5}},"loc":{"start":{"line":15,"column":30},"end":{"line":21,"column":5}},"line":15},"1":{"name":"(anonymous_1)","decl":{"start":{"line":26,"column":4},"end":{"line":26,"column":5}},"loc":{"start":{"line":26,"column":22},"end":{"line":28,"column":5}},"line":26},"2":{"name":"(anonymous_2)","decl":{"start":{"line":33,"column":4},"end":{"line":33,"column":5}},"loc":{"start":{"line":33,"column":16},"end":{"line":35,"column":5}},"line":33},"3":{"name":"(anonymous_3)","decl":{"start":{"line":40,"column":4},"end":{"line":40,"column":5}},"loc":{"start":{"line":40,"column":18},"end":{"line":42,"column":5}},"line":40},"4":{"name":"(anonymous_4)","decl":{"start":{"line":47,"column":4},"end":{"line":47,"column":5}},"loc":{"start":{"line":47,"column":17},"end":{"line":49,"column":5}},"line":47},"5":{"name":"(anonymous_5)","decl":{"start":{"line":54,"column":4},"end":{"line":54,"column":5}},"loc":{"start":{"line":54,"column":19},"end":{"line":56,"column":5}},"line":54},"6":{"name":"(anonymous_6)","decl":{"start":{"line":61,"column":4},"end":{"line":61,"column":5}},"loc":{"start":{"line":61,"column":28},"end":{"line":63,"column":5}},"line":61},"7":{"name":"(anonymous_7)","decl":{"start":{"line":68,"column":4},"end":{"line":68,"column":5}},"loc":{"start":{"line":68,"column":21},"end":{"line":71,"column":5}},"line":68},"8":{"name":"(anonymous_8)","decl":{"start":{"line":76,"column":4},"end":{"line":76,"column":5}},"loc":{"start":{"line":76,"column":25},"end":{"line":78,"column":5}},"line":76},"9":{"name":"(anonymous_9)","decl":{"start":{"line":83,"column":4},"end":{"line":83,"column":5}},"loc":{"start":{"line":83,"column":25},"end":{"line":86,"column":5}},"line":83},"10":{"name":"(anonymous_10)","decl":{"start":{"line":91,"column":4},"end":{"line":91,"column":5}},"loc":{"start":{"line":91,"column":29},"end":{"line":93,"column":5}},"line":91},"11":{"name":"(anonymous_11)","decl":{"start":{"line":98,"column":4},"end":{"line":98,"column":5}},"loc":{"start":{"line":98,"column":22},"end":{"line":101,"column":5}},"line":98},"12":{"name":"(anonymous_12)","decl":{"start":{"line":106,"column":4},"end":{"line":106,"column":5}},"loc":{"start":{"line":106,"column":26},"end":{"line":108,"column":5}},"line":106},"13":{"name":"(anonymous_13)","decl":{"start":{"line":113,"column":4},"end":{"line":113,"column":5}},"loc":{"start":{"line":113,"column":26},"end":{"line":116,"column":5}},"line":113},"14":{"name":"(anonymous_14)","decl":{"start":{"line":121,"column":4},"end":{"line":121,"column":5}},"loc":{"start":{"line":121,"column":30},"end":{"line":124,"column":5}},"line":121}},"branchMap":{},"s":{"0":1,"1":1,"2":10,"3":10,"4":10,"5":10,"6":10,"7":11,"8":1,"9":1,"10":1,"11":1,"12":1,"13":1,"14":1,"15":8,"16":1,"17":1,"18":56,"19":1,"20":1,"21":20,"22":1,"23":1,"24":65,"25":1},"f":{"0":10,"1":11,"2":1,"3":1,"4":1,"5":1,"6":1,"7":1,"8":8,"9":1,"10":56,"11":1,"12":20,"13":1,"14":65},"b":{},"inputSourceMap":{"version":3,"file":"/home/usuario/ull-esit-inf-dsi-21-22-prct07-music-datamodel-grupo_l/src/clases/generosMusicales.ts","sources":["/home/usuario/ull-esit-inf-dsi-21-22-prct07-music-datamodel-grupo_l/src/clases/generosMusicales.ts"],"names":[],"mappings":";;;AAKA;;;;;;;;;GASG;AACH,MAAa,gBAAgB;IAO5B,YAAY,YAAoB;QALxB,WAAM,GAAa,EAAE,CAAC;QACtB,aAAQ,GAAe,EAAE,CAAC;QAC1B,YAAO,GAAY,EAAE,CAAC;QACtB,cAAS,GAAc,EAAE,CAAC;QAGjC,IAAI,CAAC,YAAY,GAAG,YAAY,CAAC;IAClC,CAAC;IACD;;;OAGG;IACH,eAAe;QACd,OAAO,IAAI,CAAC,YAAY,CAAC;IAC1B,CAAC;IAED;;;OAGG;IACH,SAAS;QACR,OAAO,IAAI,CAAC,MAAM,CAAC;IACpB,CAAC;IAED;;;OAGG;IACH,WAAW;QACV,OAAO,IAAI,CAAC,QAAQ,CAAC;IACtB,CAAC;IAED;;;OAGG;IACH,UAAU;QACT,OAAO,IAAI,CAAC,OAAO,CAAC;IACrB,CAAC;IAED;;;OAGG;IACH,YAAY;QACX,OAAO,IAAI,CAAC,SAAS,CAAC;IACvB,CAAC;IAED;;;OAGG;IACH,eAAe,CAAC,MAAc;QAC7B,IAAI,CAAC,YAAY,GAAG,MAAM,CAAC;IAC5B,CAAC;IAED;;;OAGG;IACF,SAAS,CAAC,KAAe;QACzB,IAAI,CAAC,MAAM,GAAG,EAAE,CAAC;QACjB,IAAI,CAAC,MAAM,GAAG,KAAK,CAAC;IACrB,CAAC;IACD;;;OAGG;IACH,aAAa,CAAC,KAAa;QAC1B,IAAI,CAAC,MAAM,CAAC,IAAI,CAAC,KAAK,CAAC,CAAC;IACzB,CAAC;IAED;;;OAGG;IACH,WAAW,CAAC,OAAmB;QAC9B,IAAI,CAAC,QAAQ,GAAG,EAAE,CAAC;QACnB,IAAI,CAAC,QAAQ,GAAG,OAAO,CAAC;IACzB,CAAC;IACD;;;OAGG;IACF,eAAe,CAAC,OAAiB;QACjC,IAAI,CAAC,QAAQ,CAAC,IAAI,CAAC,OAAO,CAAC,CAAC;IAC7B,CAAC;IAED;;;OAGG;IACH,UAAU,CAAC,KAAc;QACxB,IAAI,CAAC,OAAO,GAAG,EAAE,CAAC;QAClB,IAAI,CAAC,OAAO,GAAG,KAAK,CAAC;IACtB,CAAC;IACD;;;OAGG;IACF,cAAc,CAAC,KAAY;QAC3B,IAAI,CAAC,OAAO,CAAC,IAAI,CAAC,KAAK,CAAC,CAAC;IAC1B,CAAC;IAED;;;OAGG;IACH,YAAY,CAAC,OAAkB;QAC9B,IAAI,CAAC,SAAS,GAAG,EAAE,CAAC;QACpB,IAAI,CAAC,SAAS,GAAG,OAAO,CAAC;IAC1B,CAAC;IACA;;;GAGE;IACD,gBAAgB,CAAC,OAAgB;QACjC,IAAI,CAAC,SAAS,CAAC,IAAI,CAAC,OAAO,CAAC,CAAC;QAChC,CAAC;IACC,CAAC;CACF;AA1HD,4CA0HC","sourcesContent":["import { Cancion } from \"./cancion\";\nimport { Grupos } from \"./grupos\";\nimport { Artistas } from \"./artistas\";\nimport { Album } from \"./album\";\n\n/**\n * TRABAJO GRUPO L\n * @class GenerosMusicales contiene las especificaciones de los\n * distintos géneros musicales\n * @param nombreGenero nombre del género musical\n * @param grupos array de Grupos \n * @param artistas array de Artistas\n * @param albumes array de Album\n * @param canciones array de Cancion\n */\nexport class GenerosMusicales {\n\tprivate nombreGenero: string;\n\tprivate grupos: Grupos[] = [];\n\tprivate artistas: Artistas[] = [];\n\tprivate albumes: Album[] = [];\n\tprivate canciones: Cancion[] = [];\n\n\tconstructor(nombreGenero: string){\n\t\tthis.nombreGenero = nombreGenero;\n\t}\n\t/**\n\t * Getter nombre del género musical\n\t * @returns género musical\n\t */\n\tgetNombreGenero(){\n\t\treturn this.nombreGenero;\n\t}\n\n\t/**\n\t * Getter de los grupos \n\t * @returns grupos\n\t */\n\tgetGrupos(){\n\t\treturn this.grupos;\n\t}\n\n\t/**\n\t * Getter de los artistas\n\t * @returns artistas\n\t */\n\tgetArtistas(){\n\t\treturn this.artistas;\n\t}\n\n\t/**\n\t * Getter de los albumes\n\t * @returns albumes\n\t */\n\tgetAlbumes(){\n\t\treturn this.albumes;\n\t}\n\n\t/**\n\t * Getter de las canciones\n\t * @returns canciones\n\t */\n\tgetCanciones(){\n\t\treturn this.canciones;\n\t}\n\n\t/**\n\t * Setter del nombre de los géneros musicales\n\t * @param nombre de los géneros musicales\n\t */\n\tsetNombreGenero(nombre: string){\n\t\tthis.nombreGenero = nombre;\n\t}\n\n\t/**\n\t * Setter de los grupos\n\t * @param grupo asociado a los géneros\n\t */\n\t setGrupos(grupo: Grupos[]){\n\t\tthis.grupos = [];\n\t\tthis.grupos = grupo;\n\t}\n\t/**\n\t * Setter de los grupos\n\t * @param grupo asociado a los géneros\n\t */\n\tautoSetGrupos(grupo: Grupos){\n\t\tthis.grupos.push(grupo);\n\t}\n\n\t/**\n\t * Setter de los artistas\n\t * @param artista de los géneros\n\t */\n\tsetArtistas(artista: Artistas[]){\n\t\tthis.artistas = [];\n\t\tthis.artistas = artista;\n\t}\n\t/**\n\t * Setter de los artistas\n\t * @param artista de los géneros\n\t */\n\t autoSetArtistas(artista: Artistas){\n\t\tthis.artistas.push(artista);\n\t}\n\n\t/**\n\t * Setter de los álbumes\n\t * @param album de los géneros\n\t */\n\tsetAlbumes(album: Album[]){\n\t\tthis.albumes = [];\n\t\tthis.albumes = album;\n\t}\n\t/**\n\t * Setter de los álbumes\n\t * @param album de los géneros\n\t */\n\t autoSetAlbumes(album: Album){\n\t\tthis.albumes.push(album);\n\t}\n\n\t/**\n\t * Setter de las canciones\n\t * @param cancion de los géneros\n\t */\n\tsetCanciones(cancion: Cancion[]){\n\t\tthis.canciones = [];\n\t\tthis.canciones = cancion;\n\t}\n\t\t/**\n\t * Setter de las canciones\n\t * @param cancion de los géneros\n\t */\n\t\t autoSetCanciones(cancion: Cancion){\n\t\t\tthis.canciones.push(cancion);\n;\n\t\t}\n}"]},"_coverageSchema":"1a1c01bbd47fc00a2c39e90264f33305004495a9","hash":"3817ff3a7566d1fa4ab57d47ffee74912534e68a","contentHash":"978141b363cea191ee85d6b28d36ce966b74130fb337799fc2cd94f268d2c2e7"},"/home/usuario/ull-esit-inf-dsi-21-22-prct07-music-datamodel-grupo_l/src/clases/playlist.ts":{"path":"/home/usuario/ull-esit-inf-dsi-21-22-prct07-music-datamodel-grupo_l/src/clases/playlist.ts","statementMap":{"0":{"start":{"line":2,"column":0},"end":{"line":2,"column":62}},"1":{"start":{"line":3,"column":0},"end":{"line":3,"column":26}},"2":{"start":{"line":14,"column":8},"end":{"line":14,"column":26}},"3":{"start":{"line":15,"column":8},"end":{"line":15,"column":45}},"4":{"start":{"line":16,"column":8},"end":{"line":16,"column":35}},"5":{"start":{"line":17,"column":8},"end":{"line":17,"column":27}},"6":{"start":{"line":19,"column":8},"end":{"line":34,"column":11}},"7":{"start":{"line":20,"column":12},"end":{"line":20,"column":53}},"8":{"start":{"line":21,"column":12},"end":{"line":33,"column":15}},"9":{"start":{"line":22,"column":31},"end":{"line":22,"column":32}},"10":{"start":{"line":23,"column":16},"end":{"line":27,"column":17}},"11":{"start":{"line":23,"column":29},"end":{"line":23,"column":30}},"12":{"start":{"line":24,"column":20},"end":{"line":26,"column":21}},"13":{"start":{"line":25,"column":24},"end":{"line":25,"column":35}},"14":{"start":{"line":28,"column":16},"end":{"line":31,"column":17}},"15":{"start":{"line":29,"column":20},"end":{"line":29,"column":48}},"16":{"start":{"line":30,"column":20},"end":{"line":30,"column":33}},"17":{"start":{"line":32,"column":16},"end":{"line":32,"column":29}},"18":{"start":{"line":41,"column":8},"end":{"line":41,"column":35}},"19":{"start":{"line":48,"column":8},"end":{"line":48,"column":30}},"20":{"start":{"line":55,"column":18},"end":{"line":55,"column":19}},"21":{"start":{"line":56,"column":8},"end":{"line":58,"column":11}},"22":{"start":{"line":57,"column":12},"end":{"line":57,"column":57}},"23":{"start":{"line":59,"column":19},"end":{"line":59,"column":41}},"24":{"start":{"line":60,"column":18},"end":{"line":60,"column":38}},"25":{"start":{"line":61,"column":19},"end":{"line":61,"column":33}},"26":{"start":{"line":62,"column":8},"end":{"line":62,"column":32}},"27":{"start":{"line":63,"column":21},"end":{"line":63,"column":53}},"28":{"start":{"line":64,"column":8},"end":{"line":64,"column":31}},"29":{"start":{"line":65,"column":8},"end":{"line":65,"column":29}},"30":{"start":{"line":72,"column":27},"end":{"line":72,"column":29}},"31":{"start":{"line":73,"column":8},"end":{"line":75,"column":11}},"32":{"start":{"line":74,"column":12},"end":{"line":74,"column":57}},"33":{"start":{"line":76,"column":8},"end":{"line":76,"column":28}},"34":{"start":{"line":83,"column":8},"end":{"line":83,"column":37}},"35":{"start":{"line":90,"column":8},"end":{"line":90,"column":28}},"36":{"start":{"line":91,"column":8},"end":{"line":91,"column":35}},"37":{"start":{"line":98,"column":8},"end":{"line":98,"column":33}},"38":{"start":{"line":105,"column":8},"end":{"line":105,"column":26}},"39":{"start":{"line":106,"column":8},"end":{"line":106,"column":31}},"40":{"start":{"line":109,"column":0},"end":{"line":109,"column":28}}},"fnMap":{"0":{"name":"(anonymous_0)","decl":{"start":{"line":13,"column":4},"end":{"line":13,"column":5}},"loc":{"start":{"line":13,"column":43},"end":{"line":35,"column":5}},"line":13},"1":{"name":"(anonymous_1)","decl":{"start":{"line":19,"column":31},"end":{"line":19,"column":32}},"loc":{"start":{"line":19,"column":42},"end":{"line":34,"column":9}},"line":19},"2":{"name":"(anonymous_2)","decl":{"start":{"line":21,"column":39},"end":{"line":21,"column":40}},"loc":{"start":{"line":21,"column":51},"end":{"line":33,"column":13}},"line":21},"3":{"name":"(anonymous_3)","decl":{"start":{"line":40,"column":4},"end":{"line":40,"column":5}},"loc":{"start":{"line":40,"column":24},"end":{"line":42,"column":5}},"line":40},"4":{"name":"(anonymous_4)","decl":{"start":{"line":47,"column":4},"end":{"line":47,"column":5}},"loc":{"start":{"line":47,"column":19},"end":{"line":49,"column":5}},"line":47},"5":{"name":"(anonymous_5)","decl":{"start":{"line":54,"column":4},"end":{"line":54,"column":5}},"loc":{"start":{"line":54,"column":18},"end":{"line":66,"column":5}},"line":54},"6":{"name":"(anonymous_6)","decl":{"start":{"line":56,"column":31},"end":{"line":56,"column":32}},"loc":{"start":{"line":56,"column":42},"end":{"line":58,"column":9}},"line":56},"7":{"name":"(anonymous_7)","decl":{"start":{"line":71,"column":4},"end":{"line":71,"column":5}},"loc":{"start":{"line":71,"column":17},"end":{"line":77,"column":5}},"line":71},"8":{"name":"(anonymous_8)","decl":{"start":{"line":73,"column":29},"end":{"line":73,"column":30}},"loc":{"start":{"line":73,"column":40},"end":{"line":75,"column":9}},"line":73},"9":{"name":"(anonymous_9)","decl":{"start":{"line":82,"column":4},"end":{"line":82,"column":5}},"loc":{"start":{"line":82,"column":30},"end":{"line":84,"column":5}},"line":82},"10":{"name":"(anonymous_10)","decl":{"start":{"line":89,"column":4},"end":{"line":89,"column":5}},"loc":{"start":{"line":89,"column":28},"end":{"line":92,"column":5}},"line":89},"11":{"name":"(anonymous_11)","decl":{"start":{"line":97,"column":4},"end":{"line":97,"column":5}},"loc":{"start":{"line":97,"column":26},"end":{"line":99,"column":5}},"line":97},"12":{"name":"(anonymous_12)","decl":{"start":{"line":104,"column":4},"end":{"line":104,"column":5}},"loc":{"start":{"line":104,"column":24},"end":{"line":107,"column":5}},"line":104}},"branchMap":{"0":{"loc":{"start":{"line":24,"column":20},"end":{"line":26,"column":21}},"type":"if","locations":[{"start":{"line":24,"column":20},"end":{"line":26,"column":21}},{"start":{"line":24,"column":20},"end":{"line":26,"column":21}}],"line":24},"1":{"loc":{"start":{"line":28,"column":16},"end":{"line":31,"column":17}},"type":"if","locations":[{"start":{"line":28,"column":16},"end":{"line":31,"column":17}},{"start":{"line":28,"column":16},"end":{"line":31,"column":17}}],"line":28}},"s":{"0":1,"1":1,"2":3,"3":3,"4":3,"5":3,"6":3,"7":12,"8":12,"9":13,"10":13,"11":13,"12":12,"13":9,"14":13,"15":4,"16":4,"17":13,"18":1,"19":1,"20":1,"21":1,"22":6,"23":1,"24":1,"25":1,"26":1,"27":1,"28":1,"29":1,"30":1,"31":1,"32":2,"33":1,"34":1,"35":1,"36":1,"37":1,"38":1,"39":1,"40":1},"f":{"0":3,"1":12,"2":13,"3":1,"4":1,"5":1,"6":6,"7":1,"8":2,"9":1,"10":1,"11":1,"12":1},"b":{"0":[9,3],"1":[4,9]},"inputSourceMap":{"version":3,"file":"/home/usuario/ull-esit-inf-dsi-21-22-prct07-music-datamodel-grupo_l/src/clases/playlist.ts","sources":["/home/usuario/ull-esit-inf-dsi-21-22-prct07-music-datamodel-grupo_l/src/clases/playlist.ts"],"names":[],"mappings":";;;AAGA;;GAEG;AACH,MAAa,QAAQ;IAMpB;;;;OAIG;IACH,YAAY,cAAsB,EAAE,SAAoB;QAPhD,YAAO,GAAuB,EAAE,CAAC;QAQxC,IAAI,CAAC,cAAc,GAAG,cAAc,CAAC;QACrC,IAAI,CAAC,SAAS,GAAG,SAAS,CAAC;QAC3B,IAAI,CAAC,QAAQ,GAAG,EAAE,CAAC;QACnB,IAAI,kBAAsC,CAAC;QAC3C,IAAI,CAAC,SAAS,CAAC,OAAO,CAAC,OAAO,CAAC,EAAE;YAEhC,kBAAkB,GAAG,OAAO,CAAC,SAAS,EAAE,CAAC;YACzC,kBAAkB,CAAC,OAAO,CAAC,QAAQ,CAAC,EAAE;gBACrC,IAAI,QAAQ,GAAW,CAAC,CAAC;gBACzB,KAAI,IAAI,CAAC,GAAG,CAAC,EAAE,CAAC,GAAG,IAAI,CAAC,OAAO,CAAC,MAAM,EAAE,CAAC,EAAE,EAAC;oBAC3C,IAAI,QAAQ,KAAK,IAAI,CAAC,OAAO,CAAC,CAAC,CAAC,EAAC;wBAChC,QAAQ,EAAE,CAAC;qBACX;iBACD;gBACD,IAAI,QAAQ,KAAK,CAAC,EAAC;oBAClB,IAAI,CAAC,OAAO,CAAC,IAAI,CAAC,QAAQ,CAAC,CAAC;oBAC5B,QAAQ,GAAG,CAAC,CAAC;iBACb;gBACD,QAAQ,GAAG,CAAC,CAAC;YACd,CAAC,CAAC,CAAC;QACJ,CAAC,CAAC,CAAC;IACJ,CAAC;IACD;;;OAGG;IACH,iBAAiB;QAChB,OAAO,IAAI,CAAC,cAAc,CAAC;IAC5B,CAAC;IAED;;;OAGG;IACH,YAAY;QACX,OAAO,IAAI,CAAC,SAAS,CAAC;IACvB,CAAC;IAED;;;OAGG;IACH,WAAW;QACV,IAAI,GAAG,GAAW,CAAC,CAAC;QACpB,IAAI,CAAC,SAAS,CAAC,OAAO,CAAC,OAAO,CAAC,EAAE;YAChC,GAAG,GAAG,GAAG,GAAG,OAAO,CAAC,sBAAsB,EAAE,CAAA;QAC7C,CAAC,CAAC,CAAC;QACH,IAAI,IAAI,GAAG,IAAI,CAAC,KAAK,CAAC,GAAG,GAAG,IAAI,CAAC,CAAC;QAClC,IAAI,GAAG,GAAG,IAAI,CAAC,KAAK,CAAC,GAAG,GAAG,EAAE,CAAC,CAAC;QAC/B,IAAI,IAAI,GAAG,GAAG,GAAG,GAAG,GAAG,EAAE,CAAC;QAC1B,GAAG,GAAG,GAAG,GAAG,IAAI,GAAG,IAAI,CAAC;QACxB,IAAI,MAAM,GAAW,GAAG,IAAI,KAAK,GAAG,OAAO,IAAI,MAAM,CAAC;QACtD,IAAI,CAAC,QAAQ,GAAG,MAAM,CAAC;QAEvB,OAAO,IAAI,CAAC,QAAQ,CAAC;IACtB,CAAC;IAED;;;OAGG;IACH,UAAU;QACT,IAAI,YAAY,GAAa,EAAE,CAAC;QAChC,IAAI,CAAC,OAAO,CAAC,OAAO,CAAC,OAAO,CAAC,EAAE;YAC9B,YAAY,CAAC,IAAI,CAAC,OAAO,CAAC,eAAe,EAAE,CAAC,CAAC;QAC9C,CAAC,CAAC,CAAC;QACH,OAAO,YAAY,CAAC;IACrB,CAAC;IAED;;;OAGG;IACH,iBAAiB,CAAC,MAAc;QAC/B,IAAI,CAAC,cAAc,GAAG,MAAM,CAAC;IAC9B,CAAC;IAED;;;OAGG;IACH,YAAY,CAAC,SAAoB;QAChC,IAAI,CAAC,SAAS,GAAG,EAAE,CAAC;QACpB,IAAI,CAAC,SAAS,GAAG,SAAS,CAAC;IAC5B,CAAC;IACF;;;OAGG;IACF,WAAW,CAAC,QAAgB;QAC3B,IAAI,CAAC,QAAQ,GAAG,QAAQ,CAAC;IAC1B,CAAC;IAED;;;OAGG;IACH,UAAU,CAAC,OAA2B;QACrC,IAAI,CAAC,OAAO,GAAG,EAAE,CAAC;QAClB,IAAI,CAAC,OAAO,GAAG,OAAO,CAAC;IACxB,CAAC;CACD;AAjHD,4BAiHC","sourcesContent":["import { Cancion } from \"./cancion\";\nimport { GenerosMusicales } from \"./generosMusicales\";\n\n/**\n * @class Playlist Clase que representa una Playlist de varias canciones de distintos géneros.\n */\nexport class Playlist {\n\tprivate nombrePlaylist: string;\n\tprivate canciones: Cancion[];\n\tprivate duracion: string;\n\tprivate generos: GenerosMusicales[] = [];\n\t\n\t/**\n\t * \n\t * @param nombrePlaylist Nombre que se le añadirá a la Playlist\n\t * @param canciones Conjunto de canciones que serán reproducidas en la playlist\n\t */\n\tconstructor(nombrePlaylist: string, canciones: Cancion[]){\n\t\tthis.nombrePlaylist = nombrePlaylist;\n\t\tthis.canciones = canciones;\n\t\tthis.duracion = ``;\n\t\tlet auxGeneroCanciones: GenerosMusicales[];\n\t\tthis.canciones.forEach(element => {\n\t\t\t\n\t\t\tauxGeneroCanciones = element.getGenero();\n\t\t\tauxGeneroCanciones.forEach(elemento => {\n\t\t\t\tlet contador: number = 0;\n\t\t\t\tfor(let i = 0; i < this.generos.length; i++){\n\t\t\t\t\tif (elemento === this.generos[i]){\n\t\t\t\t\t\tcontador++;\n\t\t\t\t\t}\n\t\t\t\t}\n\t\t\t\tif (contador === 0){\n\t\t\t\t\tthis.generos.push(elemento);\t\t\t\t\t\n\t\t\t\t\tcontador = 0;\n\t\t\t\t}\t\n\t\t\t\tcontador = 0;\n\t\t\t});\n\t\t});\n\t}\n\t/**\n\t * Getter para el nombre de la Playlist\n\t * @returns string con el nombre de la playlist\n\t */\n\tgetNombrePlaylist(){\n\t\treturn this.nombrePlaylist;\n\t}\n\n\t/**\n\t * Getter para el Conjunto de canciones\n\t * @returns Array de Canciones\n\t */\n\tgetCanciones(){\n\t\treturn this.canciones;\n\t}\n\n\t/**\n\t * Getter para la duración de una Cancion\n\t * @returns String con la duración de la playlist en formato HH:MM:SS\n\t */\n\tgetDuracion(){\n\t\tlet aux: number = 0;\n\t\tthis.canciones.forEach(element => {\n\t\t\taux = aux + element.getDuracionCancionSecs()\n\t\t});\n\t\tlet hour = Math.floor(aux / 3600);\n\t\tlet min = Math.floor(aux / 60);\n\t\tlet secs = aux - min * 60;\n\t\taux = aux - hour * 3600;\n\t\tlet result: string = `${hour}h ${min}min ${secs}secs`;\n\t\tthis.duracion = result;\n\n\t\treturn this.duracion;\n\t}\n\n\t/**\n\t * Getter para el conjunto de Generos \n\t * @returns Array de Generos Musicales\n\t */\n\tgetGeneros(){\n\t\tlet nombreGenero: string[] = [];\n\t\tthis.generos.forEach(element => {\n\t\t\tnombreGenero.push(element.getNombreGenero()); \n\t\t});\n\t\treturn nombreGenero; \n\t}\n\n\t/**\n\t * Setter para añadir el nombre de la playlist\n\t * @param nombre Nuevo nombre de la playlist \n\t */\n\tsetNombrePlaylist(nombre: string){\n\t\tthis.nombrePlaylist = nombre;\n\t}\n\n\t/**\n\t * Setter para añadir un conjunto de Canciones de la Playlist\n\t * @param canciones Conjunto de canciones a añadir\n\t */\n\tsetCanciones(canciones: Cancion[]){\n\t\tthis.canciones = [];\n\t\tthis.canciones = canciones;\n\t}\n/**\n * Setter para añadir la duración de la playlist\n * @param duracion Nuevo string con el valor de la duracion de la playlist\n */\n\tsetDuracion(duracion: string){\n\t\tthis.duracion = duracion;\n\t}\n\n\t/**\n\t * Setter para añadir el conjunto de GenerosMusicales\n\t * @param generos Conjunto de generos a añadir.\n\t */\n\tsetGeneros(generos: GenerosMusicales[]){\n\t\tthis.generos = [];\n\t\tthis.generos = generos;\n\t}\n}"]},"_coverageSchema":"1a1c01bbd47fc00a2c39e90264f33305004495a9","hash":"019aa209cb7f233115b6d55a7284ddb6c57cbfa5","contentHash":"df339ab732f406250d26e7b28ac4add3230b2d5421e72a50f88c91a708f984ad"},"/home/usuario/ull-esit-inf-dsi-21-22-prct07-music-datamo
[...]
AAE,QAAQ,CAAC,CAAC;AAC7D,QAAQ,CAAC,gBAAgB,CAAE,CAAC,SAAS,CAAC,EAAE,QAAQ,CAAC,CAAC;AAClD,QAAQ,CAAC,gBAAgB,CAAE,CAAC,SAAS,CAAC,EAAE,QAAQ,CAAC,CAAC;AAClD,SAAS,CAAC,gBAAgB,CAAE,CAAC,SAAS,CAAC,EAAE,OAAO,CAAC,CAAC;AAClD,SAAS,CAAC,gBAAgB,CAAE,CAAC,SAAS,CAAC,EAAE,QAAQ,CAAC,CAAC;AACnD,SAAS,CAAC,gBAAgB,CAAE,CAAC,SAAS,CAAC,EAAE,QAAQ,CAAC,CAAC;AACnD,SAAS,CAAC,gBAAgB,CAAE,CAAC,SAAS,CAAC,EAAE,QAAQ,CAAC,CAAC;AACnD,SAAS,CAAC,gBAAgB,CAAE,CAAC,SAAS,CAAC,EAAE,OAAO,CAAC,CAAC;AAClD,SAAS,CAAC,gBAAgB,CAAE,CAAC,SAAS,EAAE,SAAS,CAAC,EAAE,OAAO,CAAC,CAAC;AAC7D,qBAAqB;AACrB,SAAS,CAAC,gBAAgB,CAAE,CAAC,SAAS,EAAE,SAAS,EAAE,SAAS,CAAC,EAAE,QAAQ,CAAC,CAAC;AACzE,SAAS,CAAC,gBAAgB,CAAE,CAAC,SAAS,EAAE,SAAS,EAAE,SAAS,CAAC,EAAE,QAAQ,CAAC,CAAC;AACzE,SAAS,CAAC,gBAAgB,CAAE,CAAC,SAAS,EAAE,SAAS,EAAE,SAAS,CAAC,EAAE,QAAQ,CAAC,CAAC;AACzE,SAAS,CAAC,gBAAgB,CAAE,CAAC,SAAS,EAAE,SAAS,EAAE,SAAS,CAAC,EAAE,QAAQ,CAAC,CAAC;AACzE,SAAS,CAAC,gBAAgB,CAAE,CAAC,SAAS,EAAE,SAAS,EAAE,SAAS,CAAC,EAAE,QAAQ,CAAC,CAAC;AACzE,SAAS,CAAC,gBAAgB,CAAE,CAAC,SAAS,EAAE,SAAS,EAAE,SAAS,CAAC,EAAE,QAAQ,CAAC,CAAC;AACzE,SAAS,CAAC,gBAAgB,CAAE,CAAC,SAAS,EAAE,SAAS,EAAE,SAAS,CAAC,EAAE,QAAQ,CAAC,CAAC;AACzE,SAAS,CAAC,gBAAgB,CAAE,CAAC,SAAS,EAAE,SAAS,EAAE,SAAS,CAAC,EAAE,QAAQ,CAAC,CAAC;AACzE,iBAAiB;AACjB,SAAS,CAAC,gBAAgB,CAAE,CAAC,SAAS,EAAE,SAAS,EAAE,SAAS,CAAC,EAAE,OAAO,CAAC,CAAC;AACxE,SAAS,CAAC,gBAAgB,CAAE,CAAC,SAAS,EAAE,SAAS,EAAE,SAAS,CAAC,EAAE,OAAO,CAAC,CAAC;AACxE,SAAS,CAAC,gBAAgB,CAAE,CAAC,SAAS,EAAE,SAAS,EAAE,SAAS,CAAC,EAAE,OAAO,CAAC,CAAC;AACxE,SAAS,CAAC,gBAAgB,CAAE,CAAC,SAAS,EAAE,SAAS,EAAE,SAAS,CAAC,EAAE,OAAO,CAAC,CAAC;AACxE,SAAS,CAAC,gBAAgB,CAAE,CAAC,SAAS,EAAE,SAAS,EAAE,SAAS,CAAC,EAAE,OAAO,CAAC,CAAC;AACxE,SAAS,CAAC,gBAAgB,CAAE,CAAC,SAAS,EAAE,SAAS,EAAE,SAAS,CAAC,EAAE,OAAO,CAAC,CAAC;AACxE,0BAA0B;AAC1B,SAAS,CAAC,gBAAgB,CAAE,CAAC,SAAS,EAAE,SAAS,EAAE,SAAS,CAAC,EAAE,MAAM,CAAC,CAAC;AACvE,SAAS,CAAC,gBAAgB,CAAE,CAAC,SAAS,EAAE,SAAS,EAAE,SAAS,CAAC,EAAE,MAAM,CAAC,CAAC;AACvE,SAAS,CAAC,gBAAgB,CAAE,CAAC,SAAS,EAAE,SAAS,EAAE,SAAS,CAAC,EAAE,MAAM,CAAC,CAAC;AACvE,uBAAuB;AACvB,SAAS,CAAC,gBAAgB,CAAE,CAAC,SAAS,EAAE,SAAS,EAAE,SAAS,CAAC,EAAE,OAAO,CAAC,CAAC;AACxE,SAAS,CAAC,gBAAgB,CAAE,CAAC,SAAS,EAAE,SAAS,EAAE,SAAS,CAAC,EAAE,OAAO,CAAC,CAAC;AACxE,SAAS,CAAC,gBAAgB,CAAE,CAAC,SAAS,EAAE,SAAS,EAAE,SAAS,CAAC,EAAE,OAAO,CAAC,CAAC;AACxE,SAAS,CAAC,gBAAgB,CAAE,CAAC,SAAS,EAAE,SAAS,EAAE,SAAS,CAAC,EAAE,OAAO,CAAC,CAAC;AACxE,4BAA4B;AAC5B,SAAS,CAAC,gBAAgB,CAAE,CAAC,SAAS,EAAE,SAAS,EAAE,SAAS,CAAC,EAAE,OAAO,CAAC,CAAC;AACxE,SAAS,CAAC,gBAAgB,CAAE,CAAC,SAAS,EAAE,SAAS,EAAE,SAAS,CAAC,EAAE,OAAO,CAAC,CAAC;AACxE,iBAAiB;AACjB,SAAS,CAAC,gBAAgB,CAAE,CAAC,SAAS,EAAE,SAAS,EAAE,SAAS,CAAC,EAAE,QAAQ,CAAC,CAAC;AACzE,SAAS,CAAC,gBAAgB,CAAE,CAAC,SAAS,EAAE,SAAS,EAAE,SAAS,CAAC,EAAE,QAAQ,CAAC,CAAC;AACzE,SAAS,CAAC,gBAAgB,CAAE,CAAC,SAAS,EAAE,SAAS,EAAE,SAAS,CAAC,EAAE,QAAQ,CAAC,CAAC;AACzE;;;EAGE;AACF,YAAY;AACD,QAAA,SAAS,GAAG,IAAI,mBAAQ,CAAC,iBAAiB,EAAE,CAAC,SAAS,EAAE,SAAS,EAAE,SAAS,EAAE,SAAS,EAAE,SAAS,EAAE,SAAS,CAAC,CAAC,CAAC;AAC3H,IAAI,SAAS,GAAG,IAAI,mBAAQ,CAAC,eAAe,EAAE,CAAC,QAAQ,EAAE,SAAS,EAAE,SAAS,CAAC,CAAC,CAAC;AAChF,IAAI,SAAS,GAAG,IAAI,mBAAQ,CAAC,sBAAsB,EAAE,CAAC,SAAS,EAAE,SAAS,EAAE,SAAS,CAAC,CAAC,CAAC;AAC7E,QAAA,SAAS,GAAe,CAAC,iBAAS,EAAE,SAAS,EAAE,SAAS,CAAC,CAAA;AACpE;;;GAGG;AACH,sCAAsC;AAGtC,qBAAqB;AACrB,2CAA2C;AAC3C,+BAA+B;AAC/B,oBAAoB;AACpB,2CAA2C;AAC3C,wBAAwB;AACxB,wBAAwB;AACxB,6BAA6B","sourcesContent":["import { Album } from \"./clases/album\";\nimport { Artistas } from \"./clases/artistas\";\nimport { Cancion } from \"./clases/cancion\";\nimport { GenerosMusicales } from \"./clases/generosMusicales\";\nimport { Grupos } from \"./clases/grupos\";\nimport { Playlist } from \"./clases/playlist\";\n\n//10 generos musicales\nexport let Rock = new GenerosMusicales(`Rock`); //6\nexport let Pop = new GenerosMusicales(`Pop`); //6\nexport let Rap = new GenerosMusicales(`Rap`);  //6\nexport let Electronica = new GenerosMusicales(`Electronica`); //6\nexport let Regueton = new GenerosMusicales(`Regueton`); //6\nexport let Hip_Hop = new GenerosMusicales(`Hip Hop`); //8\nexport let Metal = new GenerosMusicales(`Metal`); //6\nexport let Flamenco = new GenerosMusicales(`Flamenco`); //6\nexport let RyB = new GenerosMusicales(`RyB`); //8\nexport let Soul = new GenerosMusicales(`Soul`); //7\nexport let generos: GenerosMusicales[] = [Rock, Pop, Rap, Electronica, Regueton, Hip_Hop, Metal, Flamenco, RyB, Soul];\n// 50 canciones, aprox. 5 de cada genero\nexport let cancion1 = new Cancion('Pulling Teeth', 'Alan Ryker',  '4:23', [Metal], false, 2100000);\nexport let cancion2 = new Cancion('Thriller', 'Michael Jackson',  '5:58', [Pop], false, 825000000);  \nlet cancion3 = new Cancion('Billie Jean', 'Michael Jackson',  '4:55', [Rock], false, 1154580120); \nlet cancion4 = new Cancion(`Wanna Be Startin' Something`, 'Michael Jackson',  '6:06', [RyB, Soul], false, 10850000); \nlet cancion5 = new Cancion('Baby Be Mine', 'Michael Jackson',  '4:37', [RyB, Soul], false, 4580000); \nlet cancion6 = new Cancion('The Girl Is Mine', 'Michael Jackson',  '4:10', [RyB, Soul], false, 120000000);\nlet cancion7 = new Cancion('Beat It', 'Michael Jackson',  '4:00', [RyB, Soul], false, 1811000000);\nlet cancion8 = new Cancion('Human Nature', 'Michael Jackson',  '4:59', [RyB, Soul], false, 810959778);\nlet cancion9 = new Cancion('Pretty Young Thing', 'Michael Jackson',  '4:07', [RyB, Soul], false, 136723704);\nlet cancion10 = new Cancion('The Lady in My Life', 'Michael Jackson',  '5:02', [RyB, Soul], false, 15000000); \nlet cancion11 = new Cancion('Malamente', 'Rosalía',  '2:49', [Flamenco, Pop], false, 156000000);\nlet cancion12 = new Cancion('Preso', 'Rosalía',  '2:48', [Pop], false, 165000000); \nlet cancion13 = new Cancion('Di mi nombre', 'Rosalía',  '3:01', [Rap], false, 81000000); \nlet cancion14 = new Cancion('Mother Love', 'Queen',  '4:50', [Rock], false, 3300000); \nlet cancion15 = new Cancion('Its A Beautiful Day', 'Queen',  '3:19', [Rock, Metal], false, 3000000);\nlet cancion16 = new Cancion('I Was Born To Love You', 'Queen',  '4:56', [Rock, Metal], false, 64000000); \nlet cancion17 = new Cancion('Living on my own', 'Freddie Mercury',  '3:08', [Rock, Pop], false, 32000000); \nlet cancion18 = new Cancion('Ojalá', 'Beret',  '3:43', [Rap, Pop], false, 197000000); \nlet cancion19 = new Cancion('Master Of Puppets', 'Metallica',  '8:36', [Metal], false, 29000000);\nlet cancion20 = new Cancion('Battery', 'Metallica',  '5:13', [Metal], false, 1500000); \nlet cancion21 = new Cancion('Disposable Heroes', 'Metallica',  '8:17', [Metal], false, 191000);\nlet cancion22 = new Cancion('Rumba en el cielo', 'Los Chunguitos',  '4:33', [Flamenco], false, 684000); \nlet cancion23 = new Cancion('Yo me lo tengo que beber', 'Los Chunguitos', '3:45', [Flamenco], false, 231000); \nlet cancion24 = new Cancion('Tinto de verano', 'Los Chunguitos', '3:24', [Flamenco], false, 141000); \nlet cancion25 = new Cancion('Borriquito', 'Peret', '3:23', [Flamenco], false, 2200000);\nlet cancion26 = new Cancion('El muerto vivo', 'Peret', '4:51', [Flamenco], false, 8000000); \nlet cancion27 = new Cancion('The Prodigy', 'The Prodigy', '2:53', [Electronica], false, 2100000); \nlet cancion28 = new Cancion('Nasty', 'The Prodigy', '3:42', [Electronica], false, 15217880); \nlet cancion29 = new Cancion('Rebel Radio', 'The Prodigy', '3:53', [Electronica], false, 1000000); \nlet cancion30 = new Cancion('Diez mil porqués', 'Beret', '3:32', [Rap], false, 40000000); \nlet cancion31 = new Cancion('Esencial', 'Beret', '2:40', [Rap, Pop], false, 23000000); \nlet cancion32 = new Cancion('Yo te esperaré', 'Cali y El Dandee', '4:14', [Regueton], false, 469000000); \nlet cancion33 = new Cancion('Te doy mi corazón', 'Cali y El Dandee', '4:01', [Regueton], false, 4600000); \nlet cancion34 = new Cancion('La playa', 'Cali y El Dandee', '3:43', [Regueton], false, 5600000); \nlet cancion35 = new Cancion('Many Men', '50Cent', '4:58', [Hip_Hop], false, 388000000); \nlet cancion36 = new Cancion(`Don't Push me`, '50Cent', '4:09', [Hip_Hop], false, 2100000); \nlet cancion37 = new Cancion('Almas Gemelas', 'Myke Towers', '4:49', [Regueton], false, 61000000); \nlet cancion38 = new Cancion('Rutina', 'Myke Towers', '3:38', [Regueton], false, 44641453); \nlet cancion39 = new Cancion('Culture', 'Migos', '4:45', [Hip_Hop], false, 1300000);  \nlet cancion40 = new Cancion('T-Shirt', 'Migos', '4:53', [Hip_Hop], false, 327000000); \nlet cancion41 = new Cancion('Get Right Witcha', 'Migos', '4:18', [Hip_Hop], false, 160000000); \n\n// Singles\nlet cancion42 = new Cancion('Cóseme', 'Beret', '3:22', [Rap], true, 64000000); \nlet cancion43 = new Cancion('Plan A', 'Paulo Londra', '3:06', [Rock], true, 63000000); \nlet cancion44 = new Cancion('Face My Fears', 'Skrillex', '3:38', [Electronica], true, 19943008); \nlet cancion45 = new Cancion('Tubular Bells', 'Mike Oldfield', '5:33', [Electronica], true, 116000); \nlet cancion46 = new Cancion('Outkast', 'BoB',  '4:25', [Hip_Hop], true, 20011803); \nlet cancion47 = new Cancion('Lose Yourself', 'Eminem',  '5:24', [Hip_Hop, Rap], true, 1200000000000); \nlet cancion48 = new Cancion('Solita', 'Ozuna', '5:50', [Electronica], false, 609000000); \nlet cancion49 = new Cancion('Rumbatón', 'Daddy Yankee', '4:15', [Regueton], false, 1154580120); \nlet cancion50 = new Cancion('Bad', 'Michael Jackson',  '4:20', [RyB, Hip_Hop], true, 401000000); \nexport let canciones: Cancion[] = [cancion1, cancion2, cancion3, cancion4, cancion5, cancion6, cancion7, cancion8, cancion9, cancion10, cancion11, cancion12, cancion13, cancion14, cancion15, cancion16, cancion17, cancion18, cancion19, cancion20, cancion21, cancion22, cancion23, cancion24, cancion25, cancion26, cancion27, cancion28, cancion29, cancion30, cancion31, cancion32, cancion33, cancion34, cancion35, cancion36, cancion37, cancion38, cancion39, cancion40, cancion41, cancion42, cancion43, cancion44, cancion45, cancion46, cancion47, cancion48, cancion49, cancion50];\n\n// Artistas construidos con el nombre solo\nexport let artista1 = new Artistas('Michael Jackson');\nlet artista2 = new Artistas('Freddie Mercury');\nlet artista3 = new Artistas('Alan Ryker');\nlet artista4 = new Artistas('Rosalía');\nlet artista5 = new Artistas('Beret');\nlet artista6 = new Artistas('Peret');\nlet artista7 = new Artistas('Myke Towers');\nlet artista8 = new Artistas('Paulo Londra');\nlet artista9 = new Artistas('Skrillex');\nlet artista10 = new Artistas('Mike Oldfield');\nlet artista11 = new Artistas('BoB');\nlet artista12 = new Artistas('Eminem');\nlet artista13 = new Artistas('Ozuna');\nlet artista14 = new Artistas('Daddy Yankee');\nlet artista15 = new Artistas('50Cent');\n// Metallica componentes\nlet artista16 = new Artistas('James Heltfield');\nlet artista17 = new Artistas('Cliff Burton');\nlet artista18 = new Artistas('Lars Ulrich');\nlet artista19 = new Artistas('Dave Mustaine');\nlet artista20 = new Artistas('Kirk Hammett');\nlet artista21 = new Artistas('Jason Newsted');\nlet artista22 = new Artistas('Robert Trujillo');\nlet artista23 = new Artistas('Ron McGovney');\n// Queen componentes\nlet artista24 = new Artistas('Brian May');\nlet artista25 = new Artistas('John Deacon');\nlet artista26 = new Artistas('Roger Taylor');\nlet artista27 = new Artistas('Mike Grose');\nlet artista28 = new Artistas('Doug Bogie');\nlet artista29 = new Artistas('Queen Barry Mitchell');\n//Los Chunguitos componentes\nlet artista30 = new Artistas('Enrique Salazar');\nlet artista31 = new Artistas('Juan Salazar');\nlet artista32 = new Artistas('José Salazar');\n//The Prodigy componentes\nlet artista33 = new Artistas('Keith Flint');\nlet artista34 = new Artistas('Liam Howlett');\nlet artista35 = new Artistas('Maxim Reality');\nlet artista36 = new Artistas('Sharky');\n//Cali y El Dandee componentes\nlet artista37 = new Artistas('Alejandro Rengifo');\nlet artista38 = new Artistas('Mauricio Rengifo');\n//Migos componentes\nlet artista39 = new Artistas('Quavo');\nlet artista40 = new Artistas('Offset');\nlet artista41 = new Artistas('Takeoff');\nexport let artistas: Artistas[] = [artista1, artista2, artista3, artista4, artista5, artista6, artista7, artista8, artista9, artista10, artista11, artista12, artista13, artista14, artista15, artista16, artista17, artista18, artista19, artista20, artista21, artista22, artista23, artista24, artista25, artista26, artista27, artista28, artista29, artista30, artista31, artista32, artista33, artista34, artista35, artista36, artista37, artista38, artista39, artista40, artista41];\n\n// Grupos construidos con el nombre solo\nexport let grupo1 = new Grupos(`Metallica`);\nlet grupo2 = new Grupos(`Queen`);\nlet grupo3 = new Grupos(`Los Chunguitos`);\nlet grupo4 = new Grupos(`The Prodigy`);\nlet grupo5 = new Grupos(`Cali y El Dandee`);\nlet grupo6 = new Grupos(`Migos`);\nexport let grupos: Grupos[] = [grupo1, grupo2, grupo3, grupo4, grupo5, grupo6];\n\n// Album puede construirse con todo \nexport let album1 = new Album(`Thriller`, artista1, [Rock, RyB, Soul, Pop], 1982,[cancion2, cancion3, cancion4, cancion5, cancion6, cancion7, cancion8, cancion9, cancion10]);\nlet album2 = new Album(`The Day Is My Enemy`, grupo4, [Electronica], 2015, [cancion27, cancion28, cancion29]);\nlet album3 = new Album(`El Mal Querer`, artista4, [Flamenco, Pop, Rap], 2018, [cancion11, cancion12, cancion13]);\nlet album4 = new Album(`Made in Heaven`, grupo2, [Rock, Metal], 1995, [cancion14, cancion15, cancion16]);\nlet album5 = new Album(`Prisma`, artista5, [Rap, Pop], 2019, [cancion18, cancion30, cancion31]);\nlet album6 = new Album(`Master Of Puppets`, grupo1, [Metal], 1986, [cancion19, cancion20, cancion21]);\nlet album7 = new Album(`Morir de amor`, grupo3, [Flamenco], 2003, [cancion22, cancion23, cancion24]);\nlet album8 = new Album(`Borriquito`, artista6, [Flamenco], 1972, [cancion25, cancion26]);\nlet album9 = new Album(`3a.m.`, grupo5, [Regueton], 2012, [cancion32, cancion33, cancion34]);\nlet album10 = new Album(`Get Rich or Die Tryin'`, artista15, [Hip_Hop], 2003, [cancion35, cancion36]); \nlet album11 = new Album(`ALMAS GEMELAS`, artista7, [Hip_Hop], 2021, [cancion37, cancion38]);\nlet album12 = new Album(`Culture`, grupo6, [Hip_Hop], 2017, [cancion39, cancion40, cancion41]);\nlet albumppp = new Album(`Hola`, grupo1, [Rap], 2022, [cancion1]);\nexport let albumes: Album[] = [album1, album2, album3, album4, album5, album6, album7, album8, album9, album10, album11, album12, albumppp];\n\n\n// rellenar grupos\ngrupo1.construirGrupo([artista16, artista17, artista18, artista19, artista20, artista21, artista22, artista23], 1983, [Metal], [album1], 8000000);\ngrupo2.construirGrupo([artista2, artista24, artista25, artista26, artista27, artista28, artista29], 1970, [Rock, Pop, Metal], [album4], 49000000);\ngrupo3.construirGrupo([artista30, artista31, artista32], 1973, [Flamenco], [album7], 137000);\ngrupo4.construirGrupo([artista33, artista34, artista35, artista36], 1990, [Electronica], [album2], 241000);\ngrupo5.construirGrupo([artista37, artista38], 2011, [Regueton], [album9], 1200000);\ngrupo6.construirGrupo([artista39, artista40, artista41], 2009, [Hip_Hop], [album12], 12400000);\n//console.log(artista16.getGrupos());\n\n// rellenar artistas \nartista1.construirArtista( [cancion2, cancion3, cancion4, cancion5, cancion6, cancion7, cancion8, cancion9, cancion10], 28125943); \nartista2.construirArtista( [cancion14, cancion15, cancion16, cancion17], 2539164); \nartista3.construirArtista( [cancion1], 13552); \nartista4.construirArtista( [cancion11, cancion12, cancion13], 1000000);\nartista5.construirArtista( [cancion18, cancion30, cancion31], 5439541);\nartista6.construirArtista( [cancion25, cancion26], 234051);\nartista7.construirArtista( [cancion37, cancion38], 27889188);\nartista8.construirArtista( [cancion43], 17259897);\nartista9.construirArtista( [cancion44], 20139441);\nartista10.construirArtista( [cancion45], 2068481);\nartista11.construirArtista( [cancion46], 11153307);\nartista12.construirArtista( [cancion47], 52950475);\nartista13.construirArtista( [cancion48], 35251309);\nartista14.construirArtista( [cancion49], 2068741);\nartista15.construirArtista( [cancion35, cancion36], 1585307);\n// Metallica artistas\nartista16.construirArtista( [cancion19, cancion20, cancion21], 17965468);\nartista17.construirArtista( [cancion19, cancion20, cancion21], 17965468);\nartista18.construirArtista( [cancion19, cancion20, cancion21], 17965468);\nartista19.construirArtista( [cancion19, cancion20, cancion21], 17965468);\nartista20.construirArtista( [cancion19, cancion20, cancion21], 17965468);\nartista21.construirArtista( [cancion19, cancion20, cancion21], 17965468);\nartista22.construirArtista( [cancion19, cancion20, cancion21], 17965468);\nartista23.construirArtista( [cancion19, cancion20, cancion21], 17965468);\n// Queen artistas\nartista24.construirArtista( [cancion14, cancion15, cancion16], 1585307);\nartista25.construirArtista( [cancion14, cancion15, cancion16], 1585307);\nartista26.construirArtista( [cancion14, cancion15, cancion16], 1585307);\nartista27.construirArtista( [cancion14, cancion15, cancion16], 1585307);\nartista28.construirArtista( [cancion14, cancion15, cancion16], 1585307);\nartista29.construirArtista( [cancion14, cancion15, cancion16], 1585307);\n// Los Chunguitos artistas\nartista30.construirArtista( [cancion22, cancion23, cancion24], 314980);\nartista31.construirArtista( [cancion22, cancion23, cancion24], 314980);\nartista32.construirArtista( [cancion22, cancion23, cancion24], 314980);\n// The Prodigy artistas\nartista33.construirArtista( [cancion27, cancion28, cancion29], 3378893);\nartista34.construirArtista( [cancion27, cancion28, cancion29], 3378893);\nartista35.construirArtista( [cancion27, cancion28, cancion29], 3378893);\nartista36.construirArtista( [cancion27, cancion28, cancion29], 3378893);\n// Cali y el Dandee artistas\nartista37.construirArtista( [cancion32, cancion33, cancion34], 8907725);\nartista38.construirArtista( [cancion32, cancion33, cancion34], 8907725);\n// Migos artistas\nartista39.construirArtista( [cancion39, cancion40, cancion41], 17644273);\nartista40.construirArtista( [cancion39, cancion40, cancion41], 17644273);\nartista41.construirArtista( [cancion39, cancion40, cancion41], 17644273);\n/*\nexport let artistas: Artistas[] = [artista1, artista2, artista3, artista4, artista5, artista6, artista7, artista8, artista9, artista10, artista11, artista12, artista13, artista14, artista15, artista16, artista17, artista18, artista19, artista20, artista21, artista22, artista23, artista24, artista25, artista26, artista27, artista28, artista29, artista30, artista31, artista32, artista33, artista34, artista35, artista36, artista37, artista38, artista39, artista40, artista41];\nexport let grupos: Grupos[] = [grupo1, grupo2, grupo3, grupo4, grupo5, grupo6];\n*/\n// Playlists\nexport let playlist1 = new Playlist(`Regueton a Full`, [cancion37, cancion38, cancion49, cancion32, cancion34, cancion33]);\nlet playlist2 = new Playlist(`Rock For Ever`, [cancion3, cancion14, cancion43]);\nlet playlist3 = new Playlist(`Flamencos de corazóh`, [cancion11, cancion24, cancion26]);\nexport let playlists: Playlist[] = [playlist1, playlist2, playlist3]\n/*\nexport function CommandsGenerosCanciones(CommandsGenerosCanciones: any): import(\"inquirer\").AsyncDynamicQuestionProperty<readonly import(\"inquirer\").DistinctChoice<import(\"inquirer\").ListChoiceMap<{ generoCancion: any; }>, import(\"inquirer\").AllChoiceMap<import(\"inquirer\").ListChoiceMap<{ generoCancion: any; }>>>[], { ...; }> | undefined {\n    throw new Error('Function not implemented.');\n}*/\n//console.log(playlist1.getGeneros());\n\n\n// Llamadas a métodos\n//console.log(cancion1.getGeneroMusical());\n//console.log(Pop.getGrupos());\n//console.log(Rock);\n//console.log(cancion1.getGeneroMusical());\n//console.log(cancion1);\n//console.log(artista1);\n//console.log(grupo1.dame());\n\n"]},"_coverageSchema":"1a1c01bbd47fc00a2c39e90264f33305004495a9","hash":"0cb438dcbf5b90172ca117dc7eb0a1f4cae02384","contentHash":"8527350166efd099ea10bfabf987d9d74af7bafae6d9e6420386d27a6fff2b3f"}}