TN:
SF:src/index.ts
FNF:0
FNH:0
DA:1,1
DA:2,1
DA:3,1
DA:4,1
DA:5,1
DA:6,1
DA:9,1
DA:10,1
DA:11,1
DA:12,1
DA:13,1
DA:14,1
DA:15,1
DA:16,1
DA:17,1
DA:18,1
DA:19,1
DA:21,1
DA:22,1
DA:23,1
DA:24,1
DA:25,1
DA:26,1
DA:27,1
DA:28,1
DA:29,1
DA:30,1
DA:31,1
DA:32,1
DA:33,1
DA:34,1
DA:35,1
DA:36,1
DA:37,1
DA:38,1
DA:39,1
DA:40,1
DA:41,1
DA:42,1
DA:43,1
DA:44,1
DA:45,1
DA:46,1
DA:47,1
DA:48,1
DA:49,1
DA:50,1
DA:51,1
DA:52,1
DA:53,1
DA:54,1
DA:55,1
DA:56,1
DA:57,1
DA:58,1
DA:59,1
DA:60,1
DA:61,1
DA:64,1
DA:65,1
DA:66,1
DA:67,1
DA:68,1
DA:69,1
DA:70,1
DA:71,1
DA:72,1
DA:73,1
DA:76,1
DA:77,1
DA:78,1
DA:79,1
DA:80,1
DA:81,1
DA:82,1
DA:83,1
DA:84,1
DA:85,1
DA:86,1
DA:87,1
DA:88,1
DA:89,1
DA:90,1
DA:92,1
DA:93,1
DA:94,1
DA:95,1
DA:96,1
DA:97,1
DA:98,1
DA:99,1
DA:101,1
DA:102,1
DA:103,1
DA:104,1
DA:105,1
DA:106,1
DA:108,1
DA:109,1
DA:110,1
DA:112,1
DA:113,1
DA:114,1
DA:115,1
DA:117,1
DA:118,1
DA:120,1
DA:121,1
DA:122,1
DA:123,1
DA:126,1
DA:127,1
DA:128,1
DA:129,1
DA:130,1
DA:131,1
DA:132,1
DA:135,1
DA:136,1
DA:137,1
DA:138,1
DA:139,1
DA:140,1
DA:141,1
DA:142,1
DA:143,1
DA:144,1
DA:145,1
DA:146,1
DA:147,1
DA:150,1
DA:151,1
DA:152,1
DA:153,1
DA:154,1
DA:155,1
DA:159,1
DA:160,1
DA:161,1
DA:162,1
DA:163,1
DA:164,1
DA:165,1
DA:166,1
DA:167,1
DA:168,1
DA:169,1
DA:170,1
DA:171,1
DA:172,1
DA:173,1
DA:175,1
DA:176,1
DA:177,1
DA:178,1
DA:179,1
DA:180,1
DA:181,1
DA:182,1
DA:184,1
DA:185,1
DA:186,1
DA:187,1
DA:188,1
DA:189,1
DA:191,1
DA:192,1
DA:193,1
DA:195,1
DA:196,1
DA:197,1
DA:198,1
DA:200,1
DA:201,1
DA:203,1
DA:204,1
DA:205,1
DA:211,1
DA:212,1
DA:213,1
DA:214,1
DA:226,1
LF:182
LH:182
BRF:0
BRH:0
end_of_record
TN:
SF:src/clases/album.ts
FN:22,(anonymous_0)
FN:32,(anonymous_1)
FN:40,(anonymous_2)
FN:47,(anonymous_3)
FN:58,(anonymous_4)
FN:60,(anonymous_5)
FN:70,(anonymous_6)
FN:78,(anonymous_7)
FN:86,(anonymous_8)
FN:94,(anonymous_9)
FN:107,(anonymous_10)
FN:116,(anonymous_11)
FN:124,(anonymous_12)
FNF:13
FNH:13
FNDA:12,(anonymous_0)
FNDA:19,(anonymous_1)
FNDA:2,(anonymous_2)
FNDA:2,(anonymous_3)
FNDA:1,(anonymous_4)
FNDA:2,(anonymous_5)
FNDA:1,(anonymous_6)
FNDA:1,(anonymous_7)
FNDA:1,(anonymous_8)
FNDA:2,(anonymous_9)
FNDA:1,(anonymous_10)
FNDA:1,(anonymous_11)
FNDA:1,(anonymous_12)
DA:2,1
DA:3,1
DA:16,1
DA:24,12
DA:25,12
DA:26,12
DA:27,12
DA:28,12
DA:29,12
DA:30,6
DA:32,12
DA:33,19
DA:41,2
DA:48,2
DA:49,1
DA:51,1
DA:59,1
DA:60,1
DA:61,2
DA:63,1
DA:71,1
DA:79,1
DA:87,1
DA:95,2
DA:96,1
DA:98,1
DA:108,1
DA:109,1
DA:117,1
DA:125,1
DA:126,1
LF:31
LH:31
BRDA:29,0,0,6
BRDA:29,0,1,6
BRDA:48,1,0,1
BRDA:48,1,1,1
BRDA:95,2,0,1
BRDA:95,2,1,1
BRF:6
BRH:6
end_of_record
TN:
SF:src/clases/artistas.ts
FN:25,(anonymous_0)
FN:35,(anonymous_1)
FN:40,(anonymous_2)
FN:43,(anonymous_3)
FN:57,(anonymous_4)
FN:65,(anonymous_5)
FN:73,(anonymous_6)
FN:75,(anonymous_7)
FN:85,(anonymous_8)
FN:87,(anonymous_9)
FN:97,(anonymous_10)
FN:99,(anonymous_11)
FN:109,(anonymous_12)
FN:111,(anonymous_13)
FN:121,(anonymous_14)
FN:129,(anonymous_15)
FN:137,(anonymous_16)
FN:145,(anonymous_17)
FN:153,(anonymous_18)
FN:162,(anonymous_19)
FN:171,(anonymous_20)
FN:179,(anonymous_21)
FN:180,(anonymous_22)
FN:183,(anonymous_23)
FN:191,(anonymous_24)
FN:199,(anonymous_25)
FNF:26
FNH:26
FNDA:41,(anonymous_0)
FNDA:41,(anonymous_1)
FNDA:111,(anonymous_2)
FNDA:137,(anonymous_3)
FNDA:56,(anonymous_4)
FNDA:3,(anonymous_5)
FNDA:1,(anonymous_6)
FNDA:1,(anonymous_7)
FNDA:1,(anonymous_8)
FNDA:2,(anonymous_9)
FNDA:1,(anonymous_10)
FNDA:1,(anonymous_11)
FNDA:2,(anonymous_12)
FNDA:5,(anonymous_13)
FNDA:1,(anonymous_14)
FNDA:71,(anonymous_15)
FNDA:1,(anonymous_16)
FNDA:1,(anonymous_17)
FNDA:27,(anonymous_18)
FNDA:1,(anonymous_19)
FNDA:1,(anonymous_20)
FNDA:1,(anonymous_21)
FNDA:1,(anonymous_22)
FNDA:1,(anonymous_23)
FNDA:6,(anonymous_24)
FNDA:42,(anonymous_25)
DA:17,1
DA:19,41
DA:20,41
DA:21,41
DA:22,41
DA:26,41
DA:37,41
DA:38,41
DA:40,41
DA:42,111
DA:43,111
DA:44,137
DA:45,137
DA:46,156
DA:47,81
DA:50,137
DA:51,56
DA:52,56
DA:54,137
DA:57,41
DA:58,56
DA:66,3
DA:74,1
DA:75,1
DA:76,1
DA:78,1
DA:86,1
DA:87,1
DA:88,2
DA:90,1
DA:98,1
DA:99,1
DA:100,1
DA:102,1
DA:110,2
DA:111,2
DA:112,5
DA:114,2
DA:122,1
DA:130,71
DA:138,1
DA:146,1
DA:147,1
DA:154,27
DA:163,1
DA:164,1
DA:172,1
DA:173,1
DA:180,1
DA:181,1
DA:183,1
DA:184,1
DA:192,6
DA:200,42
DA:201,42
DA:202,28
DA:204,42
LF:57
LH:57
BRDA:46,0,0,81
BRDA:46,0,1,75
BRDA:50,1,0,56
BRDA:50,1,1,81
BRF:4
BRH:4
end_of_record
TN:
SF:src/clases/cancion.ts
FN:21,(anonymous_0)
FN:23,(anonymous_1)
FN:32,(anonymous_2)
FN:40,(anonymous_3)
FN:48,(anonymous_4)
FN:55,(anonymous_5)
FN:60,(anonymous_6)
FN:67,(anonymous_7)
FN:69,(anonymous_8)
FN:79,(anonymous_9)
FN:87,(anonymous_10)
FN:95,(anonymous_11)
FN:103,(anonymous_12)
FN:111,(anonymous_13)
FN:119,(anonymous_14)
FN:128,(anonymous_15)
FN:136,(anonymous_16)
FNF:17
FNH:17
FNDA:50,(anonymous_0)
FNDA:65,(anonymous_1)
FNDA:6,(anonymous_2)
FNDA:1,(anonymous_3)
FNDA:1,(anonymous_4)
FNDA:7,(anonymous_5)
FNDA:124,(anonymous_6)
FNDA:1,(anonymous_7)
FNDA:2,(anonymous_8)
FNDA:1,(anonymous_9)
FNDA:1,(anonymous_10)
FNDA:1,(anonymous_11)
FNDA:1,(anonymous_12)
FNDA:1,(anonymous_13)
FNDA:1,(anonymous_14)
FNDA:1,(anonymous_15)
FNDA:1,(anonymous_16)
DA:14,1
DA:21,50
DA:22,50
DA:23,50
DA:24,65
DA:33,6
DA:41,1
DA:49,1
DA:56,7
DA:57,7
DA:58,7
DA:61,124
DA:68,1
DA:69,1
DA:70,2
DA:72,1
DA:80,1
DA:88,1
DA:96,1
DA:104,1
DA:112,1
DA:120,1
DA:121,1
DA:129,1
DA:137,1
LF:25
LH:25
BRF:0
BRH:0
end_of_record
TN:
SF:src/clases/generosMusicales.ts
FN:23,(anonymous_0)
FN:30,(anonymous_1)
FN:38,(anonymous_2)
FN:46,(anonymous_3)
FN:54,(anonymous_4)
FN:62,(anonymous_5)
FN:70,(anonymous_6)
FN:78,(anonymous_7)
FN:86,(anonymous_8)
FN:94,(anonymous_9)
FN:102,(anonymous_10)
FN:110,(anonymous_11)
FN:118,(anonymous_12)
FN:126,(anonymous_13)
FN:134,(anonymous_14)
FNF:15
FNH:15
FNDA:10,(anonymous_0)
FNDA:11,(anonymous_1)
FNDA:1,(anonymous_2)
FNDA:1,(anonymous_3)
FNDA:1,(anonymous_4)
FNDA:1,(anonymous_5)
FNDA:1,(anonymous_6)
FNDA:1,(anonymous_7)
FNDA:8,(anonymous_8)
FNDA:1,(anonymous_9)
FNDA:56,(anonymous_10)
FNDA:1,(anonymous_11)
FNDA:19,(anonymous_12)
FNDA:1,(anonymous_13)
FNDA:65,(anonymous_14)
DA:16,1
DA:18,10
DA:19,10
DA:20,10
DA:21,10
DA:24,10
DA:31,11
DA:39,1
DA:47,1
DA:55,1
DA:63,1
DA:71,1
DA:79,1
DA:80,1
DA:87,8
DA:95,1
DA:96,1
DA:103,56
DA:111,1
DA:112,1
DA:119,19
DA:127,1
DA:128,1
DA:135,65
LF:24
LH:24
BRF:0
BRH:0
end_of_record
TN:
SF:src/clases/grupos.ts
FN:24,(anonymous_0)
FN:37,(anonymous_1)
FN:43,(anonymous_2)
FN:46,(anonymous_3)
FN:57,(anonymous_4)
FN:65,(anonymous_5)
FN:67,(anonymous_6)
FN:77,(anonymous_7)
FN:85,(anonymous_8)
FN:87,(anonymous_9)
FN:97,(anonymous_10)
FN:105,(anonymous_11)
FN:113,(anonymous_12)
FN:122,(anonymous_13)
FN:131,(anonymous_14)
FN:140,(anonymous_15)
FN:149,(anonymous_16)
FN:158,(anonymous_17)
FNF:18
FNH:18
FNDA:6,(anonymous_0)
FNDA:6,(anonymous_1)
FNDA:8,(anonymous_2)
FNDA:27,(anonymous_3)
FNDA:3,(anonymous_4)
FNDA:1,(anonymous_5)
FNDA:1,(anonymous_6)
FNDA:1,(anonymous_7)
FNDA:1,(anonymous_8)
FNDA:2,(anonymous_9)
FNDA:1,(anonymous_10)
FNDA:29,(anonymous_11)
FNDA:1,(anonymous_12)
FNDA:1,(anonymous_13)
FNDA:1,(anonymous_14)
FNDA:1,(anonymous_15)
FNDA:1,(anonymous_16)
FNDA:1,(anonymous_17)
DA:16,1
DA:25,6
DA:38,6
DA:39,6
DA:40,6
DA:41,6
DA:42,6
DA:43,6
DA:44,8
DA:46,6
DA:47,27
DA:58,3
DA:66,1
DA:67,1
DA:68,1
DA:70,1
DA:78,1
DA:86,1
DA:87,1
DA:88,2
DA:90,1
DA:98,1
DA:106,29
DA:114,1
DA:123,1
DA:124,1
DA:132,1
DA:141,1
DA:142,1
DA:150,1
DA:151,1
DA:159,1
LF:32
LH:32
BRF:0
BRH:0
end_of_record
TN:
SF:src/clases/playlist.ts
FN:18,(anonymous_0)
FN:23,(anonymous_1)
FN:26,(anonymous_2)
FN:45,(anonymous_3)
FN:53,(anonymous_4)
FN:61,(anonymous_5)
FN:63,(anonymous_6)
FN:80,(anonymous_7)
FN:82,(anonymous_8)
FN:92,(anonymous_9)
FN:100,(anonymous_10)
FN:108,(anonymous_11)
FN:116,(anonymous_12)
FNF:13
FNH:13
FNDA:3,(anonymous_0)
FNDA:12,(anonymous_1)
FNDA:13,(anonymous_2)
FNDA:1,(anonymous_3)
FNDA:1,(anonymous_4)
FNDA:1,(anonymous_5)
FNDA:6,(anonymous_6)
FNDA:1,(anonymous_7)
FNDA:2,(anonymous_8)
FNDA:1,(anonymous_9)
FNDA:1,(anonymous_10)
FNDA:1,(anonymous_11)
FNDA:1,(anonymous_12)
DA:7,1
DA:11,3
DA:19,3
DA:20,3
DA:21,3
DA:23,3
DA:25,12
DA:26,12
DA:27,13
DA:28,13
DA:29,12
DA:30,9
DA:33,13
DA:34,4
DA:35,4
DA:37,13
DA:46,1
DA:54,1
DA:62,1
DA:63,1
DA:64,6
DA:66,1
DA:67,1
DA:68,1
DA:69,1
DA:70,1
DA:71,1
DA:73,1
DA:81,1
DA:82,1
DA:83,2
DA:85,1
DA:93,1
DA:101,1
DA:102,1
DA:109,1
DA:117,1
DA:118,1
LF:38
LH:38
BRDA:29,0,0,9
BRDA:29,0,1,3
BRDA:33,1,0,4
BRDA:33,1,1,9
BRF:4
BRH:4
end_of_record
