TN:
SF:src/index.ts
FNF:0
FNH:0
DA:1,1
DA:2,1
DA:3,1
DA:4,1
DA:5,1
DA:6,1
DA:9,1
DA:10,1
DA:11,1
DA:12,1
DA:13,1
DA:14,1
DA:15,1
DA:16,1
DA:17,1
DA:18,1
DA:19,1
DA:21,1
DA:22,1
DA:23,1
DA:24,1
DA:25,1
DA:26,1
DA:27,1
DA:28,1
DA:29,1
DA:30,1
DA:31,1
DA:32,1
DA:33,1
DA:34,1
DA:35,1
DA:36,1
DA:37,1
DA:38,1
DA:39,1
DA:40,1
DA:41,1
DA:42,1
DA:43,1
DA:44,1
DA:45,1
DA:46,1
DA:47,1
DA:48,1
DA:49,1
DA:50,1
DA:51,1
DA:52,1
DA:53,1
DA:54,1
DA:55,1
DA:56,1
DA:57,1
DA:58,1
DA:59,1
DA:60,1
DA:61,1
DA:64,1
DA:65,1
DA:66,1
DA:67,1
DA:68,1
DA:69,1
DA:70,1
DA:71,1
DA:72,1
DA:74,1
DA:77,1
DA:78,1
DA:79,1
DA:80,1
DA:81,1
DA:82,1
DA:83,1
DA:84,1
DA:85,1
DA:86,1
DA:87,1
DA:88,1
DA:89,1
DA:90,1
DA:91,1
DA:93,1
DA:94,1
DA:95,1
DA:96,1
DA:97,1
DA:98,1
DA:99,1
DA:100,1
DA:102,1
DA:103,1
DA:104,1
DA:105,1
DA:106,1
DA:107,1
DA:109,1
DA:110,1
DA:111,1
DA:113,1
DA:114,1
DA:115,1
DA:116,1
DA:118,1
DA:119,1
DA:121,1
DA:122,1
DA:123,1
DA:125,1
DA:128,1
DA:129,1
DA:130,1
DA:131,1
DA:132,1
DA:133,1
DA:135,1
DA:138,1
DA:139,1
DA:140,1
DA:141,1
DA:142,1
DA:143,1
DA:144,1
DA:145,1
DA:146,1
DA:147,1
DA:148,1
DA:149,1
DA:150,1
DA:151,1
DA:152,1
DA:154,1
DA:158,1
DA:159,1
DA:160,1
DA:161,1
DA:162,1
DA:163,1
DA:167,1
DA:168,1
DA:169,1
DA:170,1
DA:171,1
DA:172,1
DA:173,1
DA:174,1
DA:175,1
DA:176,1
DA:177,1
DA:178,1
DA:179,1
DA:180,1
DA:181,1
DA:183,1
DA:184,1
DA:185,1
DA:186,1
DA:187,1
DA:188,1
DA:189,1
DA:190,1
DA:192,1
DA:193,1
DA:194,1
DA:195,1
DA:196,1
DA:197,1
DA:199,1
DA:200,1
DA:201,1
DA:203,1
DA:204,1
DA:205,1
DA:206,1
DA:208,1
DA:209,1
DA:211,1
DA:212,1
DA:213,1
DA:219,1
DA:220,1
DA:221,1
DA:222,1
DA:223,1
DA:224,1
DA:225,1
DA:226,1
LF:188
LH:188
BRF:0
BRH:0
end_of_record
TN:
SF:src/clases/album.ts
FN:36,(anonymous_0)
FN:46,(anonymous_1)
FN:57,(anonymous_2)
FN:64,(anonymous_3)
FN:75,(anonymous_4)
FN:77,(anonymous_5)
FN:87,(anonymous_6)
FN:95,(anonymous_7)
FN:103,(anonymous_8)
FN:111,(anonymous_9)
FN:124,(anonymous_10)
FN:133,(anonymous_11)
FN:141,(anonymous_12)
FNF:13
FNH:13
FNDA:15,(anonymous_0)
FNDA:22,(anonymous_1)
FNDA:3,(anonymous_2)
FNDA:2,(anonymous_3)
FNDA:1,(anonymous_4)
FNDA:2,(anonymous_5)
FNDA:1,(anonymous_6)
FNDA:1,(anonymous_7)
FNDA:1,(anonymous_8)
FNDA:2,(anonymous_9)
FNDA:1,(anonymous_10)
FNDA:1,(anonymous_11)
FNDA:1,(anonymous_12)
DA:2,1
DA:28,1
DA:38,15
DA:39,15
DA:40,15
DA:41,15
DA:42,15
DA:43,15
DA:44,9
DA:46,15
DA:47,22
DA:58,3
DA:65,2
DA:66,1
DA:68,1
DA:76,1
DA:77,1
DA:78,2
DA:80,1
DA:88,1
DA:96,1
DA:104,1
DA:112,2
DA:113,1
DA:115,1
DA:125,1
DA:126,1
DA:134,1
DA:142,1
DA:143,1
LF:30
LH:30
BRDA:43,0,0,9
BRDA:43,0,1,6
BRDA:65,1,0,1
BRDA:65,1,1,1
BRDA:112,2,0,1
BRDA:112,2,1,1
BRF:6
BRH:6
end_of_record
TN:
SF:src/clases/artistas.ts
FN:41,(anonymous_0)
FN:51,(anonymous_1)
FN:56,(anonymous_2)
FN:59,(anonymous_3)
FN:73,(anonymous_4)
FN:81,(anonymous_5)
FN:89,(anonymous_6)
FN:110,(anonymous_7)
FN:112,(anonymous_8)
FN:122,(anonymous_9)
FN:133,(anonymous_10)
FN:135,(anonymous_11)
FN:145,(anonymous_12)
FN:147,(anonymous_13)
FN:157,(anonymous_14)
FN:165,(anonymous_15)
FN:173,(anonymous_16)
FN:181,(anonymous_17)
FN:189,(anonymous_18)
FN:198,(anonymous_19)
FN:207,(anonymous_20)
FN:215,(anonymous_21)
FN:226,(anonymous_22)
FN:235,(anonymous_23)
FN:243,(anonymous_24)
FNF:25
FNH:22
FNDA:41,(anonymous_0)
FNDA:41,(anonymous_1)
FNDA:112,(anonymous_2)
FNDA:138,(anonymous_3)
FNDA:56,(anonymous_4)
FNDA:3,(anonymous_5)
FNDA:2,(anonymous_6)
FNDA:1,(anonymous_7)
FNDA:2,(anonymous_8)
FNDA:1,(anonymous_9)
FNDA:1,(anonymous_10)
FNDA:2,(anonymous_11)
FNDA:0,(anonymous_12)
FNDA:0,(anonymous_13)
FNDA:1,(anonymous_14)
FNDA:71,(anonymous_15)
FNDA:1,(anonymous_16)
FNDA:2,(anonymous_17)
FNDA:27,(anonymous_18)
FNDA:1,(anonymous_19)
FNDA:1,(anonymous_20)
FNDA:1,(anonymous_21)
FNDA:0,(anonymous_22)
FNDA:9,(anonymous_23)
FNDA:42,(anonymous_24)
DA:32,1
DA:34,41
DA:35,41
DA:36,41
DA:37,41
DA:39,41
DA:42,41
DA:53,41
DA:54,41
DA:56,41
DA:58,112
DA:59,112
DA:60,138
DA:61,138
DA:62,158
DA:63,82
DA:66,138
DA:67,56
DA:68,56
DA:70,138
DA:73,41
DA:74,56
DA:82,3
DA:91,2
DA:111,1
DA:112,1
DA:113,2
DA:115,1
DA:124,1
DA:134,1
DA:135,1
DA:136,2
DA:138,1
DA:146,0
DA:147,0
DA:148,0
DA:150,0
DA:158,1
DA:166,71
DA:174,1
DA:182,2
DA:183,2
DA:190,27
DA:191,27
DA:199,1
DA:200,1
DA:208,1
DA:209,1
DA:216,1
DA:217,1
DA:218,1
DA:227,0
DA:228,0
DA:236,9
DA:244,42
DA:245,42
DA:246,28
DA:248,42
LF:58
LH:52
BRDA:62,0,0,82
BRDA:62,0,1,76
BRDA:66,1,0,56
BRDA:66,1,1,82
BRF:4
BRH:4
end_of_record
TN:
SF:src/clases/cancion.ts
FN:30,(anonymous_0)
FN:32,(anonymous_1)
FN:41,(anonymous_2)
FN:49,(anonymous_3)
FN:57,(anonymous_4)
FN:64,(anonymous_5)
FN:69,(anonymous_6)
FN:76,(anonymous_7)
FN:78,(anonymous_8)
FN:88,(anonymous_9)
FN:96,(anonymous_10)
FN:104,(anonymous_11)
FN:112,(anonymous_12)
FN:120,(anonymous_13)
FN:128,(anonymous_14)
FN:137,(anonymous_15)
FN:145,(anonymous_16)
FN:149,(anonymous_17)
FN:152,(anonymous_18)
FNF:19
FNH:17
FNDA:50,(anonymous_0)
FNDA:65,(anonymous_1)
FNDA:4,(anonymous_2)
FNDA:1,(anonymous_3)
FNDA:1,(anonymous_4)
FNDA:31,(anonymous_5)
FNDA:137,(anonymous_6)
FNDA:1,(anonymous_7)
FNDA:2,(anonymous_8)
FNDA:1,(anonymous_9)
FNDA:1,(anonymous_10)
FNDA:1,(anonymous_11)
FNDA:1,(anonymous_12)
FNDA:1,(anonymous_13)
FNDA:1,(anonymous_14)
FNDA:1,(anonymous_15)
FNDA:1,(anonymous_16)
FNDA:0,(anonymous_17)
FNDA:0,(anonymous_18)
DA:23,1
DA:30,50
DA:31,50
DA:32,50
DA:33,65
DA:42,4
DA:50,1
DA:58,1
DA:65,31
DA:66,31
DA:67,31
DA:70,137
DA:77,1
DA:78,1
DA:79,2
DA:81,1
DA:89,1
DA:97,1
DA:105,1
DA:113,1
DA:121,1
DA:129,1
DA:130,1
DA:138,1
DA:146,1
DA:150,0
DA:152,0
DA:153,0
DA:156,0
DA:159,0
LF:30
LH:25
BRF:0
BRH:0
end_of_record
TN:
SF:src/clases/generosMusicales.ts
FN:29,(anonymous_0)
FN:36,(anonymous_1)
FN:44,(anonymous_2)
FN:52,(anonymous_3)
FN:60,(anonymous_4)
FN:68,(anonymous_5)
FN:76,(anonymous_6)
FN:84,(anonymous_7)
FN:92,(anonymous_8)
FN:100,(anonymous_9)
FN:108,(anonymous_10)
FN:116,(anonymous_11)
FN:124,(anonymous_12)
FN:132,(anonymous_13)
FN:140,(anonymous_14)
FNF:15
FNH:15
FNDA:10,(anonymous_0)
FNDA:11,(anonymous_1)
FNDA:1,(anonymous_2)
FNDA:1,(anonymous_3)
FNDA:1,(anonymous_4)
FNDA:1,(anonymous_5)
FNDA:1,(anonymous_6)
FNDA:1,(anonymous_7)
FNDA:8,(anonymous_8)
FNDA:1,(anonymous_9)
FNDA:56,(anonymous_10)
FNDA:1,(anonymous_11)
FNDA:22,(anonymous_12)
FNDA:1,(anonymous_13)
FNDA:65,(anonymous_14)
DA:22,1
DA:24,10
DA:25,10
DA:26,10
DA:27,10
DA:30,10
DA:37,11
DA:45,1
DA:53,1
DA:61,1
DA:69,1
DA:77,1
DA:85,1
DA:86,1
DA:93,8
DA:101,1
DA:102,1
DA:109,56
DA:117,1
DA:118,1
DA:125,22
DA:133,1
DA:134,1
DA:141,65
LF:24
LH:24
BRF:0
BRH:0
end_of_record
TN:
SF:src/clases/grupos.ts
FN:32,(anonymous_0)
FN:45,(anonymous_1)
FN:51,(anonymous_2)
FN:54,(anonymous_3)
FN:65,(anonymous_4)
FN:75,(anonymous_5)
FN:83,(anonymous_6)
FN:91,(anonymous_7)
FN:93,(anonymous_8)
FN:103,(anonymous_9)
FN:111,(anonymous_10)
FN:119,(anonymous_11)
FN:128,(anonymous_12)
FN:137,(anonymous_13)
FN:146,(anonymous_14)
FN:156,(anonymous_15)
FN:165,(anonymous_16)
FNF:17
FNH:17
FNDA:6,(anonymous_0)
FNDA:6,(anonymous_1)
FNDA:8,(anonymous_2)
FNDA:27,(anonymous_3)
FNDA:3,(anonymous_4)
FNDA:1,(anonymous_5)
FNDA:1,(anonymous_6)
FNDA:1,(anonymous_7)
FNDA:2,(anonymous_8)
FNDA:1,(anonymous_9)
FNDA:1,(anonymous_10)
FNDA:1,(anonymous_11)
FNDA:1,(anonymous_12)
FNDA:1,(anonymous_13)
FNDA:1,(anonymous_14)
FNDA:1,(anonymous_15)
FNDA:1,(anonymous_16)
DA:24,1
DA:33,6
DA:46,6
DA:47,6
DA:48,6
DA:49,6
DA:50,6
DA:51,6
DA:52,8
DA:54,6
DA:55,27
DA:66,3
DA:76,1
DA:84,1
DA:92,1
DA:93,1
DA:94,2
DA:96,1
DA:104,1
DA:112,1
DA:120,1
DA:129,1
DA:130,1
DA:138,1
DA:147,1
DA:148,1
DA:157,1
DA:158,1
DA:166,1
LF:29
LH:29
BRF:0
BRH:0
end_of_record
TN:
SF:src/clases/playlist.ts
FN:18,(anonymous_0)
FN:23,(anonymous_1)
FN:26,(anonymous_2)
FN:41,(anonymous_3)
FN:55,(anonymous_4)
FN:63,(anonymous_5)
FN:70,(anonymous_6)
FN:72,(anonymous_7)
FN:82,(anonymous_8)
FN:84,(anonymous_9)
FN:101,(anonymous_10)
FN:103,(anonymous_11)
FN:108,(anonymous_12)
FN:116,(anonymous_13)
FN:124,(anonymous_14)
FN:132,(anonymous_15)
FN:140,(anonymous_16)
FNF:17
FNH:14
FNDA:7,(anonymous_0)
FNDA:24,(anonymous_1)
FNDA:27,(anonymous_2)
FNDA:24,(anonymous_3)
FNDA:1,(anonymous_4)
FNDA:1,(anonymous_5)
FNDA:0,(anonymous_6)
FNDA:0,(anonymous_7)
FNDA:1,(anonymous_8)
FNDA:6,(anonymous_9)
FNDA:1,(anonymous_10)
FNDA:2,(anonymous_11)
FNDA:0,(anonymous_12)
FNDA:1,(anonymous_13)
FNDA:1,(anonymous_14)
FNDA:1,(anonymous_15)
FNDA:1,(anonymous_16)
DA:7,1
DA:11,7
DA:19,7
DA:20,7
DA:23,7
DA:25,24
DA:26,24
DA:27,27
DA:28,27
DA:29,30
DA:30,9
DA:33,27
DA:34,18
DA:35,18
DA:37,27
DA:40,7
DA:41,7
DA:42,24
DA:44,7
DA:45,7
DA:46,7
DA:47,7
DA:48,7
DA:49,7
DA:56,1
DA:64,1
DA:71,0
DA:72,0
DA:73,0
DA:75,0
DA:83,1
DA:84,1
DA:85,6
DA:87,1
DA:88,1
DA:89,1
DA:90,1
DA:91,1
DA:92,1
DA:94,1
DA:102,1
DA:103,1
DA:104,2
DA:106,1
DA:109,0
DA:117,1
DA:125,1
DA:126,1
DA:133,1
DA:141,1
DA:142,1
LF:51
LH:46
BRDA:29,0,0,9
BRDA:29,0,1,21
BRDA:33,1,0,18
BRDA:33,1,1,9
BRF:4
BRH:4
end_of_record
